ASxxxx Assembler V02.00 + NoICE + SDCC mods  (Zilog Z80 / Hitachi HD64180), page 1.
Hexadecimal [16-Bits]



                              1 ;; File 'assets/screens/final_screen_z.s' generated using cpct_pack
                              2 ;; Compresor used:   zx7b
                              3 ;; Files compressed: [ 'assets/screens/final_screen.bin' ]
                              4 ;; Uncompressed:     16384 bytes
                              5 ;; Compressed:       1852 bytes
                              6 ;; Space saved:      14532 bytes
                              7 ;;
                              8 
                              9 ;; Data array definition
   0000                      10 _final_screen_z::
   0000 60 55 D5 FF 07 14    11    .db  0x60, 0x55, 0xd5, 0xff, 0x07, 0x14, 0x16, 0x3c, 0x10, 0xd0, 0x3f, 0x58, 0x06, 0x0f, 0x1b, 0xc0
        16 3C 10 D0 3F 58
        06 0F 1B C0
   0010 42 FF FA 3F 0A B7    12    .db  0x42, 0xff, 0xfa, 0x3f, 0x0a, 0xb7, 0x08, 0xde, 0xff, 0x79, 0x47, 0xff, 0x9e, 0x00, 0xae, 0xff
        08 DE FF 79 47 FF
        9E 00 AE FF
   0020 1E 28 07 03 F8 B7    13    .db  0x1e, 0x28, 0x07, 0x03, 0xf8, 0xb7, 0x7b, 0x70, 0xec, 0xf8, 0xff, 0xfb, 0x28, 0xf3, 0x03, 0xea
        7B 70 EC F8 FF FB
        28 F3 03 EA
   0030 82 4F 8B FF 8B 19    14    .db  0x82, 0x4f, 0x8b, 0xff, 0x8b, 0x19, 0xd1, 0xf3, 0x06, 0x64, 0xf3, 0xe5, 0xaf, 0x81, 0x00, 0xfd
        D1 F3 06 64 F3 E5
        AF 81 00 FD
   0040 00 88 D9 1E 95 45    15    .db  0x00, 0x88, 0xd9, 0x1e, 0x95, 0x45, 0xae, 0x1e, 0x50, 0xea, 0xaf, 0xbe, 0x20, 0xe8, 0x25, 0x8f
        AE 1E 50 EA AF BE
        20 E8 25 8F
   0050 F6 82 28 FE 4E 0B    16    .db  0xf6, 0x82, 0x28, 0xfe, 0x4e, 0x0b, 0x51, 0xf4, 0xd4, 0xbf, 0xde, 0x12, 0xc5, 0x63, 0x44, 0xe6
        51 F4 D4 BF DE 12
        C5 63 44 E6
   0060 59 95 54 E9 99 43    17    .db  0x59, 0x95, 0x54, 0xe9, 0x99, 0x43, 0xff, 0xfa, 0xaa, 0x25, 0xaa, 0x50, 0x4b, 0x7e, 0x95, 0x91
        FF FA AA 25 AA 50
        4B 7E 95 91
   0070 EC FF FE FB 4C 18    18    .db  0xec, 0xff, 0xfe, 0xfb, 0x4c, 0x18, 0x6a, 0xb6, 0x3c, 0x95, 0x21, 0xec, 0x8c, 0x51, 0x9a, 0x54
        6A B6 3C 95 21 EC
        8C 51 9A 54
   0080 8A 92 90 E4 10 80    19    .db  0x8a, 0x92, 0x90, 0xe4, 0x10, 0x80, 0xe4, 0xff, 0x81, 0xaa, 0xd9, 0xab, 0xff, 0x87, 0x80, 0xc0
        E4 FF 81 AA D9 AB
        FF 87 80 C0
   0090 05 4C 02 4C 4C 78    20    .db  0x05, 0x4c, 0x02, 0x4c, 0x4c, 0x78, 0x8c, 0x88, 0xc0, 0xff, 0xf0, 0x10, 0x06, 0xa8, 0x00, 0x90
        8C 88 C0 FF F0 10
        06 A8 00 90
   00A0 AF 3D 54 0C 56 E4    21    .db  0xaf, 0x3d, 0x54, 0x0c, 0x56, 0xe4, 0xe0, 0x5e, 0x36, 0xc4, 0xc4, 0xb5, 0x28, 0xe4, 0xff, 0x03
        E0 5E 36 C4 C4 B5
        28 E4 FF 03
   00B0 02 EE B3 5C 08 45    22    .db  0x02, 0xee, 0xb3, 0x5c, 0x08, 0x45, 0xb3, 0x3b, 0x5b, 0xe1, 0x17, 0xe2, 0x00, 0x0b, 0x27, 0x3b
        B3 3B 5B E1 17 E2
        00 0B 27 3B
   00C0 BE A8 AE 82 55 FF    23    .db  0xbe, 0xa8, 0xae, 0x82, 0x55, 0xff, 0x0f, 0x00, 0xc1, 0xfe, 0xf5, 0x04, 0x40, 0x12, 0xb4, 0x9b
        0F 00 C1 FE F5 04
        40 12 B4 9B
   00D0 87 B5 BB FE A7 4F    24    .db  0x87, 0xb5, 0xbb, 0xfe, 0xa7, 0x4f, 0x89, 0x08, 0xe0, 0xff, 0x1e, 0x28, 0x88, 0x5a, 0xab, 0x07
        89 08 E0 FF 1E 28
        88 5A AB 07
   00E0 79 0B A6 14 13 3C    25    .db  0x79, 0x0b, 0xa6, 0x14, 0x13, 0x3c, 0x10, 0x03, 0xb6, 0x3c, 0x9f, 0x94, 0xdf, 0xff, 0x79, 0x47
        10 03 B6 3C 9F 94
        DF FF 79 47
ASxxxx Assembler V02.00 + NoICE + SDCC mods  (Zilog Z80 / Hitachi HD64180), page 2.
Hexadecimal [16-Bits]



   00F0 B7 3E 9D DC 7B 7B    26    .db  0xb7, 0x3e, 0x9d, 0xdc, 0x7b, 0x7b, 0x18, 0x84, 0x3c, 0xb7, 0x10, 0xec, 0xff, 0x0b, 0x00, 0xae
        18 84 3C B7 10 EC
        FF 0B 00 AE
   0100 AA FF 0F DC F6 88    27    .db  0xaa, 0xff, 0x0f, 0xdc, 0xf6, 0x88, 0xff, 0x1e, 0xa0, 0x18, 0x05, 0x71, 0x4e, 0xb2, 0xb6, 0xf7
        FF 1E A0 18 05 71
        4E B2 B6 F7
   0110 24 9E FF AF EA CF    28    .db  0x24, 0x9e, 0xff, 0xaf, 0xea, 0xcf, 0xaf, 0x01, 0xe0, 0x13, 0x60, 0xf3, 0x12, 0x6a, 0xeb, 0xf4
        AF 01 E0 13 60 F3
        12 6A EB F4
   0120 D1 E5 E5 03 39 F3    29    .db  0xd1, 0xe5, 0xe5, 0x03, 0x39, 0xf3, 0x50, 0x0a, 0x1e, 0x5d, 0x54, 0x4f, 0xd4, 0x00, 0xa3, 0x4e
        50 0A 1E 5D 54 4F
        D4 00 A3 4E
   0130 B8 2D 50 07 51 40    30    .db  0xb8, 0x2d, 0x50, 0x07, 0x51, 0x40, 0x3c, 0xba, 0x01, 0x48, 0x07, 0x80, 0x3f, 0xff, 0x3d, 0x4c
        3C BA 01 48 07 80
        3F FF 3D 4C
   0140 C1 FF 7D 00 50 53    31    .db  0xc1, 0xff, 0x7d, 0x00, 0x50, 0x53, 0xdc, 0xf7, 0xb7, 0x11, 0x52, 0x6a, 0x3c, 0x00, 0x72, 0x32
        DC F7 B7 11 52 6A
        3C 00 72 32
   0150 F8 C9 FF FB A8 E3    32    .db  0xf8, 0xc9, 0xff, 0xfb, 0xa8, 0xe3, 0x12, 0xfd, 0xff, 0x00, 0x02, 0xf2, 0x56, 0x3e, 0x3c, 0x55
        12 FD FF 00 02 F2
        56 3E 3C 55
   0160 FF 05 FE 4C CF 04    33    .db  0xff, 0x05, 0xfe, 0x4c, 0xcf, 0x04, 0x80, 0xe4, 0xff, 0x2b, 0x00, 0x28, 0xeb, 0xd2, 0xff, 0x47
        80 E4 FF 2B 00 28
        EB D2 FF 47
   0170 D5 AE 57 FD 37 C1    34    .db  0xd5, 0xae, 0x57, 0xfd, 0x37, 0xc1, 0xb2, 0xd1, 0x58, 0x3c, 0xff, 0x7c, 0x04, 0x0f, 0x01, 0xf4
        B2 D1 58 3C FF 7C
        04 0F 01 F4
   0180 81 AF FF A7 68 DF    35    .db  0x81, 0xaf, 0xff, 0xa7, 0x68, 0xdf, 0xaf, 0x80, 0x5c, 0x0c, 0x00, 0x00, 0xc2, 0xfe, 0xbe, 0x0c
        AF 80 5C 0C 00 00
        C2 FE BE 0C
   0190 AC 15 C4 E8 FF 7D    36    .db  0xac, 0x15, 0xc4, 0xe8, 0xff, 0x7d, 0x14, 0xb4, 0x00, 0xbd, 0x9a, 0xff, 0xfb, 0xa0, 0x0c, 0x2a
        14 B4 00 BD 9A FF
        FB A0 0C 2A
   01A0 FF BE AC 00 27 15    37    .db  0xff, 0xbe, 0xac, 0x00, 0x27, 0x15, 0x40, 0x2c, 0x3d, 0x80, 0xff, 0xaa, 0xb9, 0x2f, 0xe8, 0xfe
        40 2C 3D 80 FF AA
        B9 2F E8 FE
   01B0 21 D6 E6 E8 FF 23    38    .db  0x21, 0xd6, 0xe6, 0xe8, 0xff, 0x23, 0x54, 0x00, 0x68, 0x22, 0x2e, 0x3d, 0x51, 0xea, 0x00, 0x4d
        54 00 68 22 2E 3D
        51 EA 00 4D
   01C0 FC BD C4 3D 40 FF    39    .db  0xfc, 0xbd, 0xc4, 0x3d, 0x40, 0xff, 0xf2, 0x10, 0x54, 0xfd, 0xf4, 0x00, 0x35, 0x09, 0xd0, 0x02
        F2 10 54 FD F4 00
        35 09 D0 02
   01D0 CD 93 4F 16 03 3C    40    .db  0xcd, 0x93, 0x4f, 0x16, 0x03, 0x3c, 0xcd, 0xf4, 0x79, 0x19, 0xb7, 0xe6, 0x87, 0x3f, 0xe4, 0x3c
        CD F4 79 19 B7 E6
        87 3F E4 3C
   01E0 3D 7B D9 F1 3D 91    41    .db  0x3d, 0x7b, 0xd9, 0xf1, 0x3d, 0x91, 0xff, 0xaf, 0x05, 0x81, 0xff, 0xe8, 0xff, 0x21, 0x21, 0x03
        FF AF 05 81 FF E8
        FF 21 21 03
   01F0 20 AF 3E 03 12 88    42    .db  0x20, 0xaf, 0x3e, 0x03, 0x12, 0x88, 0xff, 0xaf, 0x80, 0x4f, 0xff, 0xfb, 0x28, 0x4f, 0x38, 0x08
        FF AF 80 4F FF FB
        28 4F 38 08
   0200 EA 07 05 0F 7B 12    43    .db  0xea, 0x07, 0x05, 0x0f, 0x7b, 0x12, 0x07, 0xfa, 0x12, 0xd1, 0x03, 0xae, 0x07, 0xe2, 0x02, 0xd3
        07 FA 12 D1 03 AE
        07 E2 02 D3
   0210 04 B9 F9 09 9F 8B    44    .db  0x04, 0xb9, 0xf9, 0x09, 0x9f, 0x8b, 0x6a, 0xc4, 0x62, 0xaa, 0x51, 0x40, 0xdf, 0x3a, 0x41, 0x00
ASxxxx Assembler V02.00 + NoICE + SDCC mods  (Zilog Z80 / Hitachi HD64180), page 3.
Hexadecimal [16-Bits]



        6A C4 62 AA 51 40
        DF 3A 41 00
   0220 FF F9 0A 49 AE 3E    45    .db  0xff, 0xf9, 0x0a, 0x49, 0xae, 0x3e, 0x28, 0x15, 0xb2, 0x0a, 0xe8, 0xff, 0x4e, 0x6b, 0x80, 0x50
        28 15 B2 0A E8 FF
        4E 6B 80 50
   0230 FF 9E FF 22 80 52    46    .db  0xff, 0x9e, 0xff, 0x22, 0x80, 0x52, 0x4b, 0x23, 0x54, 0x3c, 0x0d, 0xae, 0xc0, 0xea, 0x1f, 0x3a
        4B 23 54 3C 0D AE
        C0 EA 1F 3A
   0240 FF 3D 04 BC E4 FF    47    .db  0xff, 0x3d, 0x04, 0xbc, 0xe4, 0xff, 0x81, 0x54, 0x48, 0x95, 0xf2, 0x86, 0x54, 0xff, 0x7d, 0xfc
        81 54 48 95 F2 86
        54 FF 7D FC
   0250 E5 FF A9 A2 FE 0A    48    .db  0xe5, 0xff, 0xa9, 0xa2, 0xfe, 0x0a, 0x40, 0x2f, 0x00, 0x14, 0x68, 0xff, 0xf0, 0x55, 0xb5, 0xe4
        40 2F 00 14 68 FF
        F0 55 B5 E4
   0260 FF 21 4E 04 4F 3A    49    .db  0xff, 0x21, 0x4e, 0x04, 0x4f, 0x3a, 0x8c, 0xff, 0xf9, 0x82, 0x8e, 0xf6, 0xa8, 0x92, 0xa3, 0xac
        8C FF F9 82 8E F6
        A8 92 A3 AC
   0270 80 7E CC FE F9 5C    50    .db  0x80, 0x7e, 0xcc, 0xfe, 0xf9, 0x5c, 0x50, 0xc2, 0xf2, 0xb0, 0x7b, 0x28, 0x1d, 0xae, 0xa5, 0xae
        50 C2 F2 B0 7B 28
        1D AE A5 AE
   0280 15 2F 5C 4A AC 0C    51    .db  0x15, 0x2f, 0x5c, 0x4a, 0xac, 0x0c, 0x5c, 0xa8, 0x50, 0x10, 0xb5, 0xff, 0xf2, 0x54, 0x45, 0x9a
        5C A8 50 10 B5 FF
        F2 54 45 9A
   0290 9F A4 FA AA E6 0F    52    .db  0x9f, 0xa4, 0xfa, 0xaa, 0xe6, 0x0f, 0xfc, 0x51, 0x1a, 0xd9, 0xe5, 0x01, 0xa0, 0x4f, 0x8d, 0x40
        FC 51 1A D9 E5 01
        A0 4F 8D 40
   02A0 54 2A 9C BE FE BD    53    .db  0x54, 0x2a, 0x9c, 0xbe, 0xfe, 0xbd, 0xd8, 0x9d, 0x00, 0xff, 0x3c, 0x51, 0x40, 0xba, 0x5f, 0x14
        D8 9D 00 FF 3C 51
        40 BA 5F 14
   02B0 FE 3D 40 45 FF 5F    54    .db  0xfe, 0x3d, 0x40, 0x45, 0xff, 0x5f, 0x00, 0x47, 0x09, 0x0b, 0xdc, 0x06, 0x0d, 0x07, 0xfd, 0x03
        00 47 09 0B DC 06
        0D 07 FD 03
   02C0 0B 16 5F 06 24 03    55    .db  0x0b, 0x16, 0x5f, 0x06, 0x24, 0x03, 0x6f, 0x29, 0x03, 0x00, 0x3c, 0x19, 0xb2, 0x3c, 0xf3, 0x11
        6F 29 03 00 3C 19
        B2 3C F3 11
   02D0 FF 0F 00 C1 55 30    56    .db  0xff, 0x0f, 0x00, 0xc1, 0x55, 0x30, 0x07, 0xb4, 0xb0, 0xaf, 0x00, 0x0b, 0x30, 0x00, 0x5a, 0x00
        07 B4 B0 AF 00 0B
        30 00 5A 00
   02E0 AF 7D 44 FF 3D 50    57    .db  0xaf, 0x7d, 0x44, 0xff, 0x3d, 0x50, 0x54, 0xe5, 0xff, 0x23, 0x40, 0xca, 0xff, 0x07, 0x00, 0x15
        54 E5 FF 23 40 CA
        FF 07 00 15
   02F0 B3 8B B5 3C F2 80    58    .db  0xb3, 0x8b, 0xb5, 0x3c, 0xf2, 0x80, 0xdf, 0x77, 0x80, 0x00, 0x4c, 0x4e, 0x1e, 0xd4, 0xff, 0x43
        DF 77 80 00 4C 4E
        1E D4 FF 43
   0300 E9 58 51 74 7E BC    59    .db  0xe9, 0x58, 0x51, 0x74, 0x7e, 0xbc, 0x28, 0x00, 0x74, 0x21, 0x4a, 0xdd, 0xff, 0x17, 0x14, 0x79
        28 00 74 21 4A DD
        FF 17 14 79
   0310 40 80 05 E5 19 FF    60    .db  0x40, 0x80, 0x05, 0xe5, 0x19, 0xff, 0x3d, 0x01, 0xe7, 0x7b, 0xba, 0x09, 0x4c, 0x07, 0x80, 0x54
        3D 01 E7 7B BA 09
        4C 07 80 54
   0320 F8 10 FF 3E 82 E5    61    .db  0xf8, 0x10, 0xff, 0x3e, 0x82, 0xe5, 0x9d, 0x28, 0x9e, 0x8c, 0xb5, 0x22, 0xff, 0x4f, 0x80, 0x05
        9D 28 9E 8C B5 22
        FF 4F 80 05
   0330 0F 11 0D 0D 0A 30    62    .db  0x0f, 0x11, 0x0d, 0x0d, 0x0a, 0x30, 0xe0, 0xff, 0x29, 0x80, 0x00, 0xa0, 0xcc, 0xd5, 0xcb, 0x8e
        E0 FF 29 80 00 A0
ASxxxx Assembler V02.00 + NoICE + SDCC mods  (Zilog Z80 / Hitachi HD64180), page 4.
Hexadecimal [16-Bits]



        CC D5 CB 8E
   0340 4F 2E 3C 3E 20 EB    63    .db  0x4f, 0x2e, 0x3c, 0x3e, 0x20, 0xeb, 0x3f, 0x28, 0x3b, 0x92, 0x3a, 0x5c, 0x06, 0x08, 0x6a, 0x44
        3F 28 3B 92 3A 5C
        06 08 6A 44
   0350 CC 88 04 0C 4B 60    64    .db  0xcc, 0x88, 0x04, 0x0c, 0x4b, 0x60, 0x9b, 0x50, 0x33, 0xfe, 0x5e, 0x75, 0xfe, 0x3d, 0x04, 0x85
        9B 50 33 FE 5E 75
        FE 3D 04 85
   0360 23 A4 35 A0 AC 5C    65    .db  0x23, 0xa4, 0x35, 0xa0, 0xac, 0x5c, 0x15, 0x0c, 0x34, 0xff, 0xf6, 0x05, 0x83, 0x3f, 0x50, 0x91
        15 0C 34 FF F6 05
        83 3F 50 91
   0370 BB 0F 70 EE FD AB    66    .db  0xbb, 0x0f, 0x70, 0xee, 0xfd, 0xab, 0xff, 0x0f, 0xa2, 0x92, 0xa0, 0x40, 0x3e, 0xff, 0x3e, 0x8a
        FF 0F A2 92 A0 40
        3E FF 3E 8A
   0380 44 E0 AA 57 E6 EA    67    .db  0x44, 0xe0, 0xaa, 0x57, 0xe6, 0xea, 0x00, 0x74, 0x15, 0x4d, 0xc5, 0x80, 0x3f, 0x14, 0x53, 0xe4
        00 74 15 4D C5 80
        3F 14 53 E4
   0390 FF 8B A3 FF 3C 51    68    .db  0xff, 0x8b, 0xa3, 0xff, 0x3c, 0x51, 0x18, 0x11, 0xad, 0x71, 0xff, 0x7c, 0xb2, 0x00, 0x95, 0x30
        18 11 AD 71 FF 7C
        B2 00 95 30
   03A0 24 E2 FF AB 4E 6A    69    .db  0x24, 0xe2, 0xff, 0xab, 0x4e, 0x6a, 0x50, 0xba, 0x45, 0xed, 0x39, 0x1f, 0x0f, 0x77, 0x16, 0x0b
        50 BA 45 ED 39 1F
        0F 77 16 0B
   03B0 7D EB F5 B0 E5 DA    70    .db  0x7d, 0xeb, 0xf5, 0xb0, 0xe5, 0xda, 0x7d, 0x0d, 0x1d, 0x95, 0xe4, 0xff, 0x21, 0x88, 0x00, 0xff
        7D 0D 1D 95 E4 FF
        21 88 00 FF
   03C0 7C 51 FE 5F 55 F4    71    .db  0x7c, 0x51, 0xfe, 0x5f, 0x55, 0xf4, 0x80, 0x4f, 0xff, 0x4f, 0xcb, 0xfd, 0xff, 0x3d, 0x3c, 0x51
        80 4F FF 4F CB FD
        FF 3D 3C 51
   03D0 50 AC FB 40 B9 22    72    .db  0x50, 0xac, 0xfb, 0x40, 0xb9, 0x22, 0x51, 0xd4, 0x3e, 0x24, 0x93, 0x6b, 0xeb, 0x22, 0xbd, 0x40
        51 D4 3E 24 93 6B
        EB 22 BD 40
   03E0 FF 7C A2 50 51 28    73    .db  0xff, 0x7c, 0xa2, 0x50, 0x51, 0x28, 0x42, 0x8c, 0x50, 0x39, 0x55, 0xff, 0x5f, 0x4c, 0x43, 0x54
        42 8C 50 39 55 FF
        5F 4C 43 54
   03F0 50 10 FF 0F 2A 41    74    .db  0x50, 0x10, 0xff, 0x0f, 0x2a, 0x41, 0x86, 0xb2, 0xff, 0x8f, 0x8a, 0xc0, 0x05, 0x0e, 0xfd, 0xf0
        86 B2 FF 8F 8A C0
        05 0E FD F0
   0400 0E 0A 24 E1 FF 23    75    .db  0x0e, 0x0a, 0x24, 0xe1, 0xff, 0x23, 0x4e, 0xe0, 0x84, 0x9f, 0x01, 0x8c, 0xfb, 0xf3, 0x8a, 0x84
        4E E0 84 9F 01 8C
        FB F3 8A 84
   0410 FF 3D 01 00 F4 82    76    .db  0xff, 0x3d, 0x01, 0x00, 0xf4, 0x82, 0xfc, 0x08, 0x00, 0x04, 0x09, 0xfc, 0xfc, 0x08, 0x7c, 0xff
        FC 08 00 04 09 FC
        FC 08 7C FF
   0420 1E A8 AA 8F 03 15    77    .db  0x1e, 0xa8, 0xaa, 0x8f, 0x03, 0x15, 0x70, 0x36, 0x57, 0x89, 0x5e, 0xa0, 0x00, 0xb4, 0xc4, 0x07
        70 36 57 89 5E A0
        00 B4 C4 07
   0430 2A C0 F2 80 29 EC    78    .db  0x2a, 0xc0, 0xf2, 0x80, 0x29, 0xec, 0xfa, 0x80, 0xa8, 0x25, 0x02, 0xba, 0xdc, 0x01, 0x40, 0x4f
        FA 80 A8 25 02 BA
        DC 01 40 4F
   0440 85 80 54 93 74 A0    79    .db  0x85, 0x80, 0x54, 0x93, 0x74, 0xa0, 0xff, 0x79, 0x2a, 0x40, 0xc8, 0xaf, 0x47, 0x41, 0xff, 0x1f
        FF 79 2A 40 C8 AF
        47 41 FF 1F
   0450 05 FF 46 34 02 57    80    .db  0x05, 0xff, 0x46, 0x34, 0x02, 0x57, 0x00, 0xda, 0xff, 0x17, 0x40, 0x07, 0x16, 0x5c, 0xf3, 0x1a
        00 DA FF 17 40 07
        16 5C F3 1A
ASxxxx Assembler V02.00 + NoICE + SDCC mods  (Zilog Z80 / Hitachi HD64180), page 5.
Hexadecimal [16-Bits]



   0460 16 13 96 C3 1F F4    81    .db  0x16, 0x13, 0x96, 0xc3, 0x1f, 0xf4, 0x07, 0x74, 0x39, 0x8a, 0xfe, 0xa3, 0x07, 0x79, 0x46, 0xf3
        07 74 39 8A FE A3
        07 79 46 F3
   0470 9E 10 53 29 FE 1F    82    .db  0x9e, 0x10, 0x53, 0x29, 0xfe, 0x1f, 0xa3, 0xe4, 0xff, 0x03, 0x82, 0x30, 0xff, 0x7c, 0x30, 0x94
        A3 E4 FF 03 82 30
        FF 7C 30 94
   0480 FF 8F 80 C0 50 46    83    .db  0xff, 0x8f, 0x80, 0xc0, 0x50, 0x46, 0x07, 0x1f, 0xdd, 0x15, 0x02, 0x37, 0x07, 0x0c, 0xe7, 0x7d
        07 1F DD 15 02 37
        07 0C E7 7D
   0490 F3 F5 86 F3 2B FF    84    .db  0xf3, 0xf5, 0x86, 0xf3, 0x2b, 0xff, 0x1f, 0x00, 0xc4, 0xff, 0xf5, 0x44, 0x80, 0x90, 0xff, 0x87
        1F 00 C4 FF F5 44
        80 90 FF 87
   04A0 C0 28 FF 1F F4 D3    85    .db  0xc0, 0x28, 0xff, 0x1f, 0xf4, 0xd3, 0x34, 0x33, 0xd4, 0xff, 0x17, 0x12, 0x0c, 0x42, 0x2a, 0xdd
        34 33 D4 FF 17 12
        0C 42 2A DD
   04B0 CB 40 4F A7 40 D1    86    .db  0xcb, 0x40, 0x4f, 0xa7, 0x40, 0xd1, 0x7f, 0xff, 0x00, 0xea, 0x81, 0x50, 0x51, 0xf7, 0xa8, 0x1f
        7F FF 00 EA 81 50
        51 F7 A8 1F
   04C0 33 55 FE 4C 24 80    87    .db  0x33, 0x55, 0xfe, 0x4c, 0x24, 0x80, 0x54, 0x3c, 0x79, 0xb6, 0x00, 0xf0, 0xa8, 0xa1, 0xff, 0xaf
        54 3C 79 B6 00 F0
        A8 A1 FF AF
   04D0 A0 8A EC FF 09 50    88    .db  0xa0, 0x8a, 0xec, 0xff, 0x09, 0x50, 0x2a, 0xff, 0x5f, 0x0f, 0x51, 0x0f, 0x8c, 0xd1, 0xfc, 0x08
        2A FF 5F 0F 51 0F
        8C D1 FC 08
   04E0 FF F2 11 02 44 4C    89    .db  0xff, 0xf2, 0x11, 0x02, 0x44, 0x4c, 0x10, 0x00, 0xeb, 0xad, 0x88, 0x01, 0xe3, 0xff, 0x21, 0x04
        10 00 EB AD 88 01
        E3 FF 21 04
   04F0 5C 20 03 FD 7B AC    90    .db  0x5c, 0x20, 0x03, 0xfd, 0x7b, 0xac, 0x10, 0x28, 0xc3, 0xfb, 0xfa, 0x1c, 0xa8, 0xb4, 0xa1, 0x89
        10 28 C3 FB FA 1C
        A8 B4 A1 89
   0500 21 AE 46 83 40 89    91    .db  0x21, 0xae, 0x46, 0x83, 0x40, 0x89, 0x78, 0x44, 0xff, 0x5f, 0x00, 0xdd, 0xfe, 0x13, 0x40, 0x91
        78 44 FF 5F 00 DD
        FE 13 40 91
   0510 B0 07 E8 FF 89 00    92    .db  0xb0, 0x07, 0xe8, 0xff, 0x89, 0x00, 0x4f, 0xa0, 0x50, 0x09, 0x4e, 0xf0, 0xd5, 0xb0, 0x53, 0x40
        4F A0 50 09 4E F0
        D5 B0 53 40
   0520 FF 0F 55 FB 4F 14    93    .db  0xff, 0x0f, 0x55, 0xfb, 0x4f, 0x14, 0xff, 0xe4, 0xff, 0x0b, 0x20, 0x0b, 0x79, 0x15, 0xa6, 0x3f
        FF E4 FF 0B 20 0B
        79 15 A6 3F
   0530 79 13 B6 F3 19 F8    94    .db  0x79, 0x13, 0xb6, 0xf3, 0x19, 0xf8, 0x07, 0xdf, 0x93, 0xfc, 0x3c, 0x0b, 0xd0, 0xb6, 0xb7, 0x67
        07 DF 93 FC 3C 0B
        D0 B6 B7 67
   0540 EC DD E9 FF E9 DF    95    .db  0xec, 0xdd, 0xe9, 0xff, 0xe9, 0xdf, 0x03, 0xff, 0xf3, 0x05, 0xf3, 0x91, 0xff, 0x0f, 0xf3, 0xff
        03 FF F3 05 F3 91
        FF 0F F3 FF
   0550 F2 04 0A 30 F3 B0    96    .db  0xf2, 0x04, 0x0a, 0x30, 0xf3, 0xb0, 0x79, 0x00, 0x30, 0x3a, 0xff, 0x4f, 0x01, 0xd1, 0x4e, 0xe2
        79 00 30 3A FF 4F
        01 D1 4E E2
   0560 4F 2D 01 D1 04 17    97    .db  0x4f, 0x2d, 0x01, 0xd1, 0x04, 0x17, 0xf5, 0x0b, 0x14, 0xf1, 0x0a, 0x75, 0xe8, 0x4f, 0xff, 0x5f
        F5 0B 14 F1 0A 75
        E8 4F FF 5F
   0570 45 AD 40 58 FF BE    98    .db  0x45, 0xad, 0x40, 0x58, 0xff, 0xbe, 0xaa, 0x3f, 0x80, 0x55, 0xa8, 0x42, 0xe0, 0x07, 0xea, 0xae
        AA 3F 80 55 A8 42
        E0 07 EA AE
   0580 21 2F A8 CE 80 3E    99    .db  0x21, 0x2f, 0xa8, 0xce, 0x80, 0x3e, 0x7f, 0xe0, 0x8e, 0x43, 0xd0, 0x4b, 0x4d, 0x1f, 0x50, 0x74
ASxxxx Assembler V02.00 + NoICE + SDCC mods  (Zilog Z80 / Hitachi HD64180), page 6.
Hexadecimal [16-Bits]



        7F E0 8E 43 D0 4B
        4D 1F 50 74
   0590 FF 0F AA 85 4D 50   100    .db  0xff, 0x0f, 0xaa, 0x85, 0x4d, 0x50, 0xa1, 0x82, 0x50, 0x3e, 0x92, 0xc9, 0x58, 0xec, 0x4c, 0xa7
        A1 82 50 3E 92 C9
        58 EC 4C A7
   05A0 14 3C 8A D7 FC CF   101    .db  0x14, 0x3c, 0x8a, 0xd7, 0xfc, 0xcf, 0xff, 0x53, 0x30, 0xe7, 0x76, 0xc3, 0x40, 0x4e, 0x96, 0x00
        FF 53 30 E7 76 C3
        40 4E 96 00
   05B0 B5 50 4A 54 FF 79   102    .db  0xb5, 0x50, 0x4a, 0x54, 0xff, 0x79, 0xaa, 0x80, 0x0e, 0x51, 0xc8, 0x4c, 0x19, 0xb1, 0x36, 0x1b
        AA 80 0E 51 C8 4C
        19 B1 36 1B
   05C0 EA FF 29 03 44 CA   103    .db  0xea, 0xff, 0x29, 0x03, 0x44, 0xca, 0x80, 0x8c, 0x27, 0xaf, 0x5f, 0xff, 0x1f, 0x00, 0xd0, 0x3c
        80 8C 27 AF 5F FF
        1F 00 D0 3C
   05D0 40 C5 FF 47 7A 04   104    .db  0x40, 0xc5, 0xff, 0x47, 0x7a, 0x04, 0x03, 0xc9, 0x81, 0x0c, 0x5c, 0x08, 0x1f, 0xc9, 0xbb, 0x40
        03 C9 81 0C 5C 08
        1F C9 BB 40
   05E0 FF 7C 1E F1 EE 0D   105    .db  0xff, 0x7c, 0x1e, 0xf1, 0xee, 0x0d, 0x15, 0xb9, 0x45, 0x72, 0x91, 0x89, 0x17, 0xd9, 0xf4, 0x4f
        15 B9 45 72 91 89
        17 D9 F4 4F
   05F0 57 00 47 FC 04 AB   106    .db  0x57, 0x00, 0x47, 0xfc, 0x04, 0xab, 0x2b, 0x80, 0x00, 0xe2, 0x8b, 0x8b, 0x40, 0x4f, 0x02, 0x54
        2B 80 00 E2 8B 8B
        40 4F 02 54
   0600 41 FF BE 0A 40 FF   107    .db  0x41, 0xff, 0xbe, 0x0a, 0x40, 0xff, 0xf2, 0x15, 0x00, 0xc0, 0x55, 0xff, 0xab, 0x00, 0x90, 0x55
        F2 15 00 C0 55 FF
        AB 00 90 55
   0610 40 03 3D F3 04 79   108    .db  0x40, 0x03, 0x3d, 0xf3, 0x04, 0x79, 0x71, 0x0a, 0x0f, 0xe6, 0x1e, 0x08, 0xe6, 0x23, 0x79, 0x03
        71 0A 0F E6 1E 08
        E6 23 79 03
   0620 A3 F3 B7 B7 7B 07   109    .db  0xa3, 0xf3, 0xb7, 0xb7, 0x7b, 0x07, 0x16, 0x61, 0xa3, 0x16, 0x79, 0xb7, 0x5f, 0x30, 0x00, 0x26
        16 61 A3 16 79 B7
        5F 30 00 26
   0630 F3 00 4A 00 03 53   110    .db  0xf3, 0x00, 0x4a, 0x00, 0x03, 0x53, 0xf3, 0x00, 0x91, 0x4c, 0xa3, 0x00, 0x2e, 0x03, 0x41, 0x00
        F3 00 91 4C A3 00
        2E 03 41 00
   0640 A9 0C 09 71 68 03   111    .db  0xa9, 0x0c, 0x09, 0x71, 0x68, 0x03, 0x4e, 0x6c, 0xb2, 0x30, 0x3f, 0x30, 0x00, 0x12, 0x0c, 0x00
        4E 6C B2 30 3F 30
        00 12 0C 00
   0650 94 A0 4F AB 03 07   112    .db  0x94, 0xa0, 0x4f, 0xab, 0x03, 0x07, 0x9e, 0x14, 0x0f, 0x99, 0x05, 0x0d, 0x14, 0x3f, 0xd1, 0xf3
        9E 14 0F 99 05 0D
        14 3F D1 F3
   0660 C0 F3 08 D1 06 D1   113    .db  0xc0, 0xf3, 0x08, 0xd1, 0x06, 0xd1, 0x52, 0xe2, 0x4f, 0x52, 0x90, 0xd2, 0x4e, 0x36, 0x15, 0xb4
        52 E2 4F 52 90 D2
        4E 36 15 B4
   0670 63 00 50 1F AA 00   114    .db  0x63, 0x00, 0x50, 0x1f, 0xaa, 0x00, 0xd4, 0x28, 0x4f, 0x3f, 0x6a, 0x80, 0x3e, 0xff, 0x4e, 0x02
        D4 28 4F 3F 6A 80
        3E FF 4E 02
   0680 54 52 00 35 85 19   115    .db  0x54, 0x52, 0x00, 0x35, 0x85, 0x19, 0x0e, 0x3c, 0x75, 0x8b, 0xb6, 0x43, 0x55, 0x4b, 0xb8, 0xa8
        0E 3C 75 8B B6 43
        55 4B B8 A8
   0690 4D AD 14 79 7A C8   116    .db  0x4d, 0xad, 0x14, 0x79, 0x7a, 0xc8, 0xfd, 0x00, 0xff, 0xaa, 0x4e, 0x9a, 0x41, 0xb5, 0x50, 0x7e
        FD 00 FF AA 4E 9A
        41 B5 50 7E
   06A0 BC 25 91 B2 E0 FF   117    .db  0xbc, 0x25, 0x91, 0xb2, 0xe0, 0xff, 0xfe, 0x24, 0x4c, 0xa9, 0x80, 0xe8, 0x8a, 0xb2, 0x25, 0x50
        FE 24 4C A9 80 E8
ASxxxx Assembler V02.00 + NoICE + SDCC mods  (Zilog Z80 / Hitachi HD64180), page 7.
Hexadecimal [16-Bits]



        8A B2 25 50
   06B0 50 94 80 00 CF 24   118    .db  0x50, 0x94, 0x80, 0x00, 0xcf, 0x24, 0x4e, 0x5c, 0x50, 0xd4, 0x2a, 0x55, 0x40, 0x00, 0x06, 0x9e
        4E 5C 50 D4 2A 55
        40 00 06 9E
   06C0 85 51 3F 4F 94 0A   119    .db  0x85, 0x51, 0x3f, 0x4f, 0x94, 0x0a, 0xe0, 0x05, 0x4e, 0x00, 0x4a, 0xec, 0x88, 0x86, 0x60, 0x50
        E0 05 4E 00 4A EC
        88 86 60 50
   06D0 4E 54 02 00 86 3F   120    .db  0x4e, 0x54, 0x02, 0x00, 0x86, 0x3f, 0x18, 0x17, 0x5e, 0x06, 0x08, 0x02, 0x4c, 0x64, 0xcc, 0xcc
        18 17 5E 06 08 02
        4C 64 CC CC
   06E0 8C CC 04 0C 80 D9   121    .db  0x8c, 0xcc, 0x04, 0x0c, 0x80, 0xd9, 0x24, 0x4e, 0x00, 0x9e, 0x80, 0xf0, 0xb4, 0x00, 0x3c, 0x28
        24 4E 00 9E 80 F0
        B4 00 3C 28
   06F0 00 4C C0 15 28 0B   122    .db  0x00, 0x4c, 0xc0, 0x15, 0x28, 0x0b, 0x5c, 0x02, 0xfc, 0x0c, 0x0c, 0x1b, 0xac, 0xa8, 0x29, 0x6c
        5C 02 FC 0C 0C 1B
        AC A8 29 6C
   0700 B8 AC 80 22 00 D2   123    .db  0xb8, 0xac, 0x80, 0x22, 0x00, 0xd2, 0x15, 0xf0, 0xa0, 0x36, 0x49, 0xa8, 0xcb, 0x45, 0x51, 0xea
        15 F0 A0 36 49 A8
        CB 45 51 EA
   0710 4C B8 50 40 4F 32   124    .db  0x4c, 0xb8, 0x50, 0x40, 0x4f, 0x32, 0x2c, 0xe0, 0x00, 0xab, 0xfc, 0xf9, 0x20, 0x80, 0x50, 0x54
        2C E0 00 AB FC F9
        20 80 50 54
   0720 FC 0F 00 BC F0 00   125    .db  0xfc, 0x0f, 0x00, 0xbc, 0xf0, 0x00, 0x4f, 0x92, 0x08, 0xfc, 0xa8, 0x4f, 0xb2, 0x08, 0x0a, 0x4f
        4F 92 08 FC A8 4F
        B2 08 0A 4F
   0730 3E 3A EA 2A 40 00   126    .db  0x3e, 0x3a, 0xea, 0x2a, 0x40, 0x00, 0x0a, 0xc0, 0x00, 0x94, 0x8a, 0x00
        0A C0 00 94 8A 00
                            127 ;; Address of the latest byte of the compressed array (for unpacking purposes)
                     073B   128 _final_screen_z_end == . - 1
                            129 
