ASxxxx Assembler V02.00 + NoICE + SDCC mods  (Zilog Z80 / Hitachi HD64180), page 1.
Hexadecimal [16-Bits]



                              1 ;; File 'assets/screens/menu_screen_z.s' generated using cpct_pack
                              2 ;; Compresor used:   zx7b
                              3 ;; Files compressed: [ 'assets/screens/menu_screen.bin' ]
                              4 ;; Uncompressed:     16384 bytes
                              5 ;; Compressed:       3110 bytes
                              6 ;; Space saved:      13274 bytes
                              7 ;;
                              8 
                              9 ;; Data array definition
   0000                      10 _menu_screen_z::
   0000 AC AA FF 7A 00 0B    11    .db  0xac, 0xaa, 0xff, 0x7a, 0x00, 0x0b, 0xba, 0x10, 0x08, 0x1b, 0x00, 0x86, 0xed, 0x37, 0x98, 0x52
        BA 10 08 1B 00 86
        ED 37 98 52
   0010 04 FE DC 7F 63 D1    12    .db  0x04, 0xfe, 0xdc, 0x7f, 0x63, 0xd1, 0xfe, 0xe8, 0xff, 0x2b, 0x00, 0x0b, 0x4f, 0xe8, 0x0f, 0x67
        FE E8 FF 2B 00 0B
        4F E8 0F 67
   0020 D5 FF 7A 88 00 EB    13    .db  0xd5, 0xff, 0x7a, 0x88, 0x00, 0xeb, 0xff, 0x29, 0xb5, 0xce, 0xaf, 0x1e, 0x3a, 0xe1, 0x04, 0xbb
        FF 29 B5 CE AF 1E
        3A E1 04 BB
   0030 C7 AF C2 BE B3 11    14    .db  0xc7, 0xaf, 0xc2, 0xbe, 0xb3, 0x11, 0xfe, 0xaa, 0x98, 0x3c, 0xe5, 0x31, 0x2b, 0x83, 0x97, 0xcc
        FE AA 98 3C E5 31
        2B 83 97 CC
   0040 D4 DF 0A 00 88 67    15    .db  0xd4, 0xdf, 0x0a, 0x00, 0x88, 0x67, 0x8b, 0xa2, 0x51, 0xb5, 0xff, 0x07, 0x00, 0xc8, 0xff, 0x57
        8B A2 51 B5 FF 07
        00 C8 FF 57
   0050 C1 C7 25 3E C1 97    16    .db  0xc1, 0xc7, 0x25, 0x3e, 0xc1, 0x97, 0x0a, 0x4d, 0x28, 0x57, 0xb9, 0xb0, 0xff, 0x8f, 0x64, 0xb8
        0A 4D 28 57 B9 B0
        FF 8F 64 B8
   0060 FF AF EB FA D3 42    17    .db  0xff, 0xaf, 0xeb, 0xfa, 0xd3, 0x42, 0x8a, 0x50, 0x28, 0xd6, 0xb4, 0xcb, 0xfe, 0xaa, 0xe2, 0x28
        8A 50 28 D6 B4 CB
        FE AA E2 28
   0070 CC 8B 43 DE 6B 7B    18    .db  0xcc, 0x8b, 0x43, 0xde, 0x6b, 0x7b, 0x4f, 0x1f, 0xd0, 0xae, 0xfc, 0x97, 0xff, 0xa7, 0xfd, 0xbe
        4F 1F D0 AE FC 97
        FF A7 FD BE
   0080 7A 04 2A F1 84 FC    19    .db  0x7a, 0x04, 0x2a, 0xf1, 0x84, 0xfc, 0x44, 0x8c, 0x30, 0xc0, 0xa5, 0x00, 0x79, 0xc1, 0x70, 0xff
        44 8C 30 C0 A5 00
        79 C1 70 FF
   0090 FA 88 94 1E A8 FF    20    .db  0xfa, 0x88, 0x94, 0x1e, 0xa8, 0xff, 0xf2, 0x40, 0xf2, 0x9c, 0x00, 0x91, 0xff, 0x2f, 0x82, 0x00
        F2 40 F2 9C 00 91
        FF 2F 82 00
   00A0 4F 03 F6 83 04 4F    21    .db  0x4f, 0x03, 0xf6, 0x83, 0x04, 0x4f, 0xff, 0xc8, 0xe5, 0xe8, 0xd9, 0xff, 0x57, 0x40, 0x9c, 0x58
        FF C8 E5 E8 D9 FF
        57 40 9C 58
   00B0 FF 4F 01 00 57 FF    22    .db  0xff, 0x4f, 0x01, 0x00, 0x57, 0xff, 0x1f, 0xc1, 0xa1, 0x48, 0x50, 0xc6, 0x3c, 0xd3, 0x94, 0xa6
        1F C1 A1 48 50 C6
        3C D3 94 A6
   00C0 FF 9E EA 80 87 22    23    .db  0xff, 0x9e, 0xea, 0x80, 0x87, 0x22, 0xaa, 0x9f, 0xbb, 0x0b, 0xab, 0xae, 0xe7, 0x04, 0x55, 0x41
        AA 9F BB 0B AB AE
        E7 04 55 41
   00D0 EF 8F BD 18 88 A1    24    .db  0xef, 0x8f, 0xbd, 0x18, 0x88, 0xa1, 0xa5, 0x8c, 0x80, 0xbf, 0xaa, 0xfe, 0x4b, 0xef, 0x4d, 0xa3
        A5 8C 80 BF AA FE
        4B EF 4D A3
   00E0 DD 38 84 AE FF AF    25    .db  0xdd, 0x38, 0x84, 0xae, 0xff, 0xaf, 0xfc, 0x80, 0x7e, 0xa0, 0x55, 0x13, 0x2b, 0xfb, 0x8f, 0x55
        FC 80 7E A0 55 13
        2B FB 8F 55
ASxxxx Assembler V02.00 + NoICE + SDCC mods  (Zilog Z80 / Hitachi HD64180), page 2.
Hexadecimal [16-Bits]



   00F0 4D 42 51 8A E4 86    26    .db  0x4d, 0x42, 0x51, 0x8a, 0xe4, 0x86, 0x0c, 0x06, 0x9f, 0x80, 0x7f, 0x02, 0x09, 0x3e, 0xbe, 0xff
        0C 06 9F 80 7F 02
        09 3E BE FF
   0100 FA A8 55 5C EE 6A    27    .db  0xfa, 0xa8, 0x55, 0x5c, 0xee, 0x6a, 0x8b, 0x4e, 0xf5, 0xeb, 0xff, 0x8b, 0x00, 0x2a, 0xff, 0x4f
        8B 4E F5 EB FF 8B
        00 2A FF 4F
   0110 CF 5F FF AF 14 A5    28    .db  0xcf, 0x5f, 0xff, 0xaf, 0x14, 0xa5, 0xb0, 0xff, 0xaf, 0xea, 0x87, 0xa7, 0x0e, 0x45, 0xff, 0x56
        B0 FF AF EA 87 A7
        0E 45 FF 56
   0120 0F DC AF 78 FC 28    29    .db  0x0f, 0xdc, 0xaf, 0x78, 0xfc, 0x28, 0xb1, 0x4f, 0x50, 0xf9, 0x5f, 0x4e, 0xe5, 0xaf, 0xab, 0x27
        B1 4F 50 F9 5F 4E
        E5 AF AB 27
   0130 B8 4D 50 8F AB AC    30    .db  0xb8, 0x4d, 0x50, 0x8f, 0xab, 0xac, 0x04, 0x07, 0x03, 0x7d, 0x5c, 0x09, 0x03, 0x04, 0xfa, 0xff
        04 07 03 7D 5C 09
        03 04 FA FF
   0140 7D F7 4F EC 00 3F    31    .db  0x7d, 0xf7, 0x4f, 0xec, 0x00, 0x3f, 0xff, 0x7d, 0x10, 0xa8, 0xff, 0xf9, 0xaa, 0x37, 0xff, 0x7b
        FF 7D 10 A8 FF F9
        AA 37 FF 7B
   0150 22 3F 7A F0 08 A1    32    .db  0x22, 0x3f, 0x7a, 0xf0, 0x08, 0xa1, 0x5b, 0xaf, 0x0f, 0x00, 0x5d, 0x14, 0x4f, 0x5c, 0x04, 0x0b
        5B AF 0F 00 5D 14
        4F 5C 04 0B
   0160 B5 0A 1E 1F D6 BB    33    .db  0xb5, 0x0a, 0x1e, 0x1f, 0xd6, 0xbb, 0xec, 0xf9, 0xfb, 0x8d, 0x17, 0xbb, 0xff, 0x87, 0x5e, 0xf9
        EC F9 FB 8D 17 BB
        FF 87 5E F9
   0170 8A 1D FB 2A B9 FE    34    .db  0x8a, 0x1d, 0xfb, 0x2a, 0xb9, 0xfe, 0x3d, 0x2a, 0x50, 0x34, 0x9f, 0xe4, 0xaf, 0x0c, 0x4f, 0xba
        3D 2A 50 34 9F E4
        AF 0C 4F BA
   0180 0B 67 E1 CC 04 DA    35    .db  0x0b, 0x67, 0xe1, 0xcc, 0x04, 0xda, 0xaf, 0x14, 0xd7, 0xff, 0x3d, 0x4d, 0xc4, 0xdd, 0x95, 0x05
        AF 14 D7 FF 3D 4D
        C4 DD 95 05
   0190 D4 49 5D 47 D7 FF    36    .db  0xd4, 0x49, 0x5d, 0x47, 0xd7, 0xff, 0x06, 0x77, 0x00, 0x04, 0x55, 0x5f, 0x04, 0x61, 0xce, 0x0a
        06 77 00 04 55 5F
        04 61 CE 0A
   01A0 9F AA 05 7C F2 C0    37    .db  0x9f, 0xaa, 0x05, 0x7c, 0xf2, 0xc0, 0x1e, 0xde, 0x0a, 0xf7, 0x80, 0xdf, 0xf7, 0x58, 0xf3, 0xdf
        1E DE 0A F7 80 DF
        F7 58 F3 DF
   01B0 FF F3 AF BF 8D A2    38    .db  0xff, 0xf3, 0xaf, 0xbf, 0x8d, 0xa2, 0x55, 0xb4, 0x5d, 0xfd, 0x58, 0x81, 0x00, 0xa7, 0xa2, 0x90
        55 B4 5D FD 58 81
        00 A7 A2 90
   01C0 51 CF C0 45 4F 57    39    .db  0x51, 0xcf, 0xc0, 0x45, 0x4f, 0x57, 0xaa, 0xff, 0x23, 0x6f, 0x80, 0xa2, 0x49, 0x4e, 0xd2, 0x3e
        AA FF 23 6F 80 A2
        49 4E D2 3E
   01D0 28 14 D4 4E B7 85    40    .db  0x28, 0x14, 0xd4, 0x4e, 0xb7, 0x85, 0x15, 0x99, 0x4f, 0x32, 0x40, 0xff, 0xa8, 0x5f, 0x45, 0xe7
        15 99 4F 32 40 FF
        A8 5F 45 E7
   01E0 60 35 88 50 57 C9    41    .db  0x60, 0x35, 0x88, 0x50, 0x57, 0xc9, 0x8c, 0xfd, 0xfa, 0x3c, 0xbd, 0x60, 0xb1, 0xdf, 0xa2, 0x46
        8C FD FA 3C BD 60
        B1 DF A2 46
   01F0 4F 03 00 52 FE 4A    42    .db  0x4f, 0x03, 0x00, 0x52, 0xfe, 0x4a, 0xae, 0x13, 0x84, 0x66, 0x68, 0xc3, 0xa4, 0xe8, 0xab, 0x54
        AE 13 84 66 68 C3
        A4 E8 AB 54
   0200 C9 FF 00 57 FD 51    43    .db  0xc9, 0xff, 0x00, 0x57, 0xfd, 0x51, 0x4f, 0xbe, 0x05, 0x8a, 0x93, 0xf9, 0xff, 0x3e, 0xa0, 0xf9
        4F BE 05 8A 93 F9
        FF 3E A0 F9
   0210 8C FF 1E 00 63 E6    44    .db  0x8c, 0xff, 0x1e, 0x00, 0x63, 0xe6, 0xff, 0x3e, 0x38, 0xf2, 0xaa, 0x51, 0x21, 0xc2, 0xb9, 0x4f
ASxxxx Assembler V02.00 + NoICE + SDCC mods  (Zilog Z80 / Hitachi HD64180), page 3.
Hexadecimal [16-Bits]



        FF 3E 38 F2 AA 51
        21 C2 B9 4F
   0220 BA ED B0 05 E8 37    45    .db  0xba, 0xed, 0xb0, 0x05, 0xe8, 0x37, 0x38, 0xfa, 0x0c, 0xf9, 0x4f, 0x39, 0x54, 0x4f, 0x6a, 0x01
        38 FA 0C F9 4F 39
        54 4F 6A 01
   0230 04 CC CB 7F 9B 4F    46    .db  0x04, 0xcc, 0xcb, 0x7f, 0x9b, 0x4f, 0xc8, 0xcf, 0x55, 0xcd, 0xb1, 0x08, 0xe0, 0xb8, 0xf2, 0x02
        C8 CF 55 CD B1 08
        E0 B8 F2 02
   0240 31 4F FE 82 E3 19    47    .db  0x31, 0x4f, 0xfe, 0x82, 0xe3, 0x19, 0x4b, 0x4f, 0x66, 0x82, 0x8a, 0xff, 0x3c, 0x15, 0x11, 0x4f
        4B 4F 66 82 8A FF
        3C 15 11 4F
   0250 1F E8 16 F5 4F 36    48    .db  0x1f, 0xe8, 0x16, 0xf5, 0x4f, 0x36, 0xf3, 0x41, 0x4f, 0x03, 0x11, 0xde, 0xe1, 0xab, 0xe4, 0x9b
        F3 41 4F 03 11 DE
        E1 AB E4 9B
   0260 B4 51 00 3D 3C 3F    49    .db  0xb4, 0x51, 0x00, 0x3d, 0x3c, 0x3f, 0x1e, 0x28, 0xde, 0x2e, 0xff, 0x3d, 0x4f, 0x74, 0xb4, 0xbd
        1E 28 DE 2E FF 3D
        4F 74 B4 BD
   0270 50 00 D5 0A AD 7A    50    .db  0x50, 0x00, 0xd5, 0x0a, 0xad, 0x7a, 0xca, 0x6a, 0x2a, 0xaf, 0x89, 0xcf, 0x40, 0xe9, 0x3b, 0x4f
        CA 6A 2A AF 89 CF
        40 E9 3B 4F
   0280 B9 EA 2F B1 8C DF    51    .db  0xb9, 0xea, 0x2f, 0xb1, 0x8c, 0xdf, 0x91, 0x80, 0xfe, 0xa8, 0x4d, 0x33, 0x9b, 0xff, 0x3e, 0xfa
        91 80 FE A8 4D 33
        9B FF 3E FA
   0290 80 52 FB E6 4F EE    52    .db  0x80, 0x52, 0xfb, 0xe6, 0x4f, 0xee, 0x70, 0x54, 0x1e, 0xfa, 0x80, 0xa1, 0xa6, 0xce, 0x55, 0x4d
        70 54 1E FA 80 A1
        A6 CE 55 4D
   02A0 4A B1 D4 82 BE 9F    53    .db  0x4a, 0xb1, 0xd4, 0x82, 0xbe, 0x9f, 0x56, 0xe1, 0x45, 0x00, 0xc3, 0xef, 0xd5, 0xff, 0x57, 0xff
        56 E1 45 00 C3 EF
        D5 FF 57 FF
   02B0 B4 51 A0 54 AB 9F    54    .db  0xb4, 0x51, 0xa0, 0x54, 0xab, 0x9f, 0xca, 0xff, 0x7a, 0x00, 0x22, 0xff, 0x1f, 0x45, 0x95, 0xae
        CA FF 7A 00 22 FF
        1F 45 95 AE
   02C0 AD AB BE 50 6A 8A    55    .db  0xad, 0xab, 0xbe, 0x50, 0x6a, 0x8a, 0x4d, 0x00, 0xee, 0x30, 0x4b, 0x5f, 0x56, 0xaf, 0x0f, 0xcc
        4D 00 EE 30 4B 5F
        56 AF 0F CC
   02D0 54 E0 FF A1 44 4D    56    .db  0x54, 0xe0, 0xff, 0xa1, 0x44, 0x4d, 0x6a, 0x0d, 0x91, 0xff, 0xaf, 0xec, 0xcc, 0x2a, 0x0f, 0xfe
        6A 0D 91 FF AF EC
        CC 2A 0F FE
   02E0 7C A8 44 8E 3D 88    57    .db  0x7c, 0xa8, 0x44, 0x8e, 0x3d, 0x88, 0xfd, 0xbe, 0xff, 0xfa, 0xfc, 0x5c, 0x02, 0x48, 0x0a, 0xee
        FD BE FF FA FC 5C
        02 48 0A EE
   02F0 FA F9 83 02 9B FC    58    .db  0xfa, 0xf9, 0x83, 0x02, 0x9b, 0xfc, 0xee, 0x3c, 0x00, 0x9b, 0x41, 0xb2, 0x6a, 0x56, 0x62, 0xaa
        EE 3C 00 9B 41 B2
        6A 56 62 AA
   0300 C4 1B 88 E9 2B B5    59    .db  0xc4, 0x1b, 0x88, 0xe9, 0x2b, 0xb5, 0xff, 0xf2, 0x55, 0x51, 0x10, 0xcd, 0xed, 0xff, 0xa9, 0x01
        FF F2 55 51 10 CD
        ED FF A9 01
   0310 E2 AA FF FA AA 9D    60    .db  0xe2, 0xaa, 0xff, 0xfa, 0xaa, 0x9d, 0xbf, 0x16, 0x43, 0x87, 0x0c, 0x2a, 0x0b, 0xac, 0xfd, 0x42
        BF 16 43 87 0C 2A
        0B AC FD 42
   0320 AA 00 70 5A 8E EF    61    .db  0xaa, 0x00, 0x70, 0x5a, 0x8e, 0xef, 0x2a, 0x3a, 0x7f, 0xfd, 0xe6, 0xd0, 0xa7, 0xff, 0x8f, 0x72
        2A 3A 7F FD E6 D0
        A7 FF 8F 72
   0330 E0 04 A6 AF AF AC    62    .db  0xe0, 0x04, 0xa6, 0xaf, 0xaf, 0xac, 0xbe, 0xff, 0x87, 0xe8, 0x87, 0x3f, 0xff, 0xf3, 0x11, 0xbd
        BE FF 87 E8 87 3F
ASxxxx Assembler V02.00 + NoICE + SDCC mods  (Zilog Z80 / Hitachi HD64180), page 4.
Hexadecimal [16-Bits]



        FF F3 11 BD
   0340 7F FF 3D 06 70 FF    63    .db  0x7f, 0xff, 0x3d, 0x06, 0x70, 0xff, 0x04, 0xb4, 0x0d, 0x04, 0x09, 0xef, 0x0a, 0x88, 0xaa, 0x05
        04 B4 0D 04 09 EF
        0A 88 AA 05
   0350 08 73 97 FA 0A 5B    64    .db  0x08, 0x73, 0x97, 0xfa, 0x0a, 0x5b, 0xf2, 0x00, 0x63, 0xa5, 0xd6, 0xff, 0xfa, 0xc1, 0xfa, 0xff
        F2 00 63 A5 D6 FF
        FA C1 FA FF
   0360 FA F3 2A FF 5F 05    65    .db  0xfa, 0xf3, 0x2a, 0xff, 0x5f, 0x05, 0x23, 0x07, 0x50, 0xa4, 0x9c, 0xa9, 0xab, 0x23, 0xf0, 0xfd
        23 07 50 A4 9C A9
        AB 23 F0 FD
   0370 C2 80 FF 1E 51 E2    66    .db  0xc2, 0x80, 0xff, 0x1e, 0x51, 0xe2, 0x00, 0x29, 0x5a, 0x4b, 0x07, 0x8e, 0x7f, 0xf9, 0x21, 0x40
        00 29 5A 4B 07 8E
        7F F9 21 40
   0380 71 BC A9 79 E2 99    67    .db  0x71, 0xbc, 0xa9, 0x79, 0xe2, 0x99, 0x5f, 0x8e, 0xeb, 0xff, 0x21, 0xc6, 0xd6, 0xaf, 0x4e, 0x98
        5F 8E EB FF 21 C6
        D6 AF 4E 98
   0390 81 A1 2A 08 46 B3    68    .db  0x81, 0xa1, 0x2a, 0x08, 0x46, 0xb3, 0x4f, 0xa3, 0x7d, 0x3c, 0x90, 0xff, 0xa7, 0xaa, 0xb3, 0x32
        4F A3 7D 3C 90 FF
        A7 AA B3 32
   03A0 FE 4F FD 11 D5 E5    69    .db  0xfe, 0x4f, 0xfd, 0x11, 0xd5, 0xe5, 0x8a, 0x49, 0xff, 0x0f, 0x70, 0xfd, 0xd7, 0xff, 0x57, 0xef
        8A 49 FF 0F 70 FD
        D7 FF 57 EF
   03B0 42 FF 4F 2A 54 64    70    .db  0x42, 0xff, 0x4f, 0x2a, 0x54, 0x64, 0xf2, 0x92, 0xff, 0x03, 0xff, 0xf4, 0x50, 0x11, 0xdd, 0xff
        F2 92 FF 03 FF F4
        50 11 DD FF
   03C0 09 D7 97 21 FF F4    71    .db  0x09, 0xd7, 0x97, 0x21, 0xff, 0xf4, 0x10, 0x00, 0xaa, 0x4e, 0x90, 0x03, 0x47, 0x4f, 0xfb, 0xdc
        10 00 AA 4E 90 03
        47 4F FB DC
   03D0 FF 03 AA 41 9B B0    72    .db  0xff, 0x03, 0xaa, 0x41, 0x9b, 0xb0, 0xff, 0xbe, 0x62, 0xe3, 0xaf, 0xf0, 0x3c, 0x8a, 0xff, 0x27
        FF BE 62 E3 AF F0
        3C 8A FF 27
   03E0 FF FF F2 44 54 00    73    .db  0xff, 0xff, 0xf2, 0x44, 0x54, 0x00, 0x57, 0x00, 0xab, 0xad, 0x7a, 0x00, 0x6e, 0xf1, 0x86, 0x80
        57 00 AB AD 7A 00
        6E F1 86 80
   03F0 9F 41 FF FB 68 E8    74    .db  0x9f, 0x41, 0xff, 0xfb, 0x68, 0xe8, 0xac, 0x55, 0xab, 0xcc, 0x1f, 0x35, 0xe2, 0xa0, 0x55, 0x02
        AC 55 AB CC 1F 35
        E2 A0 55 02
   0400 9B A9 B5 9C 44 B9    75    .db  0x9b, 0xa9, 0xb5, 0x9c, 0x44, 0xb9, 0x38, 0xff, 0x7d, 0x5c, 0xc1, 0x50, 0x54, 0xe7, 0xaf, 0xd8
        38 FF 7D 5C C1 50
        54 E7 AF D8
   0410 A3 2B 85 0E 58 E1    76    .db  0xa3, 0x2b, 0x85, 0x0e, 0x58, 0xe1, 0x04, 0xff, 0xf3, 0x15, 0xfc, 0xff, 0xf9, 0x88, 0xfc, 0xff
        04 FF F3 15 FC FF
        F9 88 FC FF
   0420 7C AA E5 FF 0B 5E    77    .db  0x7c, 0xaa, 0xe5, 0xff, 0x0b, 0x5e, 0xba, 0x54, 0xa8, 0x43, 0x32, 0xe8, 0xf2, 0xf5, 0x53, 0xff
        BA 54 A8 43 32 E8
        F2 F5 53 FF
   0430 7A 28 A2 00 1A FF    78    .db  0x7a, 0x28, 0xa2, 0x00, 0x1a, 0xff, 0xf5, 0x55, 0x00, 0x8d, 0x1a, 0x30, 0x25, 0x05, 0x09, 0xfa
        F5 55 00 8D 1A 30
        25 05 09 FA
   0440 FB DC 20 FF 0F 10    79    .db  0xfb, 0xdc, 0x20, 0xff, 0x0f, 0x10, 0xad, 0x7d, 0xff, 0x4f, 0x54, 0x51, 0x5c, 0xfc, 0x00, 0x2c
        AD 7D FF 4F 54 51
        5C FC 00 2C
   0450 0F 5E C8 BD DF 8E    80    .db  0x0f, 0x5e, 0xc8, 0xbd, 0xdf, 0x8e, 0x0b, 0x2c, 0x98, 0x4e, 0xba, 0xa0, 0x80, 0x0d, 0xfe, 0xff
        0B 2C 98 4E BA A0
        80 0D FE FF
ASxxxx Assembler V02.00 + NoICE + SDCC mods  (Zilog Z80 / Hitachi HD64180), page 5.
Hexadecimal [16-Bits]



   0460 F5 0C 50 08 E6 3C    81    .db  0xf5, 0x0c, 0x50, 0x08, 0xe6, 0x3c, 0xff, 0xf4, 0x15, 0xfc, 0x4f, 0x94, 0x8a, 0x8e, 0xab, 0xff
        FF F4 15 FC 4F 94
        8A 8E AB FF
   0470 9E 0A DC CE FF FA    82    .db  0x9e, 0x0a, 0xdc, 0xce, 0xff, 0xfa, 0xa8, 0x28, 0xc1, 0xa3, 0xbe, 0x11, 0xa0, 0x4f, 0x0b, 0x0a
        A8 28 C1 A3 BE 11
        A0 4F 0B 0A
   0480 F8 CD EF FF 81 F4    83    .db  0xf8, 0xcd, 0xef, 0xff, 0x81, 0xf4, 0x9e, 0x0c, 0x4e, 0x54, 0x0e, 0xaf, 0x41, 0x5a, 0x06, 0xcf
        9E 0C 4E 54 0E AF
        41 5A 06 CF
   0490 09 DB F7 15 DC E8    84    .db  0x09, 0xdb, 0xf7, 0x15, 0xdc, 0xe8, 0x00, 0x4f, 0x97, 0x60, 0xa3, 0x2c, 0xaf, 0x7a, 0x9a, 0xc9
        00 4F 97 60 A3 2C
        AF 7A 9A C9
   04A0 82 E7 FF 3E 13 B8    85    .db  0x82, 0xe7, 0xff, 0x3e, 0x13, 0xb8, 0xff, 0xbe, 0x00, 0x20, 0xaf, 0x0f, 0x8b, 0x63, 0x4f, 0x4c
        FF BE 00 20 AF 0F
        8B 63 4F 4C
   04B0 54 49 95 47 EB FF    86    .db  0x54, 0x49, 0x95, 0x47, 0xeb, 0xff, 0x5d, 0x06, 0x29, 0x97, 0x94, 0x04, 0x75, 0xaa, 0x0b, 0x6d
        5D 06 29 97 94 04
        75 AA 0B 6D
   04C0 BB 8D 0A A1 BF AD    87    .db  0xbb, 0x8d, 0x0a, 0xa1, 0xbf, 0xad, 0xff, 0xb1, 0xae, 0x08, 0x45, 0xe9, 0x80, 0x4f, 0x4d, 0xee
        FF B1 AE 08 45 E9
        80 4F 4D EE
   04D0 F5 C8 7B C0 E5 10    88    .db  0xf5, 0xc8, 0x7b, 0xc0, 0xe5, 0x10, 0x11, 0x51, 0x4f, 0x5d, 0x2a, 0xa2, 0x3b, 0xbc, 0xfe, 0xbe
        11 51 4F 5D 2A A2
        3B BC FE BE
   04E0 3A AC AB 3E 80 7E    89    .db  0x3a, 0xac, 0xab, 0x3e, 0x80, 0x7e, 0x15, 0xb9, 0xaa, 0x56, 0x4f, 0x01, 0xd1, 0x7e, 0xa8, 0x45
        15 B9 AA 56 4F 01
        D1 7E A8 45
   04F0 08 E9 0C 98 87 09    90    .db  0x08, 0xe9, 0x0c, 0x98, 0x87, 0x09, 0xac, 0x89, 0xfd, 0xbe, 0x7e, 0xbc, 0xa9, 0xf8, 0x5d, 0x6b
        AC 89 FD BE 7E BC
        A9 F8 5D 6B
   0500 91 2E BE FF 4F 6F    91    .db  0x91, 0x2e, 0xbe, 0xff, 0x4f, 0x6f, 0x68, 0xca, 0xaf, 0xff, 0x9e, 0xb5, 0xa0, 0xcf, 0x5f, 0x7e
        68 CA AF FF 9E B5
        A0 CF 5F 7E
   0510 28 11 F8 09 3A 33    92    .db  0x28, 0x11, 0xf8, 0x09, 0x3a, 0x33, 0xb2, 0xa2, 0xa7, 0xcc, 0x89, 0xbf, 0x11, 0x4a, 0xf3, 0x4e
        B2 A2 A7 CC 89 BF
        11 4A F3 4E
   0520 99 A0 04 2A AF 7D    93    .db  0x99, 0xa0, 0x04, 0x2a, 0xaf, 0x7d, 0x44, 0xc4, 0xd1, 0x3d, 0x5f, 0x8a, 0x27, 0xf2, 0xa3, 0x4f
        44 C4 D1 3D 5F 8A
        27 F2 A3 4F
   0530 A3 2F C7 C7 82 50    94    .db  0xa3, 0x2f, 0xc7, 0xc7, 0x82, 0x50, 0xca, 0x62, 0x44, 0x70, 0x2a, 0x1d, 0x54, 0xff, 0x7a, 0x03
        CA 62 44 70 2A 1D
        54 FF 7A 03
   0540 3A 9C 84 4F 21 3F    95    .db  0x3a, 0x9c, 0x84, 0x4f, 0x21, 0x3f, 0x4f, 0x68, 0x02, 0xd5, 0x34, 0xe4, 0x4f, 0x4f, 0xce, 0x7f
        4F 68 02 D5 34 E4
        4F 4F CE 7F
   0550 3C D1 AF F5 40 51    96    .db  0x3c, 0xd1, 0xaf, 0xf5, 0x40, 0x51, 0x4f, 0xed, 0xff, 0x6b, 0xdc, 0x4f, 0xef, 0x8a, 0x2a, 0xff
        4F ED FF 6B DC 4F
        EF 8A 2A FF
   0560 4F 45 45 90 97 FF    97    .db  0x4f, 0x45, 0x45, 0x90, 0x97, 0xff, 0x9e, 0x4f, 0xba, 0xf0, 0x16, 0x50, 0x54, 0xf8, 0xff, 0xbe
        9E 4F BA F0 16 50
        54 F8 FF BE
   0570 82 A0 FF 7C F3 F5    98    .db  0x82, 0xa0, 0xff, 0x7c, 0xf3, 0xf5, 0x80, 0x0b, 0x39, 0xab, 0xae, 0x4f, 0x0a, 0x1b, 0x54, 0x26
        80 0B 39 AB AE 4F
        0A 1B 54 26
   0580 1D 86 A7 1E 38 68    99    .db  0x1d, 0x86, 0xa7, 0x1e, 0x38, 0x68, 0x78, 0xb0, 0x61, 0xda, 0xa5, 0x52, 0xbe, 0xe4, 0x55, 0x4f
ASxxxx Assembler V02.00 + NoICE + SDCC mods  (Zilog Z80 / Hitachi HD64180), page 6.
Hexadecimal [16-Bits]



        78 B0 61 DA A5 52
        BE E4 55 4F
   0590 FC 5B D5 1F 20 E2   100    .db  0xfc, 0x5b, 0xd5, 0x1f, 0x20, 0xe2, 0xe2, 0xbb, 0xe0, 0xa9, 0xec, 0xff, 0x89, 0xcf, 0x44, 0x52
        E2 BB E0 A9 EC FF
        89 CF 44 52
   05A0 C2 56 B9 A2 FF 87   101    .db  0xc2, 0x56, 0xb9, 0xa2, 0xff, 0x87, 0x54, 0xc8, 0xff, 0x4c, 0xd3, 0x15, 0xe8, 0x2d, 0xf2, 0x23
        54 C8 FF 4C D3 15
        E8 2D F2 23
   05B0 01 5C 07 51 F3 95   102    .db  0x01, 0x5c, 0x07, 0x51, 0xf3, 0x95, 0x72, 0xe2, 0x42, 0x90, 0xa5, 0x00, 0xcd, 0x3b, 0x00, 0x9d
        72 E2 42 90 A5 00
        CD 3B 00 9D
   05C0 99 D3 FF 13 44 40   103    .db  0x99, 0xd3, 0xff, 0x13, 0x44, 0x40, 0x4f, 0x83, 0x0d, 0xff, 0x7c, 0x55, 0xb0, 0x7d, 0x8d, 0x00
        4F 83 0D FF 7C 55
        B0 7D 8D 00
   05D0 8D FF FA A8 16 1E   104    .db  0x8d, 0xff, 0xfa, 0xa8, 0x16, 0x1e, 0x9e, 0xde, 0xbd, 0x0b, 0x3c, 0xfa, 0xa8, 0xff, 0x7c, 0x14
        9E DE BD 0B 3C FA
        A8 FF 7C 14
   05E0 2D FF F7 6D AC 75   105    .db  0x2d, 0xff, 0xf7, 0x6d, 0xac, 0x75, 0x04, 0x0b, 0x03, 0xac, 0x3f, 0xf7, 0x02, 0xfc, 0x7f, 0xff
        04 0B 03 AC 3F F7
        02 FC 7F FF
   05F0 BE 08 00 FF 78 28   106    .db  0xbe, 0x08, 0x00, 0xff, 0x78, 0x28, 0x31, 0x4f, 0xbe, 0xf7, 0x5a, 0xa8, 0xa0, 0xff, 0x7c, 0x55
        31 4F BE F7 5A A8
        A0 FF 7C 55
   0600 96 2B 79 91 FF 07   107    .db  0x96, 0x2b, 0x79, 0x91, 0xff, 0x07, 0xa2, 0x4d, 0xa3, 0x7b, 0x80, 0x4f, 0x2e, 0x03, 0xe0, 0x0b
        A2 4D A3 7B 80 4F
        2E 03 E0 0B
   0610 F9 97 2B A3 ED FF   108    .db  0xf9, 0x97, 0x2b, 0xa3, 0xed, 0xff, 0x00, 0x29, 0xff, 0xcc, 0x5f, 0x4a, 0x3f, 0x37, 0x4b, 0x88
        00 29 FF CC 5F 4A
        3F 37 4B 88
   0620 DD F9 FF BE 82 FC   109    .db  0xdd, 0xf9, 0xff, 0xbe, 0x82, 0xfc, 0xb8, 0xff, 0xbe, 0x44, 0x97, 0xfa, 0xc3, 0x7d, 0xaf, 0x5f
        B8 FF BE 44 97 FA
        C3 7D AF 5F
   0630 FA 3D 97 F4 D5 FF   110    .db  0xfa, 0x3d, 0x97, 0xf4, 0xd5, 0xff, 0x47, 0x00, 0x70, 0x11, 0xff, 0xff, 0x79, 0xa0, 0x45, 0xff
        47 00 70 11 FF FF
        79 A0 45 FF
   0640 3C 51 54 FF 79 80   111    .db  0x3c, 0x51, 0x54, 0xff, 0x79, 0x80, 0xa2, 0x3b, 0xf0, 0x25, 0xa9, 0xff, 0x9e, 0xa2, 0xb1, 0x2f
        A2 3B F0 25 A9 FF
        9E A2 B1 2F
   0650 4D 4F 78 80 00 51   112    .db  0x4d, 0x4f, 0x78, 0x80, 0x00, 0x51, 0x00, 0x42, 0xd7, 0xb2, 0x09, 0xe0, 0x5b, 0x2a, 0x00, 0xa9
        00 42 D7 B2 09 E0
        5B 2A 00 A9
   0660 96 27 54 3C 5C D3   113    .db  0x96, 0x27, 0x54, 0x3c, 0x5c, 0xd3, 0xad, 0x92, 0x54, 0x04, 0x32, 0x3a, 0xff, 0x3d, 0x44, 0xa5
        AD 92 54 04 32 3A
        FF 3D 44 A5
   0670 FE 5A 2B E9 FF 09   114    .db  0xfe, 0x5a, 0x2b, 0xe9, 0xff, 0x09, 0xff, 0xff, 0xf2, 0x55, 0x95, 0xff, 0x0f, 0x3e, 0xff, 0xf2
        FF FF F2 55 95 FF
        0F 3E FF F2
   0680 14 3C 28 15 CF BA   115    .db  0x14, 0x3c, 0x28, 0x15, 0xcf, 0xba, 0x22, 0xa0, 0x25, 0xec, 0xac, 0xe4, 0x46, 0x15, 0x11, 0xea
        22 A0 25 EC AC E4
        46 15 11 EA
   0690 B8 49 FF 3D AA 1D   116    .db  0xb8, 0x49, 0xff, 0x3d, 0xaa, 0x1d, 0xd4, 0xd0, 0xb9, 0x0c, 0xc8, 0xff, 0x47, 0x2a, 0xcf, 0x4f
        D4 D0 B9 0C C8 FF
        47 2A CF 4F
   06A0 95 A2 85 01 AA 70   117    .db  0x95, 0xa2, 0x85, 0x01, 0xaa, 0x70, 0x47, 0x4d, 0xef, 0xff, 0x23, 0x02, 0x60, 0x4f, 0x9e, 0xdf
        47 4D EF FF 23 02
ASxxxx Assembler V02.00 + NoICE + SDCC mods  (Zilog Z80 / Hitachi HD64180), page 7.
Hexadecimal [16-Bits]



        60 4F 9E DF
   06B0 E9 FF 29 B5 C8 FF   118    .db  0xe9, 0xff, 0x29, 0xb5, 0xc8, 0xff, 0x53, 0xb5, 0xe2, 0x57, 0x7a, 0xe5, 0xff, 0xe9, 0x9b, 0xee
        53 B5 E2 57 7A E5
        FF E9 9B EE
   06C0 FF 5D 46 56 EB 8F   119    .db  0xff, 0x5d, 0x46, 0x56, 0xeb, 0x8f, 0x7b, 0x54, 0x44, 0x54, 0x81, 0x9a, 0x1b, 0xfe, 0x7a, 0xaa
        7B 54 44 54 81 9A
        1B FE 7A AA
   06D0 FF 55 8A 56 AB 88   120    .db  0xff, 0x55, 0x8a, 0x56, 0xab, 0x88, 0xb2, 0x86, 0xdd, 0xff, 0x43, 0xbc, 0x61, 0x56, 0x1d, 0x0b
        B2 86 DD FF 43 BC
        61 56 1D 0B
   06E0 D3 A8 03 00 B5 8A   121    .db  0xd3, 0xa8, 0x03, 0x00, 0xb5, 0x8a, 0x48, 0xeb, 0xa5, 0x90, 0x52, 0xfa, 0x9e, 0xed, 0xaf, 0x35
        48 EB A5 90 52 FA
        9E ED AF 35
   06F0 63 EA 80 27 F0 37   122    .db  0x63, 0xea, 0x80, 0x27, 0xf0, 0x37, 0x4e, 0xea, 0x4c, 0x5c, 0x51, 0x00, 0x88, 0x11, 0xff, 0x1e
        4E EA 4C 5C 51 00
        88 11 FF 1E
   0700 54 28 89 59 FF F4   123    .db  0x54, 0x28, 0x89, 0x59, 0xff, 0xf4, 0x40, 0x51, 0xe4, 0xff, 0x01, 0x5f, 0xb8, 0x50, 0x4f, 0xb9
        40 51 E4 FF 01 5F
        B8 50 4F B9
   0710 FF FA AA 4E 1A F3   124    .db  0xff, 0xfa, 0xaa, 0x4e, 0x1a, 0xf3, 0x45, 0xa2, 0x97, 0x60, 0x0f, 0xf4, 0x80, 0xeb, 0xff, 0x29
        45 A2 97 60 0F F4
        80 EB FF 29
   0720 E0 D2 87 FC FF F2   125    .db  0xe0, 0xd2, 0x87, 0xfc, 0xff, 0xf2, 0x50, 0x85, 0xfd, 0x45, 0xf8, 0x5f, 0xdc, 0xff, 0xf9, 0x8a
        50 85 FD 45 F8 5F
        DC FF F9 8A
   0730 54 56 00 DA 41 D5   126    .db  0x54, 0x56, 0x00, 0xda, 0x41, 0xd5, 0xff, 0x7d, 0x15, 0xfc, 0x74, 0x85, 0xb2, 0x39, 0x54, 0xc1
        FF 7D 15 FC 74 85
        B2 39 54 C1
   0740 F2 FC E4 FF 89 A5   127    .db  0xf2, 0xfc, 0xe4, 0xff, 0x89, 0xa5, 0x00, 0x3e, 0x91, 0x08, 0xff, 0x3d, 0x55, 0xc7, 0x6f, 0xd5
        00 3E 91 08 FF 3D
        55 C7 6F D5
   0750 FF 57 AF 5F 00 2A   128    .db  0xff, 0x57, 0xaf, 0x5f, 0x00, 0x2a, 0xff, 0xf9, 0xa8, 0x01, 0xf8, 0xfd, 0x2c, 0xef, 0xc2, 0x82
        FF F9 A8 01 F8 FD
        2C EF C2 82
   0760 4F AE 04 BA 9A 05   129    .db  0x4f, 0xae, 0x04, 0xba, 0x9a, 0x05, 0x17, 0xae, 0x12, 0x74, 0x2a, 0xff, 0xf9, 0x6a, 0xd4, 0xff
        17 AE 12 74 2A FF
        F9 6A D4 FF
   0770 7B 60 F4 00 4F 2E   130    .db  0x7b, 0x60, 0xf4, 0x00, 0x4f, 0x2e, 0x44, 0xd5, 0x58, 0xff, 0xf4, 0x05, 0xaa, 0xcc, 0x12, 0xc9
        44 D5 58 FF F4 05
        AA CC 12 C9
   0780 BE 04 DA 00 E5 AA   131    .db  0xbe, 0x04, 0xda, 0x00, 0xe5, 0xaa, 0xe9, 0x97, 0x15, 0xe9, 0x86, 0x2a, 0x3e, 0xb8, 0x15, 0x78
        E9 97 15 E9 86 2A
        3E B8 15 78
   0790 4F 5C 39 47 CD D6   132    .db  0x4f, 0x5c, 0x39, 0x47, 0xcd, 0xd6, 0xad, 0x04, 0x2c, 0x00, 0x3d, 0x88, 0x9e, 0x72, 0x8f, 0x51
        AD 04 2C 00 3D 88
        9E 72 8F 51
   07A0 CF C0 4F 77 F4 D0   133    .db  0xcf, 0xc0, 0x4f, 0x77, 0xf4, 0xd0, 0x00, 0x01, 0x57, 0x8a, 0x23, 0x63, 0xee, 0x45, 0x4f, 0x52
        00 01 57 8A 23 63
        EE 45 4F 52
   07B0 3A F6 E7 B6 F4 54   134    .db  0x3a, 0xf6, 0xe7, 0xb6, 0xf4, 0x54, 0xde, 0x49, 0x56, 0x70, 0xa8, 0x1f, 0x00, 0x90, 0xc4, 0x4f
        DE 49 56 70 A8 1F
        00 90 C4 4F
   07C0 6F 80 B2 B3 FF A8   135    .db  0x6f, 0x80, 0xb2, 0xb3, 0xff, 0xa8, 0x45, 0x2f, 0x99, 0xb0, 0x4d, 0x80, 0xff, 0x5a, 0x6a, 0x38
        45 2F 99 B0 4D 80
        FF 5A 6A 38
ASxxxx Assembler V02.00 + NoICE + SDCC mods  (Zilog Z80 / Hitachi HD64180), page 8.
Hexadecimal [16-Bits]



   07D0 C0 1B B2 23 91 51   136    .db  0xc0, 0x1b, 0xb2, 0x23, 0x91, 0x51, 0x1b, 0xa4, 0x54, 0x84, 0x32, 0x4e, 0xa2, 0x7f, 0x4f, 0x09
        1B A4 54 84 32 4E
        A2 7F 4F 09
   07E0 A4 52 2B B8 B0 8F   137    .db  0xa4, 0x52, 0x2b, 0xb8, 0xb0, 0x8f, 0xa0, 0x51, 0x4a, 0xf3, 0x09, 0x3f, 0x47, 0xe5, 0xb0, 0xae
        A0 51 4A F3 09 3F
        47 E5 B0 AE
   07F0 FF 8F FD 33 4A F6   138    .db  0xff, 0x8f, 0xfd, 0x33, 0x4a, 0xf6, 0x1e, 0x9f, 0x85, 0x51, 0xf5, 0xbe, 0xe3, 0x03, 0x09, 0x0c
        1E 9F 85 51 F5 BE
        E3 03 09 0C
   0800 00 CE 45 DE 46 AA   139    .db  0x00, 0xce, 0x45, 0xde, 0x46, 0xaa, 0x15, 0x88, 0xff, 0x2f, 0xc4, 0xd2, 0xbf, 0x31, 0xf1, 0xe6
        15 88 FF 2F C4 D2
        BF 31 F1 E6
   0810 4F E0 CF 28 FF 0F   140    .db  0x4f, 0xe0, 0xcf, 0x28, 0xff, 0x0f, 0x31, 0xc8, 0x16, 0x4f, 0x07, 0x00, 0x5c, 0x4f, 0x5c, 0x8a
        31 C8 16 4F 07 00
        5C 4F 5C 8A
   0820 E5 FF A3 4F B8 FF   141    .db  0xe5, 0xff, 0xa3, 0x4f, 0xb8, 0xff, 0xfa, 0x82, 0xfe, 0xaa, 0x4f, 0x4a, 0xf3, 0xe5, 0xff, 0xab
        FA 82 FE AA 4F 4A
        F3 E5 FF AB
   0830 11 4F F8 B6 F1 F6   142    .db  0x11, 0x4f, 0xf8, 0xb6, 0xf1, 0xf6, 0x01, 0xed, 0x48, 0x4f, 0x3e, 0x0a, 0xdd, 0xff, 0x7b, 0x2a
        01 ED 48 4F 3E 0A
        DD FF 7B 2A
   0840 1B AE FF 56 1F 42   143    .db  0x1b, 0xae, 0xff, 0x56, 0x1f, 0x42, 0xce, 0xb8, 0x4f, 0xe3, 0xc2, 0x5e, 0x54, 0xe0, 0xff, 0x7a
        CE B8 4F E3 C2 5E
        54 E0 FF 7A
   0850 20 0E 4E BE 45 BA   144    .db  0x20, 0x0e, 0x4e, 0xbe, 0x45, 0xba, 0xb2, 0x88, 0x6f, 0xa8, 0x7d, 0x55, 0x4f, 0x64, 0xed, 0xa9
        B2 88 6F A8 7D 55
        4F 64 ED A9
   0860 42 50 28 83 0D 4F   145    .db  0x42, 0x50, 0x28, 0x83, 0x0d, 0x4f, 0x1d, 0x49, 0x1d, 0x9b, 0x21, 0xc1, 0xe4, 0xda, 0xab, 0x33
        1D 49 1D 9B 21 C1
        E4 DA AB 33
   0870 4F 7F A8 80 7D A0   146    .db  0x4f, 0x7f, 0xa8, 0x80, 0x7d, 0xa0, 0x92, 0x9b, 0xa0, 0xff, 0x87, 0x8a, 0xea, 0xb2, 0xf2, 0x80
        92 9B A0 FF 87 8A
        EA B2 F2 80
   0880 53 FF F5 FD 55 F4   147    .db  0x53, 0xff, 0xf5, 0xfd, 0x55, 0xf4, 0x34, 0x19, 0xae, 0x48, 0xb4, 0x80, 0x7f, 0x00, 0x00, 0x5b
        34 19 AE 48 B4 80
        7F 00 00 5B
   0890 4A FF 7D FD 35 B1   148    .db  0x4a, 0xff, 0x7d, 0xfd, 0x35, 0xb1, 0xab, 0xb2, 0x30, 0x20, 0xcc, 0x08, 0x8d, 0xff, 0x7c, 0x80
        AB B2 30 20 CC 08
        8D FF 7C 80
   08A0 7F FF 7D 55 CD FF   149    .db  0x7f, 0xff, 0x7d, 0x55, 0xcd, 0xff, 0xd8, 0x5f, 0x4e, 0x53, 0xa9, 0xdc, 0x9f, 0xff, 0x8f, 0xa8
        D8 5F 4E 53 A9 DC
        9F FF 8F A8
   08B0 B0 F2 00 8C FD 0E   150    .db  0xb0, 0xf2, 0x00, 0x8c, 0xfd, 0x0e, 0x00, 0x35, 0xe8, 0xff, 0x89, 0x00, 0xac, 0x56, 0xca, 0xac
        00 35 E8 FF 89 00
        AC 56 CA AC
   08C0 03 6A F6 7D 45 D3   151    .db  0x03, 0x6a, 0xf6, 0x7d, 0x45, 0xd3, 0xf8, 0xd3, 0xff, 0x43, 0xfc, 0x91, 0xff, 0x2f, 0x17, 0x0c
        F8 D3 FF 43 FC 91
        FF 2F 17 0C
   08D0 AC 26 04 A3 A3 87   152    .db  0xac, 0x26, 0x04, 0xa3, 0xa3, 0x87, 0xef, 0x94, 0xff, 0x7a, 0xaa, 0xf8, 0xda, 0xaa, 0xff, 0x8f
        EF 94 FF 7A AA F8
        DA AA FF 8F
   08E0 28 CF C6 04 0C 00   153    .db  0x28, 0xcf, 0xc6, 0x04, 0x0c, 0x00, 0xb2, 0x09, 0x3a, 0xaa, 0x20, 0x8c, 0x1a, 0x0c, 0xe4, 0xff
        B2 09 3A AA 20 8C
        1A 0C E4 FF
   08F0 23 F8 E9 04 17 FB   154    .db  0x23, 0xf8, 0xe9, 0x04, 0x17, 0xfb, 0x12, 0x9a, 0xff, 0xbe, 0x1f, 0x37, 0x68, 0xc5, 0x94, 0xd0
ASxxxx Assembler V02.00 + NoICE + SDCC mods  (Zilog Z80 / Hitachi HD64180), page 9.
Hexadecimal [16-Bits]



        12 9A FF BE 1F 37
        68 C5 94 D0
   0900 FF 57 14 D1 1F 2A   155    .db  0xff, 0x57, 0x14, 0xd1, 0x1f, 0x2a, 0xc6, 0xaf, 0xd3, 0xa1, 0xd7, 0xaf, 0x0f, 0x53, 0x15, 0xf4
        C6 AF D3 A1 D7 AF
        0F 53 15 F4
   0910 7B FF 7A 0A FD CA   156    .db  0x7b, 0xff, 0x7a, 0x0a, 0xfd, 0xca, 0xff, 0x17, 0x00, 0x12, 0xd5, 0xff, 0x9e, 0x20, 0xd5, 0xac
        FF 17 00 12 D5 FF
        9E 20 D5 AC
   0920 FF AF 43 AE FF AF   157    .db  0xff, 0xaf, 0x43, 0xae, 0xff, 0xaf, 0x45, 0x8d, 0xf2, 0x54, 0x54, 0xff, 0x1e, 0x62, 0xdd, 0x52
        45 8D F2 54 54 FF
        1E 62 DD 52
   0930 BF FC 8D 72 9C 85   158    .db  0xbf, 0xfc, 0x8d, 0x72, 0x9c, 0x85, 0x55, 0xff, 0x5f, 0xf3, 0x52, 0xdc, 0x7e, 0x11, 0x92, 0x13
        55 FF 5F F3 52 DC
        7E 11 92 13
   0940 64 54 C8 FF AA 8A   159    .db  0x64, 0x54, 0xc8, 0xff, 0xaa, 0x8a, 0x17, 0xb7, 0xd8, 0xff, 0x17, 0x31, 0xfe, 0x5c, 0xfc, 0x50
        17 B7 D8 FF 17 31
        FE 5C FC 50
   0950 FF F8 28 F0 C2 FF   160    .db  0xff, 0xf8, 0x28, 0xf0, 0xc2, 0xff, 0x1e, 0x2a, 0xab, 0x8e, 0xd1, 0xde, 0x14, 0x2a, 0xcf, 0xc6
        1E 2A AB 8E D1 DE
        14 2A CF C6
   0960 85 15 48 4E 89 2A   161    .db  0x85, 0x15, 0x48, 0x4e, 0x89, 0x2a, 0xa7, 0x45, 0x64, 0xff, 0x9e, 0xa0, 0xb0, 0xff, 0x8f, 0x08
        A7 45 64 FF 9E A0
        B0 FF 8F 08
   0970 E2 CB C6 18 C8 F9   162    .db  0xe2, 0xcb, 0xc6, 0x18, 0xc8, 0xf9, 0xcf, 0x23, 0xff, 0xfa, 0x28, 0xb5, 0x4f, 0x5a, 0x55, 0x05
        CF 23 FF FA 28 B5
        4F 5A 55 05
   0980 D5 4F 00 4D 69 FF   163    .db  0xd5, 0x4f, 0x00, 0x4d, 0x69, 0xff, 0x4f, 0xd5, 0xb0, 0x57, 0xdf, 0xed, 0x06, 0x75, 0xaa, 0x55
        4F D5 B0 57 DF ED
        06 75 AA 55
   0990 DF 81 FF 3D 55 28   164    .db  0xdf, 0x81, 0xff, 0x3d, 0x55, 0x28, 0xff, 0x79, 0x48, 0x9e, 0x02, 0xaf, 0xff, 0x27, 0x98, 0x99
        FF 79 48 9E 02 AF
        FF 27 98 99
   09A0 53 64 E7 4B E0 62   165    .db  0x53, 0x64, 0xe7, 0x4b, 0xe0, 0x62, 0xc8, 0x2f, 0x08, 0x9c, 0x83, 0xc5, 0xba, 0x44, 0xdc, 0x6c
        C8 2F 08 9C 83 C5
        BA 44 DC 6C
   09B0 E6 77 FF 4F A8 54   166    .db  0xe6, 0x77, 0xff, 0x4f, 0xa8, 0x54, 0x85, 0x80, 0xfe, 0xff, 0x7a, 0xa8, 0xb2, 0xfe, 0xcd, 0x27
        85 80 FE FF 7A A8
        B2 FE CD 27
   09C0 05 98 88 EF 76 A8   167    .db  0x05, 0x98, 0x88, 0xef, 0x76, 0xa8, 0xf4, 0xd5, 0x29, 0x57, 0x6e, 0xe6, 0xaf, 0x4f, 0x86, 0x4c
        F4 D5 29 57 6E E6
        AF 4F 86 4C
   09D0 81 F3 4F 5A FC 94   168    .db  0x81, 0xf3, 0x4f, 0x5a, 0xfc, 0x94, 0xa9, 0x2f, 0xe8, 0xaf, 0x29, 0xb3, 0x0d, 0xea, 0xff, 0x01
        A9 2F E8 AF 29 B3
        0D EA FF 01
   09E0 54 CA FF 13 BA 00   169    .db  0x54, 0xca, 0xff, 0x13, 0xba, 0x00, 0xd4, 0x56, 0xaf, 0x0f, 0xcb, 0x80, 0x0a, 0x9f, 0xa0, 0x42
        D4 56 AF 0F CB 80
        0A 9F A0 42
   09F0 EA FF AB 0E 41 6A   170    .db  0xea, 0xff, 0xab, 0x0e, 0x41, 0x6a, 0xab, 0xfc, 0x4f, 0xff, 0x9e, 0x00, 0xf8, 0x7a, 0x4e, 0x0c
        AB FC 4F FF 9E 00
        F8 7A 4E 0C
   0A00 A8 C0 8C 10 F0 F4   171    .db  0xa8, 0xc0, 0x8c, 0x10, 0xf0, 0xf4, 0x08, 0x25, 0x00, 0xd3, 0xfa, 0x03, 0x37, 0xac, 0x02, 0xe5
        08 25 00 D3 FA 03
        37 AC 02 E5
   0A10 81 0B BF FF BF DB   172    .db  0x81, 0x0b, 0xbf, 0xff, 0xbf, 0xdb, 0xa1, 0x56, 0x01, 0xe8, 0xff, 0xa3, 0xa0, 0x20, 0x42, 0x50
        A1 56 01 E8 FF A3
ASxxxx Assembler V02.00 + NoICE + SDCC mods  (Zilog Z80 / Hitachi HD64180), page 10.
Hexadecimal [16-Bits]



        A0 20 42 50
   0A20 FF 79 80 47 F8 D4   173    .db  0xff, 0x79, 0x80, 0x47, 0xf8, 0xd4, 0x8c, 0xff, 0xbe, 0xaa, 0x3f, 0xff, 0x3c, 0xd4, 0xaf, 0x17
        8C FF BE AA 3F FF
        3C D4 AF 17
   0A30 00 17 4F C1 04 55   174    .db  0x00, 0x17, 0x4f, 0xc1, 0x04, 0x55, 0x5d, 0x00, 0x46, 0xd9, 0xb4, 0x09, 0x5d, 0xdd, 0x29, 0xae
        5D 00 46 D9 B4 09
        5D DD 29 AE
   0A40 08 4F 91 05 71 00   175    .db  0x08, 0x4f, 0x91, 0x05, 0x71, 0x00, 0x5c, 0x4f, 0x64, 0xeb, 0x67, 0x14, 0xbb, 0x04, 0x46, 0x9b
        5C 4F 64 EB 67 14
        BB 04 46 9B
   0A50 37 00 EB 4F A6 DF   176    .db  0x37, 0x00, 0xeb, 0x4f, 0xa6, 0xdf, 0x2c, 0x4f, 0x0b, 0x7a, 0x38, 0xdd, 0x04, 0xb9, 0x17, 0x04
        2C 4F 0B 7A 38 DD
        04 B9 17 04
   0A60 12 EF 05 0C 03 0F   177    .db  0x12, 0xef, 0x05, 0x0c, 0x03, 0x0f, 0x2a, 0xaa, 0x1e, 0x32, 0x00, 0x09, 0xbf, 0x83, 0x44, 0x00
        2A AA 1E 32 00 09
        BF 83 44 00
   0A70 32 05 DB 70 0A 00   178    .db  0x32, 0x05, 0xdb, 0x70, 0x0a, 0x00, 0xb9, 0x81, 0x4f, 0x35, 0xfd, 0x39, 0x55, 0x47, 0x44, 0x88
        B9 81 4F 35 FD 39
        55 47 44 88
   0A80 2E B3 1C A0 45 61   179    .db  0x2e, 0xb3, 0x1c, 0xa0, 0x45, 0x61, 0x4f, 0x36, 0x15, 0xf3, 0x51, 0x21, 0x3e, 0xa2, 0x44, 0x00
        4F 36 15 F3 51 21
        3E A2 44 00
   0A90 83 57 A3 4B 8B B6   180    .db  0x83, 0x57, 0xa3, 0x4b, 0x8b, 0xb6, 0x30, 0xe9, 0x4f, 0x9c, 0xa2, 0xfd, 0x0a, 0xd4, 0x24, 0x89
        30 E9 4F 9C A2 FD
        0A D4 24 89
   0AA0 E4 A3 A4 32 50 4E   181    .db  0xe4, 0xa3, 0xa4, 0x32, 0x50, 0x4e, 0xe6, 0x17, 0xe3, 0x65, 0x3c, 0x00, 0xad, 0x81, 0x51, 0x90
        E6 17 E3 65 3C 00
        AD 81 51 90
   0AB0 7A F5 4F 76 54 40   182    .db  0x7a, 0xf5, 0x4f, 0x76, 0x54, 0x40, 0x52, 0x49, 0xdb, 0xa3, 0x99, 0xae, 0x05, 0x3e, 0xa3, 0xc8
        52 49 DB A3 99 AE
        05 3E A3 C8
   0AC0 E7 00 8D D2 FC 41   183    .db  0xe7, 0x00, 0x8d, 0xd2, 0xfc, 0x41, 0xe1, 0x12, 0x91, 0xd6, 0x84, 0xea, 0xbb, 0x0d, 0xf3, 0x45
        E1 12 91 D6 84 EA
        BB 0D F3 45
   0AD0 4F 12 8A 54 84 F4   184    .db  0x4f, 0x12, 0x8a, 0x54, 0x84, 0xf4, 0xa8, 0x96, 0xf5, 0xa4, 0x96, 0xd2, 0x18, 0x3f, 0x05, 0xb8
        A8 96 F5 A4 96 D2
        18 3F 05 B8
   0AE0 00 B4 87 15 4A B5   185    .db  0x00, 0xb4, 0x87, 0x15, 0x4a, 0xb5, 0xaf, 0xd2, 0x94, 0x4a, 0x89, 0xca, 0x0d, 0x26, 0x4f, 0x8e
        AF D2 94 4A 89 CA
        0D 26 4F 8E
   0AF0 8A 50 12 D0 83 CB   186    .db  0x8a, 0x50, 0x12, 0xd0, 0x83, 0xcb, 0xc6, 0x3d, 0x50, 0x52, 0x54, 0xa8, 0x4f, 0x5d, 0x49, 0x55
        C6 3D 50 52 54 A8
        4F 5D 49 55
   0B00 AA 50 0C AE 4F 1A   187    .db  0xaa, 0x50, 0x0c, 0xae, 0x4f, 0x1a, 0xf3, 0x00, 0x51, 0x65, 0x06, 0xc1, 0x95, 0x85, 0x4f, 0x74
        F3 00 51 65 06 C1
        95 85 4F 74
   0B10 0E C1 55 4F AD A2   188    .db  0x0e, 0xc1, 0x55, 0x4f, 0xad, 0xa2, 0x08, 0x9e, 0x46, 0x00, 0x1c, 0x4f, 0x71, 0xff, 0x4f, 0x15
        08 9E 46 00 1C 4F
        71 FF 4F 15
   0B20 CF 50 28 4E 03 A0   189    .db  0xcf, 0x50, 0x28, 0x4e, 0x03, 0xa0, 0x46, 0x80, 0x03, 0x3e, 0xc9, 0xa4, 0x11, 0xd6, 0x4f, 0x99
        46 80 03 3E C9 A4
        11 D6 4F 99
   0B30 87 00 4F D7 31 D4   190    .db  0x87, 0x00, 0x4f, 0xd7, 0x31, 0xd4, 0x8a, 0x00, 0xa5, 0xf0, 0xb4, 0x20, 0x00, 0x3c, 0x2b, 0x81
        8A 00 A5 F0 B4 20
        00 3C 2B 81
ASxxxx Assembler V02.00 + NoICE + SDCC mods  (Zilog Z80 / Hitachi HD64180), page 11.
Hexadecimal [16-Bits]



   0B40 16 AB 0F 1E E2 FF   191    .db  0x16, 0xab, 0x0f, 0x1e, 0xe2, 0xff, 0x3f, 0xd6, 0xaa, 0x89, 0x60, 0x4f, 0x01, 0x37, 0xe5, 0x84
        3F D6 AA 89 60 4F
        01 37 E5 84
   0B50 03 AE 87 63 4D 00   192    .db  0x03, 0xae, 0x87, 0x63, 0x4d, 0x00, 0x5c, 0x47, 0x71, 0xa0, 0x55, 0x4d, 0x49, 0x45, 0x04, 0xa9
        5C 47 71 A0 55 4D
        49 45 04 A9
   0B60 CC 03 3C E9 55 4F   193    .db  0xcc, 0x03, 0x3c, 0xe9, 0x55, 0x4f, 0x0c, 0xf4, 0x54, 0xae, 0xa6, 0xce, 0xf4, 0x93, 0x17, 0x98
        0C F4 54 AE A6 CE
        F4 93 17 98
   0B70 E6 B3 FB CE DC 13   194    .db  0xe6, 0xb3, 0xfb, 0xce, 0xdc, 0x13, 0x00, 0x4b, 0x0a, 0x16, 0x57, 0xcf, 0xa2, 0x88, 0x04, 0xae
        00 4B 0A 16 57 CF
        A2 88 04 AE
   0B80 01 9F 8C 55 B8 3B   195    .db  0x01, 0x9f, 0x8c, 0x55, 0xb8, 0x3b, 0xb8, 0x00, 0x3a, 0xff, 0xaa, 0x51, 0x32, 0xf3, 0xcf, 0x22
        B8 00 3A FF AA 51
        32 F3 CF 22
   0B90 57 A3 EF CA 42 EA   196    .db  0x57, 0xa3, 0xef, 0xca, 0x42, 0xea, 0xfd, 0x00, 0xff, 0x1a, 0x52, 0xa0, 0x51, 0xcf, 0x00, 0x2c
        FD 00 FF 1A 52 A0
        51 CF 00 2C
   0BA0 0A FB AB A1 10 43   197    .db  0x0a, 0xfb, 0xab, 0xa1, 0x10, 0x43, 0x4c, 0x6e, 0x28, 0x00, 0x30, 0x4b, 0x2e, 0x5f, 0xaf, 0x5f
        4C 6E 28 00 30 4B
        2E 5F AF 5F
   0BB0 FF 4E 04 88 AB 60   198    .db  0xff, 0x4e, 0x04, 0x88, 0xab, 0x60, 0x4f, 0x43, 0x43, 0x4e, 0x5f, 0x44, 0x44, 0xcc, 0x00, 0x52
        4F 43 43 4E 5F 44
        44 CC 00 52
   0BC0 0F FF 0F DC 5C 21   199    .db  0x0f, 0xff, 0x0f, 0xdc, 0x5c, 0x21, 0x50, 0x91, 0x02, 0xcc, 0x8d, 0x00, 0x94, 0x02, 0x35, 0x0d
        50 91 02 CC 8D 00
        94 02 35 0D
   0BD0 00 34 0F 88 00 32   200    .db  0x00, 0x34, 0x0f, 0x88, 0x00, 0x32, 0xf0, 0xa4, 0x00, 0x27, 0xa2, 0x50, 0x4d, 0x0c, 0x75, 0xac
        F0 A4 00 27 A2 50
        4D 0C 75 AC
   0BE0 00 05 02 FA 03 0C   201    .db  0x00, 0x05, 0x02, 0xfa, 0x03, 0x0c, 0xac, 0x0c, 0xfc, 0x5c, 0x07, 0xac, 0x01, 0x5c, 0x0c, 0x5d
        AC 0C FC 5C 07 AC
        01 5C 0C 5D
   0BF0 26 10 F0 12 10 D0   202    .db  0x26, 0x10, 0xf0, 0x12, 0x10, 0xd0, 0x4f, 0xd6, 0x42, 0xd4, 0x4f, 0xd4, 0xfc, 0x4f, 0xd4, 0xa0
        4F D6 42 D4 4F D4
        FC 4F D4 A0
   0C00 51 06 7A 37 A0 50   203    .db  0x51, 0x06, 0x7a, 0x37, 0xa0, 0x50, 0x3f, 0x1a, 0xa0, 0x4f, 0x06, 0xa8, 0x4f, 0x2d, 0x26, 0xe0
        3F 1A A0 4F 06 A8
        4F 2D 26 E0
   0C10 A8 00 46 F0 B5 00   204    .db  0xa8, 0x00, 0x46, 0xf0, 0xb5, 0x00, 0x59, 0x3f, 0x14, 0xf3, 0xf3, 0x15, 0x0b, 0xc1, 0x54, 0x00
        59 3F 14 F3 F3 15
        0B C1 54 00
   0C20 68 FC 00 2D 82 00   205    .db  0x68, 0xfc, 0x00, 0x2d, 0x82, 0x00
                            206 ;; Address of the latest byte of the compressed array (for unpacking purposes)
                     0C25   207 _menu_screen_z_end == . - 1
                            208 
