ASxxxx Assembler V02.00 + NoICE + SDCC mods  (Zilog Z80 / Hitachi HD64180), page 1.
Hexadecimal [16-Bits]



                              1 ;;;;;;;;;;;;;;;;;;;;  
                              2 ;; GLOBAL SYMBOLS ;;
                              3 ;;;;;;;;;;;;;;;;;;;;
                              4     ;; cpctelera
                              5       .globl cpct_waitVSYNC_asm           
                              6       .globl cpct_waitHalts_asm
                              7       .globl cpct_memcpy_asm           
                              8                                           
                              9    ;; managers                            
                             10       .globl _man_entity_init             
                             11       .globl _man_entity_update           
                             12       .globl _man_entity_create
                             13       .globl  man_anim_enemy1                           
                             14    ;; systems                             
                             15       .globl _sys_physics_update          
                             16       .globl _sys_render_update                   
                             17       .globl _sys_render_init
                             18       .globl _sys_ai_update
                             19       .globl sys_ai_behaviour_left_right
                             20       .globl sys_ai_behaviour_mothership
                             21       .globl _sys_animations_update
                             22    ;; sprites
                             23       .globl _spr_mothership
                             24       .globl _spr_playership_0
                             25       .globl _spr_playership_1
                             26       .globl _spr_enemy1_0
                             27       .globl _spr_enemy1_1
