ASxxxx Assembler V02.00 + NoICE + SDCC mods  (Zilog Z80 / Hitachi HD64180), page 1.
Hexadecimal [16-Bits]



                              1 ;;
                              2 ;; File assets/mapa.tmx converted to csv using cpct_tmx2data [Tue Oct 17 01:12:40 2023]
                              3 ;;   * Visible Layers:  1
                              4 ;;   * Layer Width:     48
                              5 ;;   * Layer Height:    25
                              6 ;;   * Bits per tile:   8
                              7 ;;   * Layer Bytes:     1200 (48 x 25 items, 8 bits per item)
                              8 ;;   * Total Bytes:     1200 (1200 x 1, bytes per layer times layers)
                              9 ;;
                             10 ;;#### Width and height constants ####
                     0030    11 _tilemap_01_W = 48
                     0019    12 _tilemap_01_H = 25
                             13 
                             14 ;;#### Converted layer tilemaps ####
                             15 ;;   Visible layers: 1
                             16 ;;
                             17 .globl _tilemap_01
                     04B0    18 _tilemap_01_SIZE = 1200
