ASxxxx Assembler V02.00 + NoICE + SDCC mods  (Zilog Z80 / Hitachi HD64180), page 1.
Hexadecimal [16-Bits]



                              1         ;;;;;;;;;;;;;;;;;;;;
                              2         ;; DEFINED VALUES ;;
                              3         ;;;;;;;;;;;;;;;;;;;;
                              4           ;; cpctelera
                              5          
                              6                                           
                              7    ;; managers                            
                              8                        
                              9    ;; systems                             
                             10 
                             11    ;; sprites
                             12   .globl _spr_sprite1_S
                             13   .globl _spr_sprite2_S
                             14   .globl _spr_sprite3_S
                             15   .globl _spr_sprite4_S
                             16   .globl _spr_sprite1_W
                             17   .globl _spr_sprite2_W
                             18   .globl _spr_sprite3_W
                             19   .globl _spr_sprite4_W
                             20   .globl _spr_sprite1_A
                             21   .globl _spr_sprite2_A
                             22   .globl _spr_sprite3_A
                             23   .globl _spr_sprite4_A
