                              1 ;--------------------------------------------------------
                              2 ; File Created by SDCC : free open source ANSI-C Compiler
                              3 ; Version 3.6.8 #9946 (Linux)
                              4 ;--------------------------------------------------------
                              5 	.module enemy1
                              6 	.optsdcc -mz80
                              7 	
                              8 ;--------------------------------------------------------
                              9 ; Public variables in this module
                             10 ;--------------------------------------------------------
                             11 	.globl _spr_enemy1_1
                             12 	.globl _spr_enemy1_0
                             13 ;--------------------------------------------------------
                             14 ; special function registers
                             15 ;--------------------------------------------------------
                             16 ;--------------------------------------------------------
                             17 ; ram data
                             18 ;--------------------------------------------------------
                             19 	.area _DATA
                             20 ;--------------------------------------------------------
                             21 ; ram data
                             22 ;--------------------------------------------------------
                             23 	.area _INITIALIZED
                             24 ;--------------------------------------------------------
                             25 ; absolute external ram data
                             26 ;--------------------------------------------------------
                             27 	.area _DABS (ABS)
                             28 ;--------------------------------------------------------
                             29 ; global & static initialisations
                             30 ;--------------------------------------------------------
                             31 	.area _HOME
                             32 	.area _GSINIT
                             33 	.area _GSFINAL
                             34 	.area _GSINIT
                             35 ;--------------------------------------------------------
                             36 ; Home
                             37 ;--------------------------------------------------------
                             38 	.area _HOME
                             39 	.area _HOME
                             40 ;--------------------------------------------------------
                             41 ; code
                             42 ;--------------------------------------------------------
                             43 	.area _CODE
                             44 	.area _CODE
   0000                      45 _spr_enemy1_0:
   0000 00                   46 	.db #0x00	; 0
   0001 00                   47 	.db #0x00	; 0
   0002 00                   48 	.db #0x00	; 0
   0003 00                   49 	.db #0x00	; 0
   0004 00                   50 	.db #0x00	; 0
   0005 00                   51 	.db #0x00	; 0
   0006 00                   52 	.db #0x00	; 0
   0007 00                   53 	.db #0x00	; 0
   0008 00                   54 	.db #0x00	; 0
   0009 00                   55 	.db #0x00	; 0
   000A 00                   56 	.db #0x00	; 0
   000B 00                   57 	.db #0x00	; 0
   000C CC                   58 	.db #0xcc	; 204
   000D 88                   59 	.db #0x88	; 136
   000E 00                   60 	.db #0x00	; 0
   000F 00                   61 	.db #0x00	; 0
   0010 44                   62 	.db #0x44	; 68	'D'
   0011 CC                   63 	.db #0xcc	; 204
   0012 00                   64 	.db #0x00	; 0
   0013 00                   65 	.db #0x00	; 0
   0014 00                   66 	.db #0x00	; 0
   0015 00                   67 	.db #0x00	; 0
   0016 CC                   68 	.db #0xcc	; 204
   0017 88                   69 	.db #0x88	; 136
   0018 00                   70 	.db #0x00	; 0
   0019 00                   71 	.db #0x00	; 0
   001A 44                   72 	.db #0x44	; 68	'D'
   001B CC                   73 	.db #0xcc	; 204
   001C 00                   74 	.db #0x00	; 0
   001D 00                   75 	.db #0x00	; 0
   001E 00                   76 	.db #0x00	; 0
   001F 44                   77 	.db #0x44	; 68	'D'
   0020 44                   78 	.db #0x44	; 68	'D'
   0021 44                   79 	.db #0x44	; 68	'D'
   0022 44                   80 	.db #0x44	; 68	'D'
   0023 44                   81 	.db #0x44	; 68	'D'
   0024 44                   82 	.db #0x44	; 68	'D'
   0025 44                   83 	.db #0x44	; 68	'D'
   0026 44                   84 	.db #0x44	; 68	'D'
   0027 00                   85 	.db #0x00	; 0
   0028 00                   86 	.db #0x00	; 0
   0029 82                   87 	.db #0x82	; 130
   002A C3                   88 	.db #0xc3	; 195
   002B 00                   89 	.db #0x00	; 0
   002C C3                   90 	.db #0xc3	; 195
   002D C3                   91 	.db #0xc3	; 195
   002E 00                   92 	.db #0x00	; 0
   002F C3                   93 	.db #0xc3	; 195
   0030 82                   94 	.db #0x82	; 130
   0031 00                   95 	.db #0x00	; 0
   0032 00                   96 	.db #0x00	; 0
   0033 82                   97 	.db #0x82	; 130
   0034 82                   98 	.db #0x82	; 130
   0035 C3                   99 	.db #0xc3	; 195
   0036 C3                  100 	.db #0xc3	; 195
   0037 C3                  101 	.db #0xc3	; 195
   0038 C3                  102 	.db #0xc3	; 195
   0039 41                  103 	.db #0x41	; 65	'A'
   003A 41                  104 	.db #0x41	; 65	'A'
   003B 00                  105 	.db #0x00	; 0
   003C 00                  106 	.db #0x00	; 0
   003D 0A                  107 	.db #0x0a	; 10
   003E 0A                  108 	.db #0x0a	; 10
   003F 0F                  109 	.db #0x0f	; 15
   0040 0A                  110 	.db #0x0a	; 10
   0041 05                  111 	.db #0x05	; 5
   0042 0F                  112 	.db #0x0f	; 15
   0043 05                  113 	.db #0x05	; 5
   0044 05                  114 	.db #0x05	; 5
   0045 00                  115 	.db #0x00	; 0
   0046 00                  116 	.db #0x00	; 0
   0047 0A                  117 	.db #0x0a	; 10
   0048 0F                  118 	.db #0x0f	; 15
   0049 00                  119 	.db #0x00	; 0
   004A 0F                  120 	.db #0x0f	; 15
   004B 0F                  121 	.db #0x0f	; 15
   004C 00                  122 	.db #0x00	; 0
   004D 0F                  123 	.db #0x0f	; 15
   004E 0A                  124 	.db #0x0a	; 10
   004F 00                  125 	.db #0x00	; 0
   0050 00                  126 	.db #0x00	; 0
   0051 0F                  127 	.db #0x0f	; 15
   0052 0A                  128 	.db #0x0a	; 10
   0053 0A                  129 	.db #0x0a	; 10
   0054 0A                  130 	.db #0x0a	; 10
   0055 05                  131 	.db #0x05	; 5
   0056 05                  132 	.db #0x05	; 5
   0057 0A                  133 	.db #0x0a	; 10
   0058 0F                  134 	.db #0x0f	; 15
   0059 00                  135 	.db #0x00	; 0
   005A 00                  136 	.db #0x00	; 0
   005B 00                  137 	.db #0x00	; 0
   005C 00                  138 	.db #0x00	; 0
   005D 00                  139 	.db #0x00	; 0
   005E 00                  140 	.db #0x00	; 0
   005F 00                  141 	.db #0x00	; 0
   0060 00                  142 	.db #0x00	; 0
   0061 00                  143 	.db #0x00	; 0
   0062 00                  144 	.db #0x00	; 0
   0063 00                  145 	.db #0x00	; 0
   0064                     146 _spr_enemy1_1:
   0064 00                  147 	.db #0x00	; 0
   0065 00                  148 	.db #0x00	; 0
   0066 00                  149 	.db #0x00	; 0
   0067 00                  150 	.db #0x00	; 0
   0068 00                  151 	.db #0x00	; 0
   0069 00                  152 	.db #0x00	; 0
   006A 00                  153 	.db #0x00	; 0
   006B 00                  154 	.db #0x00	; 0
   006C 00                  155 	.db #0x00	; 0
   006D 00                  156 	.db #0x00	; 0
   006E 00                  157 	.db #0x00	; 0
   006F CC                  158 	.db #0xcc	; 204
   0070 00                  159 	.db #0x00	; 0
   0071 00                  160 	.db #0x00	; 0
   0072 CC                  161 	.db #0xcc	; 204
   0073 CC                  162 	.db #0xcc	; 204
   0074 00                  163 	.db #0x00	; 0
   0075 00                  164 	.db #0x00	; 0
   0076 CC                  165 	.db #0xcc	; 204
   0077 00                  166 	.db #0x00	; 0
   0078 00                  167 	.db #0x00	; 0
   0079 CC                  168 	.db #0xcc	; 204
   007A 00                  169 	.db #0x00	; 0
   007B CC                  170 	.db #0xcc	; 204
   007C CC                  171 	.db #0xcc	; 204
   007D CC                  172 	.db #0xcc	; 204
   007E CC                  173 	.db #0xcc	; 204
   007F 00                  174 	.db #0x00	; 0
   0080 CC                  175 	.db #0xcc	; 204
   0081 00                  176 	.db #0x00	; 0
   0082 00                  177 	.db #0x00	; 0
   0083 00                  178 	.db #0x00	; 0
   0084 CC                  179 	.db #0xcc	; 204
   0085 CC                  180 	.db #0xcc	; 204
   0086 CC                  181 	.db #0xcc	; 204
   0087 CC                  182 	.db #0xcc	; 204
   0088 CC                  183 	.db #0xcc	; 204
   0089 CC                  184 	.db #0xcc	; 204
   008A 00                  185 	.db #0x00	; 0
   008B 00                  186 	.db #0x00	; 0
   008C 00                  187 	.db #0x00	; 0
   008D 41                  188 	.db #0x41	; 65	'A'
   008E 82                  189 	.db #0x82	; 130
   008F C3                  190 	.db #0xc3	; 195
   0090 82                  191 	.db #0x82	; 130
   0091 41                  192 	.db #0x41	; 65	'A'
   0092 C3                  193 	.db #0xc3	; 195
   0093 41                  194 	.db #0x41	; 65	'A'
   0094 82                  195 	.db #0x82	; 130
   0095 00                  196 	.db #0x00	; 0
   0096 00                  197 	.db #0x00	; 0
   0097 C3                  198 	.db #0xc3	; 195
   0098 82                  199 	.db #0x82	; 130
   0099 82                  200 	.db #0x82	; 130
   009A C3                  201 	.db #0xc3	; 195
   009B C3                  202 	.db #0xc3	; 195
   009C 82                  203 	.db #0x82	; 130
   009D 82                  204 	.db #0x82	; 130
   009E C3                  205 	.db #0xc3	; 195
   009F 00                  206 	.db #0x00	; 0
   00A0 00                  207 	.db #0x00	; 0
   00A1 0A                  208 	.db #0x0a	; 10
   00A2 0F                  209 	.db #0x0f	; 15
   00A3 00                  210 	.db #0x00	; 0
   00A4 05                  211 	.db #0x05	; 5
   00A5 0A                  212 	.db #0x0a	; 10
   00A6 00                  213 	.db #0x00	; 0
   00A7 0F                  214 	.db #0x0f	; 15
   00A8 0A                  215 	.db #0x0a	; 10
   00A9 00                  216 	.db #0x00	; 0
   00AA 00                  217 	.db #0x00	; 0
   00AB 0F                  218 	.db #0x0f	; 15
   00AC 0A                  219 	.db #0x0a	; 10
   00AD 0A                  220 	.db #0x0a	; 10
   00AE 00                  221 	.db #0x00	; 0
   00AF 00                  222 	.db #0x00	; 0
   00B0 05                  223 	.db #0x05	; 5
   00B1 0A                  224 	.db #0x0a	; 10
   00B2 0F                  225 	.db #0x0f	; 15
   00B3 00                  226 	.db #0x00	; 0
   00B4 00                  227 	.db #0x00	; 0
   00B5 05                  228 	.db #0x05	; 5
   00B6 0A                  229 	.db #0x0a	; 10
   00B7 0F                  230 	.db #0x0f	; 15
   00B8 00                  231 	.db #0x00	; 0
   00B9 00                  232 	.db #0x00	; 0
   00BA 0F                  233 	.db #0x0f	; 15
   00BB 05                  234 	.db #0x05	; 5
   00BC 0A                  235 	.db #0x0a	; 10
   00BD 00                  236 	.db #0x00	; 0
   00BE 00                  237 	.db #0x00	; 0
   00BF 00                  238 	.db #0x00	; 0
   00C0 00                  239 	.db #0x00	; 0
   00C1 00                  240 	.db #0x00	; 0
   00C2 00                  241 	.db #0x00	; 0
   00C3 00                  242 	.db #0x00	; 0
   00C4 00                  243 	.db #0x00	; 0
   00C5 00                  244 	.db #0x00	; 0
   00C6 00                  245 	.db #0x00	; 0
   00C7 00                  246 	.db #0x00	; 0
                            247 	.area _INITIALIZER
                            248 	.area _CABS (ABS)
