                              1 ;--------------------------------------------------------
                              2 ; File Created by SDCC : free open source ANSI-C Compiler
                              3 ; Version 3.6.8 #9946 (Linux)
                              4 ;--------------------------------------------------------
                              5 	.module enemigo03
                              6 	.optsdcc -mz80
                              7 	
                              8 ;--------------------------------------------------------
                              9 ; Public variables in this module
                             10 ;--------------------------------------------------------
                             11 	.globl _spr_nnod2
                             12 ;--------------------------------------------------------
                             13 ; special function registers
                             14 ;--------------------------------------------------------
                             15 ;--------------------------------------------------------
                             16 ; ram data
                             17 ;--------------------------------------------------------
                             18 	.area _DATA
                             19 ;--------------------------------------------------------
                             20 ; ram data
                             21 ;--------------------------------------------------------
                             22 	.area _INITIALIZED
                             23 ;--------------------------------------------------------
                             24 ; absolute external ram data
                             25 ;--------------------------------------------------------
                             26 	.area _DABS (ABS)
                             27 ;--------------------------------------------------------
                             28 ; global & static initialisations
                             29 ;--------------------------------------------------------
                             30 	.area _HOME
                             31 	.area _GSINIT
                             32 	.area _GSFINAL
                             33 	.area _GSINIT
                             34 ;--------------------------------------------------------
                             35 ; Home
                             36 ;--------------------------------------------------------
                             37 	.area _HOME
                             38 	.area _HOME
                             39 ;--------------------------------------------------------
                             40 ; code
                             41 ;--------------------------------------------------------
                             42 	.area _CODE
                             43 	.area _CODE
   0000                      44 _spr_nnod2:
   0000 00                   45 	.db #0x00	; 0
   0001 00                   46 	.db #0x00	; 0
   0002 00                   47 	.db #0x00	; 0
   0003 00                   48 	.db #0x00	; 0
   0004 03                   49 	.db #0x03	; 3
   0005 03                   50 	.db #0x03	; 3
   0006 02                   51 	.db #0x02	; 2
   0007 00                   52 	.db #0x00	; 0
   0008 00                   53 	.db #0x00	; 0
   0009 00                   54 	.db #0x00	; 0
   000A 00                   55 	.db #0x00	; 0
   000B 00                   56 	.db #0x00	; 0
   000C 00                   57 	.db #0x00	; 0
   000D 00                   58 	.db #0x00	; 0
   000E 03                   59 	.db #0x03	; 3
   000F 03                   60 	.db #0x03	; 3
   0010 02                   61 	.db #0x02	; 2
   0011 00                   62 	.db #0x00	; 0
   0012 00                   63 	.db #0x00	; 0
   0013 00                   64 	.db #0x00	; 0
   0014 00                   65 	.db #0x00	; 0
   0015 00                   66 	.db #0x00	; 0
   0016 00                   67 	.db #0x00	; 0
   0017 01                   68 	.db #0x01	; 1
   0018 03                   69 	.db #0x03	; 3
   0019 03                   70 	.db #0x03	; 3
   001A 03                   71 	.db #0x03	; 3
   001B 00                   72 	.db #0x00	; 0
   001C 00                   73 	.db #0x00	; 0
   001D 00                   74 	.db #0x00	; 0
   001E 00                   75 	.db #0x00	; 0
   001F 00                   76 	.db #0x00	; 0
   0020 00                   77 	.db #0x00	; 0
   0021 14                   78 	.db #0x14	; 20
   0022 3C                   79 	.db #0x3c	; 60
   0023 3C                   80 	.db #0x3c	; 60
   0024 3C                   81 	.db #0x3c	; 60
   0025 00                   82 	.db #0x00	; 0
   0026 00                   83 	.db #0x00	; 0
   0027 00                   84 	.db #0x00	; 0
   0028 00                   85 	.db #0x00	; 0
   0029 00                   86 	.db #0x00	; 0
   002A 14                   87 	.db #0x14	; 20
   002B 28                   88 	.db #0x28	; 40
   002C 28                   89 	.db #0x28	; 40
   002D 28                   90 	.db #0x28	; 40
   002E 28                   91 	.db #0x28	; 40
   002F 3C                   92 	.db #0x3c	; 60
   0030 00                   93 	.db #0x00	; 0
   0031 00                   94 	.db #0x00	; 0
   0032 00                   95 	.db #0x00	; 0
   0033 00                   96 	.db #0x00	; 0
   0034 14                   97 	.db #0x14	; 20
   0035 14                   98 	.db #0x14	; 20
   0036 14                   99 	.db #0x14	; 20
   0037 14                  100 	.db #0x14	; 20
   0038 14                  101 	.db #0x14	; 20
   0039 14                  102 	.db #0x14	; 20
   003A 00                  103 	.db #0x00	; 0
   003B 00                  104 	.db #0x00	; 0
   003C 00                  105 	.db #0x00	; 0
   003D 00                  106 	.db #0x00	; 0
   003E 40                  107 	.db #0x40	; 64
   003F C0                  108 	.db #0xc0	; 192
   0040 C0                  109 	.db #0xc0	; 192
   0041 C0                  110 	.db #0xc0	; 192
   0042 C0                  111 	.db #0xc0	; 192
   0043 C0                  112 	.db #0xc0	; 192
   0044 00                  113 	.db #0x00	; 0
   0045 00                  114 	.db #0x00	; 0
   0046 00                  115 	.db #0x00	; 0
   0047 00                  116 	.db #0x00	; 0
   0048 54                  117 	.db #0x54	; 84	'T'
   0049 FC                  118 	.db #0xfc	; 252
   004A FC                  119 	.db #0xfc	; 252
   004B FC                  120 	.db #0xfc	; 252
   004C FC                  121 	.db #0xfc	; 252
   004D FC                  122 	.db #0xfc	; 252
   004E 00                  123 	.db #0x00	; 0
   004F 00                  124 	.db #0x00	; 0
   0050 00                  125 	.db #0x00	; 0
   0051 00                  126 	.db #0x00	; 0
   0052 FC                  127 	.db #0xfc	; 252
   0053 00                  128 	.db #0x00	; 0
   0054 A8                  129 	.db #0xa8	; 168
   0055 54                  130 	.db #0x54	; 84	'T'
   0056 54                  131 	.db #0x54	; 84	'T'
   0057 54                  132 	.db #0x54	; 84	'T'
   0058 00                  133 	.db #0x00	; 0
   0059 00                  134 	.db #0x00	; 0
   005A 00                  135 	.db #0x00	; 0
   005B 00                  136 	.db #0x00	; 0
   005C FC                  137 	.db #0xfc	; 252
   005D 00                  138 	.db #0x00	; 0
   005E A8                  139 	.db #0xa8	; 168
   005F 00                  140 	.db #0x00	; 0
   0060 A8                  141 	.db #0xa8	; 168
   0061 FC                  142 	.db #0xfc	; 252
   0062 00                  143 	.db #0x00	; 0
   0063 00                  144 	.db #0x00	; 0
   0064 00                  145 	.db #0x00	; 0
   0065 FC                  146 	.db #0xfc	; 252
   0066 00                  147 	.db #0x00	; 0
   0067 54                  148 	.db #0x54	; 84	'T'
   0068 A8                  149 	.db #0xa8	; 168
   0069 FC                  150 	.db #0xfc	; 252
   006A 54                  151 	.db #0x54	; 84	'T'
   006B 00                  152 	.db #0x00	; 0
   006C FC                  153 	.db #0xfc	; 252
   006D 00                  154 	.db #0x00	; 0
   006E 00                  155 	.db #0x00	; 0
   006F 00                  156 	.db #0x00	; 0
   0070 10                  157 	.db #0x10	; 16
   0071 20                  158 	.db #0x20	; 32
   0072 10                  159 	.db #0x10	; 16
   0073 10                  160 	.db #0x10	; 16
   0074 10                  161 	.db #0x10	; 16
   0075 20                  162 	.db #0x20	; 32
   0076 00                  163 	.db #0x00	; 0
   0077 00                  164 	.db #0x00	; 0
   0078 00                  165 	.db #0x00	; 0
   0079 20                  166 	.db #0x20	; 32
   007A 10                  167 	.db #0x10	; 16
   007B 30                  168 	.db #0x30	; 48	'0'
   007C 00                  169 	.db #0x00	; 0
   007D 20                  170 	.db #0x20	; 32
   007E 10                  171 	.db #0x10	; 16
   007F 20                  172 	.db #0x20	; 32
   0080 20                  173 	.db #0x20	; 32
   0081 00                  174 	.db #0x00	; 0
   0082 00                  175 	.db #0x00	; 0
   0083 00                  176 	.db #0x00	; 0
   0084 00                  177 	.db #0x00	; 0
   0085 41                  178 	.db #0x41	; 65	'A'
   0086 82                  179 	.db #0x82	; 130
   0087 82                  180 	.db #0x82	; 130
   0088 C3                  181 	.db #0xc3	; 195
   0089 00                  182 	.db #0x00	; 0
   008A 00                  183 	.db #0x00	; 0
   008B 00                  184 	.db #0x00	; 0
   008C 00                  185 	.db #0x00	; 0
   008D 82                  186 	.db #0x82	; 130
   008E 41                  187 	.db #0x41	; 65	'A'
   008F 00                  188 	.db #0x00	; 0
   0090 41                  189 	.db #0x41	; 65	'A'
   0091 82                  190 	.db #0x82	; 130
   0092 00                  191 	.db #0x00	; 0
   0093 82                  192 	.db #0x82	; 130
   0094 41                  193 	.db #0x41	; 65	'A'
   0095 00                  194 	.db #0x00	; 0
   0096 00                  195 	.db #0x00	; 0
   0097 00                  196 	.db #0x00	; 0
   0098 00                  197 	.db #0x00	; 0
   0099 00                  198 	.db #0x00	; 0
   009A 82                  199 	.db #0x82	; 130
   009B 82                  200 	.db #0x82	; 130
   009C 82                  201 	.db #0x82	; 130
   009D 00                  202 	.db #0x00	; 0
   009E 00                  203 	.db #0x00	; 0
   009F 00                  204 	.db #0x00	; 0
                            205 	.area _INITIALIZER
                            206 	.area _CABS (ABS)
