                              1 ;--------------------------------------------------------
                              2 ; File Created by SDCC : free open source ANSI-C Compiler
                              3 ; Version 3.6.8 #9946 (Linux)
                              4 ;--------------------------------------------------------
                              5 	.module mothership
                              6 	.optsdcc -mz80
                              7 	
                              8 ;--------------------------------------------------------
                              9 ; Public variables in this module
                             10 ;--------------------------------------------------------
                             11 	.globl _spr_mothership
                             12 ;--------------------------------------------------------
                             13 ; special function registers
                             14 ;--------------------------------------------------------
                             15 ;--------------------------------------------------------
                             16 ; ram data
                             17 ;--------------------------------------------------------
                             18 	.area _DATA
                             19 ;--------------------------------------------------------
                             20 ; ram data
                             21 ;--------------------------------------------------------
                             22 	.area _INITIALIZED
                             23 ;--------------------------------------------------------
                             24 ; absolute external ram data
                             25 ;--------------------------------------------------------
                             26 	.area _DABS (ABS)
                             27 ;--------------------------------------------------------
                             28 ; global & static initialisations
                             29 ;--------------------------------------------------------
                             30 	.area _HOME
                             31 	.area _GSINIT
                             32 	.area _GSFINAL
                             33 	.area _GSINIT
                             34 ;--------------------------------------------------------
                             35 ; Home
                             36 ;--------------------------------------------------------
                             37 	.area _HOME
                             38 	.area _HOME
                             39 ;--------------------------------------------------------
                             40 ; code
                             41 ;--------------------------------------------------------
                             42 	.area _CODE
                             43 	.area _CODE
   0000                      44 _spr_mothership:
   0000 00                   45 	.db #0x00	; 0
   0001 00                   46 	.db #0x00	; 0
   0002 00                   47 	.db #0x00	; 0
   0003 00                   48 	.db #0x00	; 0
   0004 00                   49 	.db #0x00	; 0
   0005 00                   50 	.db #0x00	; 0
   0006 00                   51 	.db #0x00	; 0
   0007 00                   52 	.db #0x00	; 0
   0008 00                   53 	.db #0x00	; 0
   0009 00                   54 	.db #0x00	; 0
   000A 00                   55 	.db #0x00	; 0
   000B 00                   56 	.db #0x00	; 0
   000C 00                   57 	.db #0x00	; 0
   000D 00                   58 	.db #0x00	; 0
   000E 00                   59 	.db #0x00	; 0
   000F 00                   60 	.db #0x00	; 0
   0010 00                   61 	.db #0x00	; 0
   0011 00                   62 	.db #0x00	; 0
   0012 00                   63 	.db #0x00	; 0
   0013 00                   64 	.db #0x00	; 0
   0014 00                   65 	.db #0x00	; 0
   0015 00                   66 	.db #0x00	; 0
   0016 00                   67 	.db #0x00	; 0
   0017 00                   68 	.db #0x00	; 0
   0018 00                   69 	.db #0x00	; 0
   0019 00                   70 	.db #0x00	; 0
   001A C3                   71 	.db #0xc3	; 195
   001B C3                   72 	.db #0xc3	; 195
   001C 00                   73 	.db #0x00	; 0
   001D 00                   74 	.db #0x00	; 0
   001E 00                   75 	.db #0x00	; 0
   001F 00                   76 	.db #0x00	; 0
   0020 00                   77 	.db #0x00	; 0
   0021 00                   78 	.db #0x00	; 0
   0022 00                   79 	.db #0x00	; 0
   0023 00                   80 	.db #0x00	; 0
   0024 00                   81 	.db #0x00	; 0
   0025 00                   82 	.db #0x00	; 0
   0026 00                   83 	.db #0x00	; 0
   0027 00                   84 	.db #0x00	; 0
   0028 00                   85 	.db #0x00	; 0
   0029 00                   86 	.db #0x00	; 0
   002A F3                   87 	.db #0xf3	; 243
   002B F3                   88 	.db #0xf3	; 243
   002C F3                   89 	.db #0xf3	; 243
   002D F3                   90 	.db #0xf3	; 243
   002E F3                   91 	.db #0xf3	; 243
   002F F3                   92 	.db #0xf3	; 243
   0030 00                   93 	.db #0x00	; 0
   0031 00                   94 	.db #0x00	; 0
   0032 00                   95 	.db #0x00	; 0
   0033 00                   96 	.db #0x00	; 0
   0034 00                   97 	.db #0x00	; 0
   0035 00                   98 	.db #0x00	; 0
   0036 00                   99 	.db #0x00	; 0
   0037 00                  100 	.db #0x00	; 0
   0038 00                  101 	.db #0x00	; 0
   0039 00                  102 	.db #0x00	; 0
   003A 0C                  103 	.db #0x0c	; 12
   003B 0C                  104 	.db #0x0c	; 12
   003C 0C                  105 	.db #0x0c	; 12
   003D 0C                  106 	.db #0x0c	; 12
   003E 0C                  107 	.db #0x0c	; 12
   003F 0C                  108 	.db #0x0c	; 12
   0040 0C                  109 	.db #0x0c	; 12
   0041 0C                  110 	.db #0x0c	; 12
   0042 0C                  111 	.db #0x0c	; 12
   0043 0C                  112 	.db #0x0c	; 12
   0044 00                  113 	.db #0x00	; 0
   0045 00                  114 	.db #0x00	; 0
   0046 00                  115 	.db #0x00	; 0
   0047 00                  116 	.db #0x00	; 0
   0048 00                  117 	.db #0x00	; 0
   0049 00                  118 	.db #0x00	; 0
   004A 00                  119 	.db #0x00	; 0
   004B FC                  120 	.db #0xfc	; 252
   004C FC                  121 	.db #0xfc	; 252
   004D FC                  122 	.db #0xfc	; 252
   004E FC                  123 	.db #0xfc	; 252
   004F FC                  124 	.db #0xfc	; 252
   0050 FC                  125 	.db #0xfc	; 252
   0051 FC                  126 	.db #0xfc	; 252
   0052 FC                  127 	.db #0xfc	; 252
   0053 FC                  128 	.db #0xfc	; 252
   0054 FC                  129 	.db #0xfc	; 252
   0055 FC                  130 	.db #0xfc	; 252
   0056 FC                  131 	.db #0xfc	; 252
   0057 00                  132 	.db #0x00	; 0
   0058 00                  133 	.db #0x00	; 0
   0059 00                  134 	.db #0x00	; 0
   005A 00                  135 	.db #0x00	; 0
   005B 00                  136 	.db #0x00	; 0
   005C F0                  137 	.db #0xf0	; 240
   005D F0                  138 	.db #0xf0	; 240
   005E F0                  139 	.db #0xf0	; 240
   005F F0                  140 	.db #0xf0	; 240
   0060 F0                  141 	.db #0xf0	; 240
   0061 F0                  142 	.db #0xf0	; 240
   0062 F0                  143 	.db #0xf0	; 240
   0063 F0                  144 	.db #0xf0	; 240
   0064 F0                  145 	.db #0xf0	; 240
   0065 F0                  146 	.db #0xf0	; 240
   0066 F0                  147 	.db #0xf0	; 240
   0067 F0                  148 	.db #0xf0	; 240
   0068 F0                  149 	.db #0xf0	; 240
   0069 F0                  150 	.db #0xf0	; 240
   006A 00                  151 	.db #0x00	; 0
   006B 00                  152 	.db #0x00	; 0
   006C 00                  153 	.db #0x00	; 0
   006D F0                  154 	.db #0xf0	; 240
   006E F0                  155 	.db #0xf0	; 240
   006F F0                  156 	.db #0xf0	; 240
   0070 F0                  157 	.db #0xf0	; 240
   0071 F0                  158 	.db #0xf0	; 240
   0072 F0                  159 	.db #0xf0	; 240
   0073 F0                  160 	.db #0xf0	; 240
   0074 F0                  161 	.db #0xf0	; 240
   0075 F0                  162 	.db #0xf0	; 240
   0076 F0                  163 	.db #0xf0	; 240
   0077 F0                  164 	.db #0xf0	; 240
   0078 F0                  165 	.db #0xf0	; 240
   0079 F0                  166 	.db #0xf0	; 240
   007A F0                  167 	.db #0xf0	; 240
   007B F0                  168 	.db #0xf0	; 240
   007C F0                  169 	.db #0xf0	; 240
   007D 00                  170 	.db #0x00	; 0
   007E 00                  171 	.db #0x00	; 0
   007F F0                  172 	.db #0xf0	; 240
   0080 F0                  173 	.db #0xf0	; 240
   0081 00                  174 	.db #0x00	; 0
   0082 F0                  175 	.db #0xf0	; 240
   0083 00                  176 	.db #0x00	; 0
   0084 F0                  177 	.db #0xf0	; 240
   0085 00                  178 	.db #0x00	; 0
   0086 F0                  179 	.db #0xf0	; 240
   0087 00                  180 	.db #0x00	; 0
   0088 F0                  181 	.db #0xf0	; 240
   0089 00                  182 	.db #0x00	; 0
   008A F0                  183 	.db #0xf0	; 240
   008B 00                  184 	.db #0x00	; 0
   008C F0                  185 	.db #0xf0	; 240
   008D 00                  186 	.db #0x00	; 0
   008E F0                  187 	.db #0xf0	; 240
   008F 00                  188 	.db #0x00	; 0
   0090 00                  189 	.db #0x00	; 0
   0091 F0                  190 	.db #0xf0	; 240
   0092 00                  191 	.db #0x00	; 0
   0093 F0                  192 	.db #0xf0	; 240
   0094 00                  193 	.db #0x00	; 0
   0095 F0                  194 	.db #0xf0	; 240
   0096 00                  195 	.db #0x00	; 0
   0097 F0                  196 	.db #0xf0	; 240
   0098 00                  197 	.db #0x00	; 0
   0099 F0                  198 	.db #0xf0	; 240
   009A 00                  199 	.db #0x00	; 0
   009B F0                  200 	.db #0xf0	; 240
   009C 00                  201 	.db #0x00	; 0
   009D F0                  202 	.db #0xf0	; 240
   009E 00                  203 	.db #0x00	; 0
   009F F0                  204 	.db #0xf0	; 240
   00A0 F0                  205 	.db #0xf0	; 240
   00A1 00                  206 	.db #0x00	; 0
   00A2 00                  207 	.db #0x00	; 0
   00A3 FC                  208 	.db #0xfc	; 252
   00A4 FC                  209 	.db #0xfc	; 252
   00A5 FC                  210 	.db #0xfc	; 252
   00A6 FC                  211 	.db #0xfc	; 252
   00A7 FC                  212 	.db #0xfc	; 252
   00A8 FC                  213 	.db #0xfc	; 252
   00A9 FC                  214 	.db #0xfc	; 252
   00AA FC                  215 	.db #0xfc	; 252
   00AB FC                  216 	.db #0xfc	; 252
   00AC FC                  217 	.db #0xfc	; 252
   00AD FC                  218 	.db #0xfc	; 252
   00AE FC                  219 	.db #0xfc	; 252
   00AF FC                  220 	.db #0xfc	; 252
   00B0 FC                  221 	.db #0xfc	; 252
   00B1 FC                  222 	.db #0xfc	; 252
   00B2 FC                  223 	.db #0xfc	; 252
   00B3 00                  224 	.db #0x00	; 0
   00B4 00                  225 	.db #0x00	; 0
   00B5 00                  226 	.db #0x00	; 0
   00B6 C0                  227 	.db #0xc0	; 192
   00B7 C0                  228 	.db #0xc0	; 192
   00B8 C0                  229 	.db #0xc0	; 192
   00B9 C0                  230 	.db #0xc0	; 192
   00BA C0                  231 	.db #0xc0	; 192
   00BB C0                  232 	.db #0xc0	; 192
   00BC C0                  233 	.db #0xc0	; 192
   00BD C0                  234 	.db #0xc0	; 192
   00BE C0                  235 	.db #0xc0	; 192
   00BF C0                  236 	.db #0xc0	; 192
   00C0 C0                  237 	.db #0xc0	; 192
   00C1 C0                  238 	.db #0xc0	; 192
   00C2 C0                  239 	.db #0xc0	; 192
   00C3 C0                  240 	.db #0xc0	; 192
   00C4 00                  241 	.db #0x00	; 0
   00C5 00                  242 	.db #0x00	; 0
   00C6 00                  243 	.db #0x00	; 0
   00C7 00                  244 	.db #0x00	; 0
   00C8 0C                  245 	.db #0x0c	; 12
   00C9 0C                  246 	.db #0x0c	; 12
   00CA 0C                  247 	.db #0x0c	; 12
   00CB 0C                  248 	.db #0x0c	; 12
   00CC 0C                  249 	.db #0x0c	; 12
   00CD 0C                  250 	.db #0x0c	; 12
   00CE 0C                  251 	.db #0x0c	; 12
   00CF 0C                  252 	.db #0x0c	; 12
   00D0 0C                  253 	.db #0x0c	; 12
   00D1 0C                  254 	.db #0x0c	; 12
   00D2 0C                  255 	.db #0x0c	; 12
   00D3 0C                  256 	.db #0x0c	; 12
   00D4 0C                  257 	.db #0x0c	; 12
   00D5 0C                  258 	.db #0x0c	; 12
   00D6 00                  259 	.db #0x00	; 0
   00D7 00                  260 	.db #0x00	; 0
   00D8 00                  261 	.db #0x00	; 0
   00D9 00                  262 	.db #0x00	; 0
   00DA 00                  263 	.db #0x00	; 0
   00DB F3                  264 	.db #0xf3	; 243
   00DC F3                  265 	.db #0xf3	; 243
   00DD F3                  266 	.db #0xf3	; 243
   00DE F3                  267 	.db #0xf3	; 243
   00DF F3                  268 	.db #0xf3	; 243
   00E0 00                  269 	.db #0x00	; 0
   00E1 00                  270 	.db #0x00	; 0
   00E2 F3                  271 	.db #0xf3	; 243
   00E3 F3                  272 	.db #0xf3	; 243
   00E4 F3                  273 	.db #0xf3	; 243
   00E5 F3                  274 	.db #0xf3	; 243
   00E6 F3                  275 	.db #0xf3	; 243
   00E7 00                  276 	.db #0x00	; 0
   00E8 00                  277 	.db #0x00	; 0
   00E9 00                  278 	.db #0x00	; 0
   00EA 00                  279 	.db #0x00	; 0
   00EB 00                  280 	.db #0x00	; 0
   00EC 00                  281 	.db #0x00	; 0
   00ED F3                  282 	.db #0xf3	; 243
   00EE F3                  283 	.db #0xf3	; 243
   00EF F3                  284 	.db #0xf3	; 243
   00F0 F3                  285 	.db #0xf3	; 243
   00F1 F3                  286 	.db #0xf3	; 243
   00F2 00                  287 	.db #0x00	; 0
   00F3 00                  288 	.db #0x00	; 0
   00F4 F3                  289 	.db #0xf3	; 243
   00F5 F3                  290 	.db #0xf3	; 243
   00F6 F3                  291 	.db #0xf3	; 243
   00F7 F3                  292 	.db #0xf3	; 243
   00F8 F3                  293 	.db #0xf3	; 243
   00F9 00                  294 	.db #0x00	; 0
   00FA 00                  295 	.db #0x00	; 0
   00FB 00                  296 	.db #0x00	; 0
   00FC 00                  297 	.db #0x00	; 0
   00FD 00                  298 	.db #0x00	; 0
   00FE 00                  299 	.db #0x00	; 0
   00FF 00                  300 	.db #0x00	; 0
   0100 C3                  301 	.db #0xc3	; 195
   0101 C3                  302 	.db #0xc3	; 195
   0102 C3                  303 	.db #0xc3	; 195
   0103 00                  304 	.db #0x00	; 0
   0104 00                  305 	.db #0x00	; 0
   0105 00                  306 	.db #0x00	; 0
   0106 00                  307 	.db #0x00	; 0
   0107 C3                  308 	.db #0xc3	; 195
   0108 C3                  309 	.db #0xc3	; 195
   0109 C3                  310 	.db #0xc3	; 195
   010A 00                  311 	.db #0x00	; 0
   010B 00                  312 	.db #0x00	; 0
   010C 00                  313 	.db #0x00	; 0
   010D 00                  314 	.db #0x00	; 0
   010E 00                  315 	.db #0x00	; 0
   010F 00                  316 	.db #0x00	; 0
   0110 00                  317 	.db #0x00	; 0
   0111 00                  318 	.db #0x00	; 0
   0112 C3                  319 	.db #0xc3	; 195
   0113 C3                  320 	.db #0xc3	; 195
   0114 C3                  321 	.db #0xc3	; 195
   0115 00                  322 	.db #0x00	; 0
   0116 00                  323 	.db #0x00	; 0
   0117 00                  324 	.db #0x00	; 0
   0118 00                  325 	.db #0x00	; 0
   0119 C3                  326 	.db #0xc3	; 195
   011A C3                  327 	.db #0xc3	; 195
   011B C3                  328 	.db #0xc3	; 195
   011C 00                  329 	.db #0x00	; 0
   011D 00                  330 	.db #0x00	; 0
   011E 00                  331 	.db #0x00	; 0
   011F 00                  332 	.db #0x00	; 0
   0120 00                  333 	.db #0x00	; 0
   0121 00                  334 	.db #0x00	; 0
   0122 00                  335 	.db #0x00	; 0
   0123 00                  336 	.db #0x00	; 0
   0124 00                  337 	.db #0x00	; 0
   0125 C3                  338 	.db #0xc3	; 195
   0126 00                  339 	.db #0x00	; 0
   0127 00                  340 	.db #0x00	; 0
   0128 00                  341 	.db #0x00	; 0
   0129 00                  342 	.db #0x00	; 0
   012A 00                  343 	.db #0x00	; 0
   012B 00                  344 	.db #0x00	; 0
   012C C3                  345 	.db #0xc3	; 195
   012D 00                  346 	.db #0x00	; 0
   012E 00                  347 	.db #0x00	; 0
   012F 00                  348 	.db #0x00	; 0
   0130 00                  349 	.db #0x00	; 0
   0131 00                  350 	.db #0x00	; 0
   0132 00                  351 	.db #0x00	; 0
   0133 00                  352 	.db #0x00	; 0
   0134 00                  353 	.db #0x00	; 0
   0135 00                  354 	.db #0x00	; 0
   0136 00                  355 	.db #0x00	; 0
   0137 00                  356 	.db #0x00	; 0
   0138 00                  357 	.db #0x00	; 0
   0139 00                  358 	.db #0x00	; 0
   013A 00                  359 	.db #0x00	; 0
   013B 00                  360 	.db #0x00	; 0
   013C 00                  361 	.db #0x00	; 0
   013D 00                  362 	.db #0x00	; 0
   013E 00                  363 	.db #0x00	; 0
   013F 00                  364 	.db #0x00	; 0
   0140 00                  365 	.db #0x00	; 0
   0141 00                  366 	.db #0x00	; 0
   0142 00                  367 	.db #0x00	; 0
   0143 00                  368 	.db #0x00	; 0
                            369 	.area _INITIALIZER
                            370 	.area _CABS (ABS)
