                              1 ;--------------------------------------------------------
                              2 ; File Created by SDCC : free open source ANSI-C Compiler
                              3 ; Version 3.6.8 #9946 (Linux)
                              4 ;--------------------------------------------------------
                              5 	.module nave_nodriza_02
                              6 	.optsdcc -mz80
                              7 	
                              8 ;--------------------------------------------------------
                              9 ; Public variables in this module
                             10 ;--------------------------------------------------------
                             11 	.globl _spr_nnod2
                             12 ;--------------------------------------------------------
                             13 ; special function registers
                             14 ;--------------------------------------------------------
                             15 ;--------------------------------------------------------
                             16 ; ram data
                             17 ;--------------------------------------------------------
                             18 	.area _DATA
                             19 ;--------------------------------------------------------
                             20 ; ram data
                             21 ;--------------------------------------------------------
                             22 	.area _INITIALIZED
                             23 ;--------------------------------------------------------
                             24 ; absolute external ram data
                             25 ;--------------------------------------------------------
                             26 	.area _DABS (ABS)
                             27 ;--------------------------------------------------------
                             28 ; global & static initialisations
                             29 ;--------------------------------------------------------
                             30 	.area _HOME
                             31 	.area _GSINIT
                             32 	.area _GSFINAL
                             33 	.area _GSINIT
                             34 ;--------------------------------------------------------
                             35 ; Home
                             36 ;--------------------------------------------------------
                             37 	.area _HOME
                             38 	.area _HOME
                             39 ;--------------------------------------------------------
                             40 ; code
                             41 ;--------------------------------------------------------
                             42 	.area _CODE
                             43 	.area _CODE
   0000                      44 _spr_nnod2:
   0000 00                   45 	.db #0x00	; 0
   0001 00                   46 	.db #0x00	; 0
   0002 00                   47 	.db #0x00	; 0
   0003 00                   48 	.db #0x00	; 0
   0004 00                   49 	.db #0x00	; 0
   0005 00                   50 	.db #0x00	; 0
   0006 00                   51 	.db #0x00	; 0
   0007 00                   52 	.db #0x00	; 0
   0008 03                   53 	.db #0x03	; 3
   0009 03                   54 	.db #0x03	; 3
   000A 00                   55 	.db #0x00	; 0
   000B 00                   56 	.db #0x00	; 0
   000C 00                   57 	.db #0x00	; 0
   000D 00                   58 	.db #0x00	; 0
   000E 00                   59 	.db #0x00	; 0
   000F 00                   60 	.db #0x00	; 0
   0010 00                   61 	.db #0x00	; 0
   0011 00                   62 	.db #0x00	; 0
   0012 00                   63 	.db #0x00	; 0
   0013 00                   64 	.db #0x00	; 0
   0014 00                   65 	.db #0x00	; 0
   0015 00                   66 	.db #0x00	; 0
   0016 00                   67 	.db #0x00	; 0
   0017 00                   68 	.db #0x00	; 0
   0018 3C                   69 	.db #0x3c	; 60
   0019 3C                   70 	.db #0x3c	; 60
   001A 3C                   71 	.db #0x3c	; 60
   001B 3C                   72 	.db #0x3c	; 60
   001C 3C                   73 	.db #0x3c	; 60
   001D 3C                   74 	.db #0x3c	; 60
   001E 00                   75 	.db #0x00	; 0
   001F 00                   76 	.db #0x00	; 0
   0020 00                   77 	.db #0x00	; 0
   0021 00                   78 	.db #0x00	; 0
   0022 00                   79 	.db #0x00	; 0
   0023 00                   80 	.db #0x00	; 0
   0024 00                   81 	.db #0x00	; 0
   0025 00                   82 	.db #0x00	; 0
   0026 00                   83 	.db #0x00	; 0
   0027 00                   84 	.db #0x00	; 0
   0028 F0                   85 	.db #0xf0	; 240
   0029 F0                   86 	.db #0xf0	; 240
   002A F0                   87 	.db #0xf0	; 240
   002B F0                   88 	.db #0xf0	; 240
   002C F0                   89 	.db #0xf0	; 240
   002D F0                   90 	.db #0xf0	; 240
   002E F0                   91 	.db #0xf0	; 240
   002F F0                   92 	.db #0xf0	; 240
   0030 F0                   93 	.db #0xf0	; 240
   0031 F0                   94 	.db #0xf0	; 240
   0032 00                   95 	.db #0x00	; 0
   0033 00                   96 	.db #0x00	; 0
   0034 00                   97 	.db #0x00	; 0
   0035 00                   98 	.db #0x00	; 0
   0036 00                   99 	.db #0x00	; 0
   0037 00                  100 	.db #0x00	; 0
   0038 00                  101 	.db #0x00	; 0
   0039 0F                  102 	.db #0x0f	; 15
   003A 0F                  103 	.db #0x0f	; 15
   003B 0F                  104 	.db #0x0f	; 15
   003C 0F                  105 	.db #0x0f	; 15
   003D 0F                  106 	.db #0x0f	; 15
   003E 0F                  107 	.db #0x0f	; 15
   003F 0F                  108 	.db #0x0f	; 15
   0040 0F                  109 	.db #0x0f	; 15
   0041 0F                  110 	.db #0x0f	; 15
   0042 0F                  111 	.db #0x0f	; 15
   0043 0F                  112 	.db #0x0f	; 15
   0044 0F                  113 	.db #0x0f	; 15
   0045 00                  114 	.db #0x00	; 0
   0046 00                  115 	.db #0x00	; 0
   0047 00                  116 	.db #0x00	; 0
   0048 00                  117 	.db #0x00	; 0
   0049 00                  118 	.db #0x00	; 0
   004A 0F                  119 	.db #0x0f	; 15
   004B 0F                  120 	.db #0x0f	; 15
   004C 0F                  121 	.db #0x0f	; 15
   004D 0F                  122 	.db #0x0f	; 15
   004E 0F                  123 	.db #0x0f	; 15
   004F 0F                  124 	.db #0x0f	; 15
   0050 0F                  125 	.db #0x0f	; 15
   0051 0F                  126 	.db #0x0f	; 15
   0052 0F                  127 	.db #0x0f	; 15
   0053 0F                  128 	.db #0x0f	; 15
   0054 0F                  129 	.db #0x0f	; 15
   0055 0F                  130 	.db #0x0f	; 15
   0056 0F                  131 	.db #0x0f	; 15
   0057 0F                  132 	.db #0x0f	; 15
   0058 00                  133 	.db #0x00	; 0
   0059 00                  134 	.db #0x00	; 0
   005A 00                  135 	.db #0x00	; 0
   005B 0F                  136 	.db #0x0f	; 15
   005C 0F                  137 	.db #0x0f	; 15
   005D 0F                  138 	.db #0x0f	; 15
   005E 0F                  139 	.db #0x0f	; 15
   005F 0F                  140 	.db #0x0f	; 15
   0060 0F                  141 	.db #0x0f	; 15
   0061 0F                  142 	.db #0x0f	; 15
   0062 0F                  143 	.db #0x0f	; 15
   0063 0F                  144 	.db #0x0f	; 15
   0064 0F                  145 	.db #0x0f	; 15
   0065 0F                  146 	.db #0x0f	; 15
   0066 0F                  147 	.db #0x0f	; 15
   0067 0F                  148 	.db #0x0f	; 15
   0068 0F                  149 	.db #0x0f	; 15
   0069 0F                  150 	.db #0x0f	; 15
   006A 0F                  151 	.db #0x0f	; 15
   006B 00                  152 	.db #0x00	; 0
   006C 00                  153 	.db #0x00	; 0
   006D 0F                  154 	.db #0x0f	; 15
   006E 0F                  155 	.db #0x0f	; 15
   006F 00                  156 	.db #0x00	; 0
   0070 0F                  157 	.db #0x0f	; 15
   0071 00                  158 	.db #0x00	; 0
   0072 0F                  159 	.db #0x0f	; 15
   0073 00                  160 	.db #0x00	; 0
   0074 0F                  161 	.db #0x0f	; 15
   0075 00                  162 	.db #0x00	; 0
   0076 0F                  163 	.db #0x0f	; 15
   0077 00                  164 	.db #0x00	; 0
   0078 0F                  165 	.db #0x0f	; 15
   0079 00                  166 	.db #0x00	; 0
   007A 0F                  167 	.db #0x0f	; 15
   007B 00                  168 	.db #0x00	; 0
   007C 0F                  169 	.db #0x0f	; 15
   007D 00                  170 	.db #0x00	; 0
   007E 00                  171 	.db #0x00	; 0
   007F 0F                  172 	.db #0x0f	; 15
   0080 00                  173 	.db #0x00	; 0
   0081 0F                  174 	.db #0x0f	; 15
   0082 00                  175 	.db #0x00	; 0
   0083 0F                  176 	.db #0x0f	; 15
   0084 00                  177 	.db #0x00	; 0
   0085 0F                  178 	.db #0x0f	; 15
   0086 00                  179 	.db #0x00	; 0
   0087 0F                  180 	.db #0x0f	; 15
   0088 00                  181 	.db #0x00	; 0
   0089 0F                  182 	.db #0x0f	; 15
   008A 00                  183 	.db #0x00	; 0
   008B 0F                  184 	.db #0x0f	; 15
   008C 00                  185 	.db #0x00	; 0
   008D 0F                  186 	.db #0x0f	; 15
   008E 0F                  187 	.db #0x0f	; 15
   008F 00                  188 	.db #0x00	; 0
   0090 00                  189 	.db #0x00	; 0
   0091 0F                  190 	.db #0x0f	; 15
   0092 0F                  191 	.db #0x0f	; 15
   0093 0F                  192 	.db #0x0f	; 15
   0094 0F                  193 	.db #0x0f	; 15
   0095 0F                  194 	.db #0x0f	; 15
   0096 0F                  195 	.db #0x0f	; 15
   0097 0F                  196 	.db #0x0f	; 15
   0098 0F                  197 	.db #0x0f	; 15
   0099 0F                  198 	.db #0x0f	; 15
   009A 0F                  199 	.db #0x0f	; 15
   009B 0F                  200 	.db #0x0f	; 15
   009C 0F                  201 	.db #0x0f	; 15
   009D 0F                  202 	.db #0x0f	; 15
   009E 0F                  203 	.db #0x0f	; 15
   009F 0F                  204 	.db #0x0f	; 15
   00A0 0F                  205 	.db #0x0f	; 15
   00A1 00                  206 	.db #0x00	; 0
   00A2 00                  207 	.db #0x00	; 0
   00A3 00                  208 	.db #0x00	; 0
   00A4 C0                  209 	.db #0xc0	; 192
   00A5 C0                  210 	.db #0xc0	; 192
   00A6 C0                  211 	.db #0xc0	; 192
   00A7 C0                  212 	.db #0xc0	; 192
   00A8 C0                  213 	.db #0xc0	; 192
   00A9 C0                  214 	.db #0xc0	; 192
   00AA C0                  215 	.db #0xc0	; 192
   00AB C0                  216 	.db #0xc0	; 192
   00AC C0                  217 	.db #0xc0	; 192
   00AD C0                  218 	.db #0xc0	; 192
   00AE C0                  219 	.db #0xc0	; 192
   00AF C0                  220 	.db #0xc0	; 192
   00B0 C0                  221 	.db #0xc0	; 192
   00B1 C0                  222 	.db #0xc0	; 192
   00B2 00                  223 	.db #0x00	; 0
   00B3 00                  224 	.db #0x00	; 0
   00B4 00                  225 	.db #0x00	; 0
   00B5 00                  226 	.db #0x00	; 0
   00B6 C0                  227 	.db #0xc0	; 192
   00B7 C0                  228 	.db #0xc0	; 192
   00B8 C0                  229 	.db #0xc0	; 192
   00B9 C0                  230 	.db #0xc0	; 192
   00BA C0                  231 	.db #0xc0	; 192
   00BB C0                  232 	.db #0xc0	; 192
   00BC C0                  233 	.db #0xc0	; 192
   00BD C0                  234 	.db #0xc0	; 192
   00BE C0                  235 	.db #0xc0	; 192
   00BF C0                  236 	.db #0xc0	; 192
   00C0 C0                  237 	.db #0xc0	; 192
   00C1 C0                  238 	.db #0xc0	; 192
   00C2 C0                  239 	.db #0xc0	; 192
   00C3 C0                  240 	.db #0xc0	; 192
   00C4 00                  241 	.db #0x00	; 0
   00C5 00                  242 	.db #0x00	; 0
   00C6 00                  243 	.db #0x00	; 0
   00C7 00                  244 	.db #0x00	; 0
   00C8 00                  245 	.db #0x00	; 0
   00C9 0C                  246 	.db #0x0c	; 12
   00CA 0C                  247 	.db #0x0c	; 12
   00CB 0C                  248 	.db #0x0c	; 12
   00CC 0C                  249 	.db #0x0c	; 12
   00CD 0C                  250 	.db #0x0c	; 12
   00CE 00                  251 	.db #0x00	; 0
   00CF 00                  252 	.db #0x00	; 0
   00D0 0C                  253 	.db #0x0c	; 12
   00D1 0C                  254 	.db #0x0c	; 12
   00D2 0C                  255 	.db #0x0c	; 12
   00D3 0C                  256 	.db #0x0c	; 12
   00D4 0C                  257 	.db #0x0c	; 12
   00D5 00                  258 	.db #0x00	; 0
   00D6 00                  259 	.db #0x00	; 0
   00D7 00                  260 	.db #0x00	; 0
   00D8 00                  261 	.db #0x00	; 0
   00D9 00                  262 	.db #0x00	; 0
   00DA 00                  263 	.db #0x00	; 0
   00DB 0C                  264 	.db #0x0c	; 12
   00DC 0C                  265 	.db #0x0c	; 12
   00DD 0C                  266 	.db #0x0c	; 12
   00DE 0C                  267 	.db #0x0c	; 12
   00DF 0C                  268 	.db #0x0c	; 12
   00E0 00                  269 	.db #0x00	; 0
   00E1 00                  270 	.db #0x00	; 0
   00E2 0C                  271 	.db #0x0c	; 12
   00E3 0C                  272 	.db #0x0c	; 12
   00E4 0C                  273 	.db #0x0c	; 12
   00E5 0C                  274 	.db #0x0c	; 12
   00E6 0C                  275 	.db #0x0c	; 12
   00E7 00                  276 	.db #0x00	; 0
   00E8 00                  277 	.db #0x00	; 0
   00E9 00                  278 	.db #0x00	; 0
   00EA 00                  279 	.db #0x00	; 0
   00EB 00                  280 	.db #0x00	; 0
   00EC 00                  281 	.db #0x00	; 0
   00ED 00                  282 	.db #0x00	; 0
   00EE 3C                  283 	.db #0x3c	; 60
   00EF 3C                  284 	.db #0x3c	; 60
   00F0 3C                  285 	.db #0x3c	; 60
   00F1 00                  286 	.db #0x00	; 0
   00F2 00                  287 	.db #0x00	; 0
   00F3 00                  288 	.db #0x00	; 0
   00F4 00                  289 	.db #0x00	; 0
   00F5 3C                  290 	.db #0x3c	; 60
   00F6 3C                  291 	.db #0x3c	; 60
   00F7 3C                  292 	.db #0x3c	; 60
   00F8 00                  293 	.db #0x00	; 0
   00F9 00                  294 	.db #0x00	; 0
   00FA 00                  295 	.db #0x00	; 0
   00FB 00                  296 	.db #0x00	; 0
   00FC 00                  297 	.db #0x00	; 0
   00FD 00                  298 	.db #0x00	; 0
   00FE 00                  299 	.db #0x00	; 0
   00FF 00                  300 	.db #0x00	; 0
   0100 3C                  301 	.db #0x3c	; 60
   0101 3C                  302 	.db #0x3c	; 60
   0102 3C                  303 	.db #0x3c	; 60
   0103 00                  304 	.db #0x00	; 0
   0104 00                  305 	.db #0x00	; 0
   0105 00                  306 	.db #0x00	; 0
   0106 00                  307 	.db #0x00	; 0
   0107 3C                  308 	.db #0x3c	; 60
   0108 3C                  309 	.db #0x3c	; 60
   0109 3C                  310 	.db #0x3c	; 60
   010A 00                  311 	.db #0x00	; 0
   010B 00                  312 	.db #0x00	; 0
   010C 00                  313 	.db #0x00	; 0
   010D 00                  314 	.db #0x00	; 0
   010E 00                  315 	.db #0x00	; 0
   010F 00                  316 	.db #0x00	; 0
   0110 00                  317 	.db #0x00	; 0
   0111 00                  318 	.db #0x00	; 0
   0112 00                  319 	.db #0x00	; 0
   0113 3C                  320 	.db #0x3c	; 60
   0114 00                  321 	.db #0x00	; 0
   0115 00                  322 	.db #0x00	; 0
   0116 00                  323 	.db #0x00	; 0
   0117 00                  324 	.db #0x00	; 0
   0118 00                  325 	.db #0x00	; 0
   0119 00                  326 	.db #0x00	; 0
   011A 3C                  327 	.db #0x3c	; 60
   011B 00                  328 	.db #0x00	; 0
   011C 00                  329 	.db #0x00	; 0
   011D 00                  330 	.db #0x00	; 0
   011E 00                  331 	.db #0x00	; 0
   011F 00                  332 	.db #0x00	; 0
                            333 	.area _INITIALIZER
                            334 	.area _CABS (ABS)
