                              1 ;--------------------------------------------------------
                              2 ; File Created by SDCC : free open source ANSI-C Compiler
                              3 ; Version 3.6.8 #9946 (Linux)
                              4 ;--------------------------------------------------------
                              5 	.module playership
                              6 	.optsdcc -mz80
                              7 	
                              8 ;--------------------------------------------------------
                              9 ; Public variables in this module
                             10 ;--------------------------------------------------------
                             11 	.globl _spr_playership_1
                             12 	.globl _spr_playership_0
                             13 ;--------------------------------------------------------
                             14 ; special function registers
                             15 ;--------------------------------------------------------
                             16 ;--------------------------------------------------------
                             17 ; ram data
                             18 ;--------------------------------------------------------
                             19 	.area _DATA
                             20 ;--------------------------------------------------------
                             21 ; ram data
                             22 ;--------------------------------------------------------
                             23 	.area _INITIALIZED
                             24 ;--------------------------------------------------------
                             25 ; absolute external ram data
                             26 ;--------------------------------------------------------
                             27 	.area _DABS (ABS)
                             28 ;--------------------------------------------------------
                             29 ; global & static initialisations
                             30 ;--------------------------------------------------------
                             31 	.area _HOME
                             32 	.area _GSINIT
                             33 	.area _GSFINAL
                             34 	.area _GSINIT
                             35 ;--------------------------------------------------------
                             36 ; Home
                             37 ;--------------------------------------------------------
                             38 	.area _HOME
                             39 	.area _HOME
                             40 ;--------------------------------------------------------
                             41 ; code
                             42 ;--------------------------------------------------------
                             43 	.area _CODE
                             44 	.area _CODE
   0000                      45 _spr_playership_0:
   0000 00                   46 	.db #0x00	; 0
   0001 00                   47 	.db #0x00	; 0
   0002 14                   48 	.db #0x14	; 20
   0003 28                   49 	.db #0x28	; 40
   0004 00                   50 	.db #0x00	; 0
   0005 00                   51 	.db #0x00	; 0
   0006 00                   52 	.db #0x00	; 0
   0007 00                   53 	.db #0x00	; 0
   0008 28                   54 	.db #0x28	; 40
   0009 14                   55 	.db #0x14	; 20
   000A 00                   56 	.db #0x00	; 0
   000B 00                   57 	.db #0x00	; 0
   000C 00                   58 	.db #0x00	; 0
   000D 55                   59 	.db #0x55	; 85	'U'
   000E AA                   60 	.db #0xaa	; 170
   000F 55                   61 	.db #0x55	; 85	'U'
   0010 AA                   62 	.db #0xaa	; 170
   0011 00                   63 	.db #0x00	; 0
   0012 00                   64 	.db #0x00	; 0
   0013 FF                   65 	.db #0xff	; 255
   0014 FF                   66 	.db #0xff	; 255
   0015 FF                   67 	.db #0xff	; 255
   0016 FF                   68 	.db #0xff	; 255
   0017 00                   69 	.db #0x00	; 0
   0018 00                   70 	.db #0x00	; 0
   0019 FC                   71 	.db #0xfc	; 252
   001A FC                   72 	.db #0xfc	; 252
   001B FC                   73 	.db #0xfc	; 252
   001C FC                   74 	.db #0xfc	; 252
   001D 00                   75 	.db #0x00	; 0
   001E 00                   76 	.db #0x00	; 0
   001F 54                   77 	.db #0x54	; 84	'T'
   0020 A8                   78 	.db #0xa8	; 168
   0021 54                   79 	.db #0x54	; 84	'T'
   0022 A8                   80 	.db #0xa8	; 168
   0023 00                   81 	.db #0x00	; 0
   0024 00                   82 	.db #0x00	; 0
   0025 00                   83 	.db #0x00	; 0
   0026 A8                   84 	.db #0xa8	; 168
   0027 54                   85 	.db #0x54	; 84	'T'
   0028 00                   86 	.db #0x00	; 0
   0029 00                   87 	.db #0x00	; 0
   002A 00                   88 	.db #0x00	; 0
   002B 54                   89 	.db #0x54	; 84	'T'
   002C FC                   90 	.db #0xfc	; 252
   002D FC                   91 	.db #0xfc	; 252
   002E A8                   92 	.db #0xa8	; 168
   002F 00                   93 	.db #0x00	; 0
   0030                      94 _spr_playership_1:
   0030 00                   95 	.db #0x00	; 0
   0031 00                   96 	.db #0x00	; 0
   0032 01                   97 	.db #0x01	; 1
   0033 02                   98 	.db #0x02	; 2
   0034 00                   99 	.db #0x00	; 0
   0035 00                  100 	.db #0x00	; 0
   0036 00                  101 	.db #0x00	; 0
   0037 00                  102 	.db #0x00	; 0
   0038 02                  103 	.db #0x02	; 2
   0039 01                  104 	.db #0x01	; 1
   003A 00                  105 	.db #0x00	; 0
   003B 00                  106 	.db #0x00	; 0
   003C 00                  107 	.db #0x00	; 0
   003D 01                  108 	.db #0x01	; 1
   003E 02                  109 	.db #0x02	; 2
   003F 01                  110 	.db #0x01	; 1
   0040 02                  111 	.db #0x02	; 2
   0041 00                  112 	.db #0x00	; 0
   0042 00                  113 	.db #0x00	; 0
   0043 03                  114 	.db #0x03	; 3
   0044 03                  115 	.db #0x03	; 3
   0045 03                  116 	.db #0x03	; 3
   0046 03                  117 	.db #0x03	; 3
   0047 00                  118 	.db #0x00	; 0
   0048 00                  119 	.db #0x00	; 0
   0049 03                  120 	.db #0x03	; 3
   004A 03                  121 	.db #0x03	; 3
   004B 03                  122 	.db #0x03	; 3
   004C 03                  123 	.db #0x03	; 3
   004D 00                  124 	.db #0x00	; 0
   004E 00                  125 	.db #0x00	; 0
   004F 01                  126 	.db #0x01	; 1
   0050 02                  127 	.db #0x02	; 2
   0051 01                  128 	.db #0x01	; 1
   0052 02                  129 	.db #0x02	; 2
   0053 00                  130 	.db #0x00	; 0
   0054 00                  131 	.db #0x00	; 0
   0055 00                  132 	.db #0x00	; 0
   0056 02                  133 	.db #0x02	; 2
   0057 01                  134 	.db #0x01	; 1
   0058 00                  135 	.db #0x00	; 0
   0059 00                  136 	.db #0x00	; 0
   005A 00                  137 	.db #0x00	; 0
   005B 01                  138 	.db #0x01	; 1
   005C 03                  139 	.db #0x03	; 3
   005D 03                  140 	.db #0x03	; 3
   005E 02                  141 	.db #0x02	; 2
   005F 00                  142 	.db #0x00	; 0
                            143 	.area _INITIALIZER
                            144 	.area _CABS (ABS)
