                              1 ;--------------------------------------------------------
                              2 ; File Created by SDCC : free open source ANSI-C Compiler
                              3 ; Version 3.6.8 #9946 (Linux)
                              4 ;--------------------------------------------------------
                              5 	.module sprite1_S
                              6 	.optsdcc -mz80
                              7 	
                              8 ;--------------------------------------------------------
                              9 ; Public variables in this module
                             10 ;--------------------------------------------------------
                             11 	.globl _spr_sprite1_S
                             12 ;--------------------------------------------------------
                             13 ; special function registers
                             14 ;--------------------------------------------------------
                             15 ;--------------------------------------------------------
                             16 ; ram data
                             17 ;--------------------------------------------------------
                             18 	.area _DATA
                             19 ;--------------------------------------------------------
                             20 ; ram data
                             21 ;--------------------------------------------------------
                             22 	.area _INITIALIZED
                             23 ;--------------------------------------------------------
                             24 ; absolute external ram data
                             25 ;--------------------------------------------------------
                             26 	.area _DABS (ABS)
                             27 ;--------------------------------------------------------
                             28 ; global & static initialisations
                             29 ;--------------------------------------------------------
                             30 	.area _HOME
                             31 	.area _GSINIT
                             32 	.area _GSFINAL
                             33 	.area _GSINIT
                             34 ;--------------------------------------------------------
                             35 ; Home
                             36 ;--------------------------------------------------------
                             37 	.area _HOME
                             38 	.area _HOME
                             39 ;--------------------------------------------------------
                             40 ; code
                             41 ;--------------------------------------------------------
                             42 	.area _CODE
                             43 	.area _CODE
   0000                      44 _spr_sprite1_S:
   0000 00                   45 	.db #0x00	; 0
   0001 00                   46 	.db #0x00	; 0
   0002 00                   47 	.db #0x00	; 0
   0003 30                   48 	.db #0x30	; 48	'0'
   0004 30                   49 	.db #0x30	; 48	'0'
   0005 00                   50 	.db #0x00	; 0
   0006 00                   51 	.db #0x00	; 0
   0007 00                   52 	.db #0x00	; 0
   0008 00                   53 	.db #0x00	; 0
   0009 00                   54 	.db #0x00	; 0
   000A 30                   55 	.db #0x30	; 48	'0'
   000B 30                   56 	.db #0x30	; 48	'0'
   000C 30                   57 	.db #0x30	; 48	'0'
   000D 30                   58 	.db #0x30	; 48	'0'
   000E 00                   59 	.db #0x00	; 0
   000F 00                   60 	.db #0x00	; 0
   0010 00                   61 	.db #0x00	; 0
   0011 10                   62 	.db #0x10	; 16
   0012 30                   63 	.db #0x30	; 48	'0'
   0013 30                   64 	.db #0x30	; 48	'0'
   0014 30                   65 	.db #0x30	; 48	'0'
   0015 30                   66 	.db #0x30	; 48	'0'
   0016 20                   67 	.db #0x20	; 32
   0017 00                   68 	.db #0x00	; 0
   0018 00                   69 	.db #0x00	; 0
   0019 10                   70 	.db #0x10	; 16
   001A 30                   71 	.db #0x30	; 48	'0'
   001B 30                   72 	.db #0x30	; 48	'0'
   001C 30                   73 	.db #0x30	; 48	'0'
   001D 30                   74 	.db #0x30	; 48	'0'
   001E 20                   75 	.db #0x20	; 32
   001F 00                   76 	.db #0x00	; 0
   0020 00                   77 	.db #0x00	; 0
   0021 10                   78 	.db #0x10	; 16
   0022 60                   79 	.db #0x60	; 96
   0023 90                   80 	.db #0x90	; 144
   0024 60                   81 	.db #0x60	; 96
   0025 90                   82 	.db #0x90	; 144
   0026 20                   83 	.db #0x20	; 32
   0027 00                   84 	.db #0x00	; 0
   0028 00                   85 	.db #0x00	; 0
   0029 10                   86 	.db #0x10	; 16
   002A 60                   87 	.db #0x60	; 96
   002B 90                   88 	.db #0x90	; 144
   002C 60                   89 	.db #0x60	; 96
   002D 90                   90 	.db #0x90	; 144
   002E 71                   91 	.db #0x71	; 113	'q'
   002F A2                   92 	.db #0xa2	; 162
   0030 51                   93 	.db #0x51	; 81	'Q'
   0031 B2                   94 	.db #0xb2	; 178
   0032 30                   95 	.db #0x30	; 48	'0'
   0033 30                   96 	.db #0x30	; 48	'0'
   0034 30                   97 	.db #0x30	; 48	'0'
   0035 30                   98 	.db #0x30	; 48	'0'
   0036 71                   99 	.db #0x71	; 113	'q'
   0037 F3                  100 	.db #0xf3	; 243
   0038 F3                  101 	.db #0xf3	; 243
   0039 30                  102 	.db #0x30	; 48	'0'
   003A 30                  103 	.db #0x30	; 48	'0'
   003B F3                  104 	.db #0xf3	; 243
   003C F3                  105 	.db #0xf3	; 243
   003D 30                  106 	.db #0x30	; 48	'0'
   003E 30                  107 	.db #0x30	; 48	'0'
   003F F3                  108 	.db #0xf3	; 243
   0040 F3                  109 	.db #0xf3	; 243
   0041 B2                  110 	.db #0xb2	; 178
   0042 30                  111 	.db #0x30	; 48	'0'
   0043 30                  112 	.db #0x30	; 48	'0'
   0044 30                  113 	.db #0x30	; 48	'0'
   0045 30                  114 	.db #0x30	; 48	'0'
   0046 71                  115 	.db #0x71	; 113	'q'
   0047 F3                  116 	.db #0xf3	; 243
   0048 51                  117 	.db #0x51	; 81	'Q'
   0049 B2                  118 	.db #0xb2	; 178
   004A 30                  119 	.db #0x30	; 48	'0'
   004B 30                  120 	.db #0x30	; 48	'0'
   004C 30                  121 	.db #0x30	; 48	'0'
   004D 30                  122 	.db #0x30	; 48	'0'
   004E 71                  123 	.db #0x71	; 113	'q'
   004F A2                  124 	.db #0xa2	; 162
   0050 00                  125 	.db #0x00	; 0
   0051 30                  126 	.db #0x30	; 48	'0'
   0052 30                  127 	.db #0x30	; 48	'0'
   0053 3C                  128 	.db #0x3c	; 60
   0054 3C                  129 	.db #0x3c	; 60
   0055 3C                  130 	.db #0x3c	; 60
   0056 30                  131 	.db #0x30	; 48	'0'
   0057 20                  132 	.db #0x20	; 32
   0058 00                  133 	.db #0x00	; 0
   0059 30                  134 	.db #0x30	; 48	'0'
   005A 3C                  135 	.db #0x3c	; 60
   005B 3C                  136 	.db #0x3c	; 60
   005C 3C                  137 	.db #0x3c	; 60
   005D 3C                  138 	.db #0x3c	; 60
   005E 38                  139 	.db #0x38	; 56	'8'
   005F 20                  140 	.db #0x20	; 32
   0060 00                  141 	.db #0x00	; 0
   0061 10                  142 	.db #0x10	; 16
   0062 3C                  143 	.db #0x3c	; 60
   0063 38                  144 	.db #0x38	; 56	'8'
   0064 30                  145 	.db #0x30	; 48	'0'
   0065 3C                  146 	.db #0x3c	; 60
   0066 38                  147 	.db #0x38	; 56	'8'
   0067 20                  148 	.db #0x20	; 32
   0068 00                  149 	.db #0x00	; 0
   0069 10                  150 	.db #0x10	; 16
   006A 30                  151 	.db #0x30	; 48	'0'
   006B 30                  152 	.db #0x30	; 48	'0'
   006C 30                  153 	.db #0x30	; 48	'0'
   006D 34                  154 	.db #0x34	; 52	'4'
   006E 38                  155 	.db #0x38	; 56	'8'
   006F 00                  156 	.db #0x00	; 0
   0070 00                  157 	.db #0x00	; 0
   0071 51                  158 	.db #0x51	; 81	'Q'
   0072 F3                  159 	.db #0xf3	; 243
   0073 A2                  160 	.db #0xa2	; 162
   0074 00                  161 	.db #0x00	; 0
   0075 30                  162 	.db #0x30	; 48	'0'
   0076 30                  163 	.db #0x30	; 48	'0'
   0077 00                  164 	.db #0x00	; 0
   0078 00                  165 	.db #0x00	; 0
   0079 00                  166 	.db #0x00	; 0
   007A 00                  167 	.db #0x00	; 0
   007B 00                  168 	.db #0x00	; 0
   007C 00                  169 	.db #0x00	; 0
   007D F3                  170 	.db #0xf3	; 243
   007E F3                  171 	.db #0xf3	; 243
   007F 00                  172 	.db #0x00	; 0
                            173 	.area _INITIALIZER
                            174 	.area _CABS (ABS)
