                              1 ;--------------------------------------------------------
                              2 ; File Created by SDCC : free open source ANSI-C Compiler
                              3 ; Version 3.6.8 #9946 (Linux)
                              4 ;--------------------------------------------------------
                              5 	.module sprite1_A
                              6 	.optsdcc -mz80
                              7 	
                              8 ;--------------------------------------------------------
                              9 ; Public variables in this module
                             10 ;--------------------------------------------------------
                             11 	.globl _spr_sprite1_A
                             12 ;--------------------------------------------------------
                             13 ; special function registers
                             14 ;--------------------------------------------------------
                             15 ;--------------------------------------------------------
                             16 ; ram data
                             17 ;--------------------------------------------------------
                             18 	.area _DATA
                             19 ;--------------------------------------------------------
                             20 ; ram data
                             21 ;--------------------------------------------------------
                             22 	.area _INITIALIZED
                             23 ;--------------------------------------------------------
                             24 ; absolute external ram data
                             25 ;--------------------------------------------------------
                             26 	.area _DABS (ABS)
                             27 ;--------------------------------------------------------
                             28 ; global & static initialisations
                             29 ;--------------------------------------------------------
                             30 	.area _HOME
                             31 	.area _GSINIT
                             32 	.area _GSFINAL
                             33 	.area _GSINIT
                             34 ;--------------------------------------------------------
                             35 ; Home
                             36 ;--------------------------------------------------------
                             37 	.area _HOME
                             38 	.area _HOME
                             39 ;--------------------------------------------------------
                             40 ; code
                             41 ;--------------------------------------------------------
                             42 	.area _CODE
                             43 	.area _CODE
   0000                      44 _spr_sprite1_A:
   0000 00                   45 	.db #0x00	; 0
   0001 00                   46 	.db #0x00	; 0
   0002 10                   47 	.db #0x10	; 16
   0003 30                   48 	.db #0x30	; 48	'0'
   0004 30                   49 	.db #0x30	; 48	'0'
   0005 00                   50 	.db #0x00	; 0
   0006 00                   51 	.db #0x00	; 0
   0007 00                   52 	.db #0x00	; 0
   0008 00                   53 	.db #0x00	; 0
   0009 10                   54 	.db #0x10	; 16
   000A 30                   55 	.db #0x30	; 48	'0'
   000B 30                   56 	.db #0x30	; 48	'0'
   000C 30                   57 	.db #0x30	; 48	'0'
   000D 30                   58 	.db #0x30	; 48	'0'
   000E 00                   59 	.db #0x00	; 0
   000F 00                   60 	.db #0x00	; 0
   0010 00                   61 	.db #0x00	; 0
   0011 30                   62 	.db #0x30	; 48	'0'
   0012 30                   63 	.db #0x30	; 48	'0'
   0013 30                   64 	.db #0x30	; 48	'0'
   0014 30                   65 	.db #0x30	; 48	'0'
   0015 30                   66 	.db #0x30	; 48	'0'
   0016 20                   67 	.db #0x20	; 32
   0017 00                   68 	.db #0x00	; 0
   0018 00                   69 	.db #0x00	; 0
   0019 30                   70 	.db #0x30	; 48	'0'
   001A 60                   71 	.db #0x60	; 96
   001B 90                   72 	.db #0x90	; 144
   001C 30                   73 	.db #0x30	; 48	'0'
   001D 30                   74 	.db #0x30	; 48	'0'
   001E 20                   75 	.db #0x20	; 32
   001F 00                   76 	.db #0x00	; 0
   0020 F3                   77 	.db #0xf3	; 243
   0021 B2                   78 	.db #0xb2	; 178
   0022 60                   79 	.db #0x60	; 96
   0023 90                   80 	.db #0x90	; 144
   0024 30                   81 	.db #0x30	; 48	'0'
   0025 30                   82 	.db #0x30	; 48	'0'
   0026 30                   83 	.db #0x30	; 48	'0'
   0027 00                   84 	.db #0x00	; 0
   0028 51                   85 	.db #0x51	; 81	'Q'
   0029 F3                   86 	.db #0xf3	; 243
   002A 30                   87 	.db #0x30	; 48	'0'
   002B 30                   88 	.db #0x30	; 48	'0'
   002C 30                   89 	.db #0x30	; 48	'0'
   002D 30                   90 	.db #0x30	; 48	'0'
   002E 30                   91 	.db #0x30	; 48	'0'
   002F 00                   92 	.db #0x00	; 0
   0030 00                   93 	.db #0x00	; 0
   0031 30                   94 	.db #0x30	; 48	'0'
   0032 30                   95 	.db #0x30	; 48	'0'
   0033 30                   96 	.db #0x30	; 48	'0'
   0034 30                   97 	.db #0x30	; 48	'0'
   0035 30                   98 	.db #0x30	; 48	'0'
   0036 30                   99 	.db #0x30	; 48	'0'
   0037 00                  100 	.db #0x00	; 0
   0038 00                  101 	.db #0x00	; 0
   0039 3C                  102 	.db #0x3c	; 60
   003A 30                  103 	.db #0x30	; 48	'0'
   003B 71                  104 	.db #0x71	; 113	'q'
   003C F3                  105 	.db #0xf3	; 243
   003D 30                  106 	.db #0x30	; 48	'0'
   003E 30                  107 	.db #0x30	; 48	'0'
   003F 00                  108 	.db #0x00	; 0
   0040 00                  109 	.db #0x00	; 0
   0041 3C                  110 	.db #0x3c	; 60
   0042 38                  111 	.db #0x38	; 56	'8'
   0043 F3                  112 	.db #0xf3	; 243
   0044 F3                  113 	.db #0xf3	; 243
   0045 B2                  114 	.db #0xb2	; 178
   0046 30                  115 	.db #0x30	; 48	'0'
   0047 20                  116 	.db #0x20	; 32
   0048 00                  117 	.db #0x00	; 0
   0049 3C                  118 	.db #0x3c	; 60
   004A 38                  119 	.db #0x38	; 56	'8'
   004B 71                  120 	.db #0x71	; 113	'q'
   004C F3                  121 	.db #0xf3	; 243
   004D F3                  122 	.db #0xf3	; 243
   004E B2                  123 	.db #0xb2	; 178
   004F 30                  124 	.db #0x30	; 48	'0'
   0050 00                  125 	.db #0x00	; 0
   0051 14                  126 	.db #0x14	; 20
   0052 30                  127 	.db #0x30	; 48	'0'
   0053 30                  128 	.db #0x30	; 48	'0'
   0054 30                  129 	.db #0x30	; 48	'0'
   0055 30                  130 	.db #0x30	; 48	'0'
   0056 30                  131 	.db #0x30	; 48	'0'
   0057 30                  132 	.db #0x30	; 48	'0'
   0058 00                  133 	.db #0x00	; 0
   0059 00                  134 	.db #0x00	; 0
   005A F3                  135 	.db #0xf3	; 243
   005B 30                  136 	.db #0x30	; 48	'0'
   005C 30                  137 	.db #0x30	; 48	'0'
   005D 30                  138 	.db #0x30	; 48	'0'
   005E 30                  139 	.db #0x30	; 48	'0'
   005F 20                  140 	.db #0x20	; 32
   0060 00                  141 	.db #0x00	; 0
   0061 51                  142 	.db #0x51	; 81	'Q'
   0062 F3                  143 	.db #0xf3	; 243
   0063 30                  144 	.db #0x30	; 48	'0'
   0064 30                  145 	.db #0x30	; 48	'0'
   0065 30                  146 	.db #0x30	; 48	'0'
   0066 30                  147 	.db #0x30	; 48	'0'
   0067 00                  148 	.db #0x00	; 0
   0068 F3                  149 	.db #0xf3	; 243
   0069 51                  150 	.db #0x51	; 81	'Q'
   006A B2                  151 	.db #0xb2	; 178
   006B 30                  152 	.db #0x30	; 48	'0'
   006C 30                  153 	.db #0x30	; 48	'0'
   006D 30                  154 	.db #0x30	; 48	'0'
   006E 3C                  155 	.db #0x3c	; 60
   006F 28                  156 	.db #0x28	; 40
   0070 51                  157 	.db #0x51	; 81	'Q'
   0071 F3                  158 	.db #0xf3	; 243
   0072 00                  159 	.db #0x00	; 0
   0073 00                  160 	.db #0x00	; 0
   0074 00                  161 	.db #0x00	; 0
   0075 00                  162 	.db #0x00	; 0
   0076 14                  163 	.db #0x14	; 20
   0077 3C                  164 	.db #0x3c	; 60
   0078 00                  165 	.db #0x00	; 0
   0079 F3                  166 	.db #0xf3	; 243
   007A 00                  167 	.db #0x00	; 0
   007B 00                  168 	.db #0x00	; 0
   007C 00                  169 	.db #0x00	; 0
   007D 14                  170 	.db #0x14	; 20
   007E 3C                  171 	.db #0x3c	; 60
   007F 28                  172 	.db #0x28	; 40
                            173 	.area _INITIALIZER
                            174 	.area _CABS (ABS)
