                              1 ;--------------------------------------------------------
                              2 ; File Created by SDCC : free open source ANSI-C Compiler
                              3 ; Version 3.6.8 #9946 (Linux)
                              4 ;--------------------------------------------------------
                              5 	.module sprite2_W
                              6 	.optsdcc -mz80
                              7 	
                              8 ;--------------------------------------------------------
                              9 ; Public variables in this module
                             10 ;--------------------------------------------------------
                             11 	.globl _spr_sprite2_W
                             12 ;--------------------------------------------------------
                             13 ; special function registers
                             14 ;--------------------------------------------------------
                             15 ;--------------------------------------------------------
                             16 ; ram data
                             17 ;--------------------------------------------------------
                             18 	.area _DATA
                             19 ;--------------------------------------------------------
                             20 ; ram data
                             21 ;--------------------------------------------------------
                             22 	.area _INITIALIZED
                             23 ;--------------------------------------------------------
                             24 ; absolute external ram data
                             25 ;--------------------------------------------------------
                             26 	.area _DABS (ABS)
                             27 ;--------------------------------------------------------
                             28 ; global & static initialisations
                             29 ;--------------------------------------------------------
                             30 	.area _HOME
                             31 	.area _GSINIT
                             32 	.area _GSFINAL
                             33 	.area _GSINIT
                             34 ;--------------------------------------------------------
                             35 ; Home
                             36 ;--------------------------------------------------------
                             37 	.area _HOME
                             38 	.area _HOME
                             39 ;--------------------------------------------------------
                             40 ; code
                             41 ;--------------------------------------------------------
                             42 	.area _CODE
                             43 	.area _CODE
   0000                      44 _spr_sprite2_W:
   0000 00                   45 	.db #0x00	; 0
   0001 00                   46 	.db #0x00	; 0
   0002 00                   47 	.db #0x00	; 0
   0003 00                   48 	.db #0x00	; 0
   0004 00                   49 	.db #0x00	; 0
   0005 00                   50 	.db #0x00	; 0
   0006 00                   51 	.db #0x00	; 0
   0007 00                   52 	.db #0x00	; 0
   0008 00                   53 	.db #0x00	; 0
   0009 00                   54 	.db #0x00	; 0
   000A 00                   55 	.db #0x00	; 0
   000B 10                   56 	.db #0x10	; 16
   000C 30                   57 	.db #0x30	; 48	'0'
   000D 20                   58 	.db #0x20	; 32
   000E 00                   59 	.db #0x00	; 0
   000F 00                   60 	.db #0x00	; 0
   0010 00                   61 	.db #0x00	; 0
   0011 00                   62 	.db #0x00	; 0
   0012 10                   63 	.db #0x10	; 16
   0013 30                   64 	.db #0x30	; 48	'0'
   0014 30                   65 	.db #0x30	; 48	'0'
   0015 30                   66 	.db #0x30	; 48	'0'
   0016 20                   67 	.db #0x20	; 32
   0017 00                   68 	.db #0x00	; 0
   0018 00                   69 	.db #0x00	; 0
   0019 00                   70 	.db #0x00	; 0
   001A 30                   71 	.db #0x30	; 48	'0'
   001B F3                   72 	.db #0xf3	; 243
   001C 30                   73 	.db #0x30	; 48	'0'
   001D 30                   74 	.db #0x30	; 48	'0'
   001E 30                   75 	.db #0x30	; 48	'0'
   001F 00                   76 	.db #0x00	; 0
   0020 00                   77 	.db #0x00	; 0
   0021 00                   78 	.db #0x00	; 0
   0022 71                   79 	.db #0x71	; 113	'q'
   0023 B2                   80 	.db #0xb2	; 178
   0024 30                   81 	.db #0x30	; 48	'0'
   0025 30                   82 	.db #0x30	; 48	'0'
   0026 30                   83 	.db #0x30	; 48	'0'
   0027 00                   84 	.db #0x00	; 0
   0028 51                   85 	.db #0x51	; 81	'Q'
   0029 A2                   86 	.db #0xa2	; 162
   002A 30                   87 	.db #0x30	; 48	'0'
   002B 30                   88 	.db #0x30	; 48	'0'
   002C 30                   89 	.db #0x30	; 48	'0'
   002D 30                   90 	.db #0x30	; 48	'0'
   002E 30                   91 	.db #0x30	; 48	'0'
   002F 00                   92 	.db #0x00	; 0
   0030 51                   93 	.db #0x51	; 81	'Q'
   0031 F3                   94 	.db #0xf3	; 243
   0032 30                   95 	.db #0x30	; 48	'0'
   0033 30                   96 	.db #0x30	; 48	'0'
   0034 30                   97 	.db #0x30	; 48	'0'
   0035 30                   98 	.db #0x30	; 48	'0'
   0036 30                   99 	.db #0x30	; 48	'0'
   0037 A2                  100 	.db #0xa2	; 162
   0038 00                  101 	.db #0x00	; 0
   0039 F3                  102 	.db #0xf3	; 243
   003A 30                  103 	.db #0x30	; 48	'0'
   003B 30                  104 	.db #0x30	; 48	'0'
   003C 30                  105 	.db #0x30	; 48	'0'
   003D 30                  106 	.db #0x30	; 48	'0'
   003E 30                  107 	.db #0x30	; 48	'0'
   003F F3                  108 	.db #0xf3	; 243
   0040 00                  109 	.db #0x00	; 0
   0041 F3                  110 	.db #0xf3	; 243
   0042 30                  111 	.db #0x30	; 48	'0'
   0043 30                  112 	.db #0x30	; 48	'0'
   0044 30                  113 	.db #0x30	; 48	'0'
   0045 30                  114 	.db #0x30	; 48	'0'
   0046 30                  115 	.db #0x30	; 48	'0'
   0047 F3                  116 	.db #0xf3	; 243
   0048 00                  117 	.db #0x00	; 0
   0049 B2                  118 	.db #0xb2	; 178
   004A 30                  119 	.db #0x30	; 48	'0'
   004B 30                  120 	.db #0x30	; 48	'0'
   004C 30                  121 	.db #0x30	; 48	'0'
   004D 30                  122 	.db #0x30	; 48	'0'
   004E 71                  123 	.db #0x71	; 113	'q'
   004F F3                  124 	.db #0xf3	; 243
   0050 00                  125 	.db #0x00	; 0
   0051 30                  126 	.db #0x30	; 48	'0'
   0052 30                  127 	.db #0x30	; 48	'0'
   0053 30                  128 	.db #0x30	; 48	'0'
   0054 30                  129 	.db #0x30	; 48	'0'
   0055 30                  130 	.db #0x30	; 48	'0'
   0056 71                  131 	.db #0x71	; 113	'q'
   0057 B2                  132 	.db #0xb2	; 178
   0058 00                  133 	.db #0x00	; 0
   0059 30                  134 	.db #0x30	; 48	'0'
   005A 30                  135 	.db #0x30	; 48	'0'
   005B 30                  136 	.db #0x30	; 48	'0'
   005C 30                  137 	.db #0x30	; 48	'0'
   005D 30                  138 	.db #0x30	; 48	'0'
   005E 30                  139 	.db #0x30	; 48	'0'
   005F 20                  140 	.db #0x20	; 32
   0060 00                  141 	.db #0x00	; 0
   0061 10                  142 	.db #0x10	; 16
   0062 30                  143 	.db #0x30	; 48	'0'
   0063 30                  144 	.db #0x30	; 48	'0'
   0064 30                  145 	.db #0x30	; 48	'0'
   0065 30                  146 	.db #0x30	; 48	'0'
   0066 30                  147 	.db #0x30	; 48	'0'
   0067 20                  148 	.db #0x20	; 32
   0068 00                  149 	.db #0x00	; 0
   0069 00                  150 	.db #0x00	; 0
   006A F3                  151 	.db #0xf3	; 243
   006B F3                  152 	.db #0xf3	; 243
   006C 00                  153 	.db #0x00	; 0
   006D 30                  154 	.db #0x30	; 48	'0'
   006E 30                  155 	.db #0x30	; 48	'0'
   006F 00                  156 	.db #0x00	; 0
   0070 00                  157 	.db #0x00	; 0
   0071 00                  158 	.db #0x00	; 0
   0072 F3                  159 	.db #0xf3	; 243
   0073 F3                  160 	.db #0xf3	; 243
   0074 00                  161 	.db #0x00	; 0
   0075 F3                  162 	.db #0xf3	; 243
   0076 F3                  163 	.db #0xf3	; 243
   0077 00                  164 	.db #0x00	; 0
   0078 00                  165 	.db #0x00	; 0
   0079 00                  166 	.db #0x00	; 0
   007A 51                  167 	.db #0x51	; 81	'Q'
   007B A2                  168 	.db #0xa2	; 162
   007C 00                  169 	.db #0x00	; 0
   007D 00                  170 	.db #0x00	; 0
   007E 00                  171 	.db #0x00	; 0
   007F 00                  172 	.db #0x00	; 0
                            173 	.area _INITIALIZER
                            174 	.area _CABS (ABS)
