                              1 ;--------------------------------------------------------
                              2 ; File Created by SDCC : free open source ANSI-C Compiler
                              3 ; Version 3.6.8 #9946 (Linux)
                              4 ;--------------------------------------------------------
                              5 	.module sprite3_W
                              6 	.optsdcc -mz80
                              7 	
                              8 ;--------------------------------------------------------
                              9 ; Public variables in this module
                             10 ;--------------------------------------------------------
                             11 	.globl _spr_sprite3_W
                             12 ;--------------------------------------------------------
                             13 ; special function registers
                             14 ;--------------------------------------------------------
                             15 ;--------------------------------------------------------
                             16 ; ram data
                             17 ;--------------------------------------------------------
                             18 	.area _DATA
                             19 ;--------------------------------------------------------
                             20 ; ram data
                             21 ;--------------------------------------------------------
                             22 	.area _INITIALIZED
                             23 ;--------------------------------------------------------
                             24 ; absolute external ram data
                             25 ;--------------------------------------------------------
                             26 	.area _DABS (ABS)
                             27 ;--------------------------------------------------------
                             28 ; global & static initialisations
                             29 ;--------------------------------------------------------
                             30 	.area _HOME
                             31 	.area _GSINIT
                             32 	.area _GSFINAL
                             33 	.area _GSINIT
                             34 ;--------------------------------------------------------
                             35 ; Home
                             36 ;--------------------------------------------------------
                             37 	.area _HOME
                             38 	.area _HOME
                             39 ;--------------------------------------------------------
                             40 ; code
                             41 ;--------------------------------------------------------
                             42 	.area _CODE
                             43 	.area _CODE
   0000                      44 _spr_sprite3_W:
   0000 00                   45 	.db #0x00	; 0
   0001 00                   46 	.db #0x00	; 0
   0002 00                   47 	.db #0x00	; 0
   0003 30                   48 	.db #0x30	; 48	'0'
   0004 30                   49 	.db #0x30	; 48	'0'
   0005 00                   50 	.db #0x00	; 0
   0006 00                   51 	.db #0x00	; 0
   0007 00                   52 	.db #0x00	; 0
   0008 00                   53 	.db #0x00	; 0
   0009 00                   54 	.db #0x00	; 0
   000A 30                   55 	.db #0x30	; 48	'0'
   000B 30                   56 	.db #0x30	; 48	'0'
   000C 30                   57 	.db #0x30	; 48	'0'
   000D 30                   58 	.db #0x30	; 48	'0'
   000E 00                   59 	.db #0x00	; 0
   000F 00                   60 	.db #0x00	; 0
   0010 00                   61 	.db #0x00	; 0
   0011 10                   62 	.db #0x10	; 16
   0012 30                   63 	.db #0x30	; 48	'0'
   0013 F3                   64 	.db #0xf3	; 243
   0014 30                   65 	.db #0x30	; 48	'0'
   0015 30                   66 	.db #0x30	; 48	'0'
   0016 20                   67 	.db #0x20	; 32
   0017 00                   68 	.db #0x00	; 0
   0018 00                   69 	.db #0x00	; 0
   0019 10                   70 	.db #0x10	; 16
   001A 71                   71 	.db #0x71	; 113	'q'
   001B B2                   72 	.db #0xb2	; 178
   001C 30                   73 	.db #0x30	; 48	'0'
   001D 30                   74 	.db #0x30	; 48	'0'
   001E 20                   75 	.db #0x20	; 32
   001F 00                   76 	.db #0x00	; 0
   0020 F3                   77 	.db #0xf3	; 243
   0021 10                   78 	.db #0x10	; 16
   0022 30                   79 	.db #0x30	; 48	'0'
   0023 30                   80 	.db #0x30	; 48	'0'
   0024 30                   81 	.db #0x30	; 48	'0'
   0025 30                   82 	.db #0x30	; 48	'0'
   0026 20                   83 	.db #0x20	; 32
   0027 F3                   84 	.db #0xf3	; 243
   0028 F3                   85 	.db #0xf3	; 243
   0029 B2                   86 	.db #0xb2	; 178
   002A 30                   87 	.db #0x30	; 48	'0'
   002B 30                   88 	.db #0x30	; 48	'0'
   002C 30                   89 	.db #0x30	; 48	'0'
   002D 30                   90 	.db #0x30	; 48	'0'
   002E 71                   91 	.db #0x71	; 113	'q'
   002F F3                   92 	.db #0xf3	; 243
   0030 F3                   93 	.db #0xf3	; 243
   0031 B2                   94 	.db #0xb2	; 178
   0032 30                   95 	.db #0x30	; 48	'0'
   0033 30                   96 	.db #0x30	; 48	'0'
   0034 30                   97 	.db #0x30	; 48	'0'
   0035 30                   98 	.db #0x30	; 48	'0'
   0036 71                   99 	.db #0x71	; 113	'q'
   0037 F3                  100 	.db #0xf3	; 243
   0038 51                  101 	.db #0x51	; 81	'Q'
   0039 B2                  102 	.db #0xb2	; 178
   003A 30                  103 	.db #0x30	; 48	'0'
   003B 30                  104 	.db #0x30	; 48	'0'
   003C 30                  105 	.db #0x30	; 48	'0'
   003D 30                  106 	.db #0x30	; 48	'0'
   003E 71                  107 	.db #0x71	; 113	'q'
   003F A2                  108 	.db #0xa2	; 162
   0040 51                  109 	.db #0x51	; 81	'Q'
   0041 30                  110 	.db #0x30	; 48	'0'
   0042 30                  111 	.db #0x30	; 48	'0'
   0043 30                  112 	.db #0x30	; 48	'0'
   0044 30                  113 	.db #0x30	; 48	'0'
   0045 30                  114 	.db #0x30	; 48	'0'
   0046 30                  115 	.db #0x30	; 48	'0'
   0047 A2                  116 	.db #0xa2	; 162
   0048 10                  117 	.db #0x10	; 16
   0049 30                  118 	.db #0x30	; 48	'0'
   004A 30                  119 	.db #0x30	; 48	'0'
   004B 30                  120 	.db #0x30	; 48	'0'
   004C 30                  121 	.db #0x30	; 48	'0'
   004D 30                  122 	.db #0x30	; 48	'0'
   004E 30                  123 	.db #0x30	; 48	'0'
   004F 20                  124 	.db #0x20	; 32
   0050 10                  125 	.db #0x10	; 16
   0051 30                  126 	.db #0x30	; 48	'0'
   0052 30                  127 	.db #0x30	; 48	'0'
   0053 30                  128 	.db #0x30	; 48	'0'
   0054 30                  129 	.db #0x30	; 48	'0'
   0055 30                  130 	.db #0x30	; 48	'0'
   0056 30                  131 	.db #0x30	; 48	'0'
   0057 20                  132 	.db #0x20	; 32
   0058 10                  133 	.db #0x10	; 16
   0059 30                  134 	.db #0x30	; 48	'0'
   005A 30                  135 	.db #0x30	; 48	'0'
   005B 30                  136 	.db #0x30	; 48	'0'
   005C 30                  137 	.db #0x30	; 48	'0'
   005D 30                  138 	.db #0x30	; 48	'0'
   005E 30                  139 	.db #0x30	; 48	'0'
   005F 20                  140 	.db #0x20	; 32
   0060 10                  141 	.db #0x10	; 16
   0061 30                  142 	.db #0x30	; 48	'0'
   0062 30                  143 	.db #0x30	; 48	'0'
   0063 30                  144 	.db #0x30	; 48	'0'
   0064 30                  145 	.db #0x30	; 48	'0'
   0065 30                  146 	.db #0x30	; 48	'0'
   0066 30                  147 	.db #0x30	; 48	'0'
   0067 20                  148 	.db #0x20	; 32
   0068 00                  149 	.db #0x00	; 0
   0069 30                  150 	.db #0x30	; 48	'0'
   006A 30                  151 	.db #0x30	; 48	'0'
   006B 30                  152 	.db #0x30	; 48	'0'
   006C 30                  153 	.db #0x30	; 48	'0'
   006D 30                  154 	.db #0x30	; 48	'0'
   006E 30                  155 	.db #0x30	; 48	'0'
   006F 00                  156 	.db #0x00	; 0
   0070 00                  157 	.db #0x00	; 0
   0071 10                  158 	.db #0x10	; 16
   0072 30                  159 	.db #0x30	; 48	'0'
   0073 20                  160 	.db #0x20	; 32
   0074 10                  161 	.db #0x10	; 16
   0075 30                  162 	.db #0x30	; 48	'0'
   0076 20                  163 	.db #0x20	; 32
   0077 00                  164 	.db #0x00	; 0
   0078 00                  165 	.db #0x00	; 0
   0079 51                  166 	.db #0x51	; 81	'Q'
   007A F3                  167 	.db #0xf3	; 243
   007B A2                  168 	.db #0xa2	; 162
   007C 51                  169 	.db #0x51	; 81	'Q'
   007D F3                  170 	.db #0xf3	; 243
   007E A2                  171 	.db #0xa2	; 162
   007F 00                  172 	.db #0x00	; 0
                            173 	.area _INITIALIZER
                            174 	.area _CABS (ABS)
