                              1 ;--------------------------------------------------------
                              2 ; File Created by SDCC : free open source ANSI-C Compiler
                              3 ; Version 3.6.8 #9946 (Linux)
                              4 ;--------------------------------------------------------
                              5 	.module tiles
                              6 	.optsdcc -mz80
                              7 	
                              8 ;--------------------------------------------------------
                              9 ; Public variables in this module
                             10 ;--------------------------------------------------------
                             11 	.globl _tiles_7
                             12 	.globl _tiles_6
                             13 	.globl _tiles_5
                             14 	.globl _tiles_4
                             15 	.globl _tiles_3
                             16 	.globl _tiles_2
                             17 	.globl _tiles_1
                             18 	.globl _tiles_0
                             19 ;--------------------------------------------------------
                             20 ; special function registers
                             21 ;--------------------------------------------------------
                             22 ;--------------------------------------------------------
                             23 ; ram data
                             24 ;--------------------------------------------------------
                             25 	.area _DATA
                             26 ;--------------------------------------------------------
                             27 ; ram data
                             28 ;--------------------------------------------------------
                             29 	.area _INITIALIZED
                             30 ;--------------------------------------------------------
                             31 ; absolute external ram data
                             32 ;--------------------------------------------------------
                             33 	.area _DABS (ABS)
                             34 ;--------------------------------------------------------
                             35 ; global & static initialisations
                             36 ;--------------------------------------------------------
                             37 	.area _HOME
                             38 	.area _GSINIT
                             39 	.area _GSFINAL
                             40 	.area _GSINIT
                             41 ;--------------------------------------------------------
                             42 ; Home
                             43 ;--------------------------------------------------------
                             44 	.area _HOME
                             45 	.area _HOME
                             46 ;--------------------------------------------------------
                             47 ; code
                             48 ;--------------------------------------------------------
                             49 	.area _CODE
                             50 	.area _CODE
   0000                      51 _tiles_0:
   0000 F3                   52 	.db #0xf3	; 243
   0001 D9                   53 	.db #0xd9	; 217
   0002 F3                   54 	.db #0xf3	; 243
   0003 D9                   55 	.db #0xd9	; 217
   0004 CC                   56 	.db #0xcc	; 204
   0005 CC                   57 	.db #0xcc	; 204
   0006 CC                   58 	.db #0xcc	; 204
   0007 CC                   59 	.db #0xcc	; 204
   0008 CC                   60 	.db #0xcc	; 204
   0009 CC                   61 	.db #0xcc	; 204
   000A CC                   62 	.db #0xcc	; 204
   000B CC                   63 	.db #0xcc	; 204
   000C F3                   64 	.db #0xf3	; 243
   000D D9                   65 	.db #0xd9	; 217
   000E F3                   66 	.db #0xf3	; 243
   000F D9                   67 	.db #0xd9	; 217
   0010 D9                   68 	.db #0xd9	; 217
   0011 F3                   69 	.db #0xf3	; 243
   0012 D9                   70 	.db #0xd9	; 217
   0013 F3                   71 	.db #0xf3	; 243
   0014 CC                   72 	.db #0xcc	; 204
   0015 CC                   73 	.db #0xcc	; 204
   0016 CC                   74 	.db #0xcc	; 204
   0017 CC                   75 	.db #0xcc	; 204
   0018 CC                   76 	.db #0xcc	; 204
   0019 CC                   77 	.db #0xcc	; 204
   001A CC                   78 	.db #0xcc	; 204
   001B CC                   79 	.db #0xcc	; 204
   001C D9                   80 	.db #0xd9	; 217
   001D F3                   81 	.db #0xf3	; 243
   001E D9                   82 	.db #0xd9	; 217
   001F F3                   83 	.db #0xf3	; 243
   0020                      84 _tiles_1:
   0020 03                   85 	.db #0x03	; 3
   0021 03                   86 	.db #0x03	; 3
   0022 03                   87 	.db #0x03	; 3
   0023 03                   88 	.db #0x03	; 3
   0024 03                   89 	.db #0x03	; 3
   0025 F0                   90 	.db #0xf0	; 240
   0026 F0                   91 	.db #0xf0	; 240
   0027 03                   92 	.db #0x03	; 3
   0028 52                   93 	.db #0x52	; 82	'R'
   0029 70                   94 	.db #0x70	; 112	'p'
   002A F0                   95 	.db #0xf0	; 240
   002B A1                   96 	.db #0xa1	; 161
   002C A1                   97 	.db #0xa1	; 161
   002D 70                   98 	.db #0x70	; 112	'p'
   002E F0                   99 	.db #0xf0	; 240
   002F 52                  100 	.db #0x52	; 82	'R'
   0030 03                  101 	.db #0x03	; 3
   0031 43                  102 	.db #0x43	; 67	'C'
   0032 83                  103 	.db #0x83	; 131
   0033 03                  104 	.db #0x03	; 3
   0034 03                  105 	.db #0x03	; 3
   0035 C3                  106 	.db #0xc3	; 195
   0036 C3                  107 	.db #0xc3	; 195
   0037 03                  108 	.db #0x03	; 3
   0038 03                  109 	.db #0x03	; 3
   0039 F0                  110 	.db #0xf0	; 240
   003A F0                  111 	.db #0xf0	; 240
   003B 03                  112 	.db #0x03	; 3
   003C A1                  113 	.db #0xa1	; 161
   003D 70                  114 	.db #0x70	; 112	'p'
   003E F0                  115 	.db #0xf0	; 240
   003F 52                  116 	.db #0x52	; 82	'R'
   0040                     117 _tiles_2:
   0040 03                  118 	.db #0x03	; 3
   0041 03                  119 	.db #0x03	; 3
   0042 03                  120 	.db #0x03	; 3
   0043 03                  121 	.db #0x03	; 3
   0044 A1                  122 	.db #0xa1	; 161
   0045 03                  123 	.db #0x03	; 3
   0046 E5                  124 	.db #0xe5	; 229
   0047 03                  125 	.db #0x03	; 3
   0048 03                  126 	.db #0x03	; 3
   0049 03                  127 	.db #0x03	; 3
   004A A1                  128 	.db #0xa1	; 161
   004B 03                  129 	.db #0x03	; 3
   004C 03                  130 	.db #0x03	; 3
   004D 03                  131 	.db #0x03	; 3
   004E 03                  132 	.db #0x03	; 3
   004F 03                  133 	.db #0x03	; 3
   0050 47                  134 	.db #0x47	; 71	'G'
   0051 03                  135 	.db #0x03	; 3
   0052 52                  136 	.db #0x52	; 82	'R'
   0053 03                  137 	.db #0x03	; 3
   0054 03                  138 	.db #0x03	; 3
   0055 03                  139 	.db #0x03	; 3
   0056 03                  140 	.db #0x03	; 3
   0057 03                  141 	.db #0x03	; 3
   0058 03                  142 	.db #0x03	; 3
   0059 03                  143 	.db #0x03	; 3
   005A 03                  144 	.db #0x03	; 3
   005B 03                  145 	.db #0x03	; 3
   005C 8B                  146 	.db #0x8b	; 139
   005D 03                  147 	.db #0x03	; 3
   005E A1                  148 	.db #0xa1	; 161
   005F 03                  149 	.db #0x03	; 3
   0060                     150 _tiles_3:
   0060 FF                  151 	.db #0xff	; 255
   0061 FF                  152 	.db #0xff	; 255
   0062 FF                  153 	.db #0xff	; 255
   0063 FF                  154 	.db #0xff	; 255
   0064 FF                  155 	.db #0xff	; 255
   0065 FF                  156 	.db #0xff	; 255
   0066 FF                  157 	.db #0xff	; 255
   0067 FF                  158 	.db #0xff	; 255
   0068 FF                  159 	.db #0xff	; 255
   0069 FF                  160 	.db #0xff	; 255
   006A FF                  161 	.db #0xff	; 255
   006B FF                  162 	.db #0xff	; 255
   006C FF                  163 	.db #0xff	; 255
   006D FF                  164 	.db #0xff	; 255
   006E FF                  165 	.db #0xff	; 255
   006F FF                  166 	.db #0xff	; 255
   0070 FF                  167 	.db #0xff	; 255
   0071 FF                  168 	.db #0xff	; 255
   0072 FF                  169 	.db #0xff	; 255
   0073 FF                  170 	.db #0xff	; 255
   0074 FF                  171 	.db #0xff	; 255
   0075 FF                  172 	.db #0xff	; 255
   0076 FF                  173 	.db #0xff	; 255
   0077 FF                  174 	.db #0xff	; 255
   0078 FF                  175 	.db #0xff	; 255
   0079 FF                  176 	.db #0xff	; 255
   007A FF                  177 	.db #0xff	; 255
   007B FF                  178 	.db #0xff	; 255
   007C FF                  179 	.db #0xff	; 255
   007D FF                  180 	.db #0xff	; 255
   007E FF                  181 	.db #0xff	; 255
   007F FF                  182 	.db #0xff	; 255
   0080                     183 _tiles_4:
   0080 FF                  184 	.db #0xff	; 255
   0081 FF                  185 	.db #0xff	; 255
   0082 FF                  186 	.db #0xff	; 255
   0083 FF                  187 	.db #0xff	; 255
   0084 FF                  188 	.db #0xff	; 255
   0085 FF                  189 	.db #0xff	; 255
   0086 FF                  190 	.db #0xff	; 255
   0087 FF                  191 	.db #0xff	; 255
   0088 FF                  192 	.db #0xff	; 255
   0089 FF                  193 	.db #0xff	; 255
   008A FF                  194 	.db #0xff	; 255
   008B FF                  195 	.db #0xff	; 255
   008C FF                  196 	.db #0xff	; 255
   008D FF                  197 	.db #0xff	; 255
   008E FF                  198 	.db #0xff	; 255
   008F FF                  199 	.db #0xff	; 255
   0090 FF                  200 	.db #0xff	; 255
   0091 FF                  201 	.db #0xff	; 255
   0092 FF                  202 	.db #0xff	; 255
   0093 FF                  203 	.db #0xff	; 255
   0094 FF                  204 	.db #0xff	; 255
   0095 FF                  205 	.db #0xff	; 255
   0096 FF                  206 	.db #0xff	; 255
   0097 FF                  207 	.db #0xff	; 255
   0098 FF                  208 	.db #0xff	; 255
   0099 FF                  209 	.db #0xff	; 255
   009A FF                  210 	.db #0xff	; 255
   009B FF                  211 	.db #0xff	; 255
   009C FF                  212 	.db #0xff	; 255
   009D FF                  213 	.db #0xff	; 255
   009E FF                  214 	.db #0xff	; 255
   009F FF                  215 	.db #0xff	; 255
   00A0                     216 _tiles_5:
   00A0 FF                  217 	.db #0xff	; 255
   00A1 FF                  218 	.db #0xff	; 255
   00A2 FF                  219 	.db #0xff	; 255
   00A3 FF                  220 	.db #0xff	; 255
   00A4 FF                  221 	.db #0xff	; 255
   00A5 FF                  222 	.db #0xff	; 255
   00A6 FF                  223 	.db #0xff	; 255
   00A7 FF                  224 	.db #0xff	; 255
   00A8 FF                  225 	.db #0xff	; 255
   00A9 FF                  226 	.db #0xff	; 255
   00AA FF                  227 	.db #0xff	; 255
   00AB FF                  228 	.db #0xff	; 255
   00AC FF                  229 	.db #0xff	; 255
   00AD FF                  230 	.db #0xff	; 255
   00AE FF                  231 	.db #0xff	; 255
   00AF FF                  232 	.db #0xff	; 255
   00B0 FF                  233 	.db #0xff	; 255
   00B1 FF                  234 	.db #0xff	; 255
   00B2 FF                  235 	.db #0xff	; 255
   00B3 FF                  236 	.db #0xff	; 255
   00B4 FF                  237 	.db #0xff	; 255
   00B5 FF                  238 	.db #0xff	; 255
   00B6 FF                  239 	.db #0xff	; 255
   00B7 FF                  240 	.db #0xff	; 255
   00B8 FF                  241 	.db #0xff	; 255
   00B9 FF                  242 	.db #0xff	; 255
   00BA FF                  243 	.db #0xff	; 255
   00BB FF                  244 	.db #0xff	; 255
   00BC FF                  245 	.db #0xff	; 255
   00BD FF                  246 	.db #0xff	; 255
   00BE FF                  247 	.db #0xff	; 255
   00BF FF                  248 	.db #0xff	; 255
   00C0                     249 _tiles_6:
   00C0 FF                  250 	.db #0xff	; 255
   00C1 FF                  251 	.db #0xff	; 255
   00C2 FF                  252 	.db #0xff	; 255
   00C3 FF                  253 	.db #0xff	; 255
   00C4 FF                  254 	.db #0xff	; 255
   00C5 FF                  255 	.db #0xff	; 255
   00C6 FF                  256 	.db #0xff	; 255
   00C7 FF                  257 	.db #0xff	; 255
   00C8 FF                  258 	.db #0xff	; 255
   00C9 FF                  259 	.db #0xff	; 255
   00CA FF                  260 	.db #0xff	; 255
   00CB FF                  261 	.db #0xff	; 255
   00CC FF                  262 	.db #0xff	; 255
   00CD FF                  263 	.db #0xff	; 255
   00CE FF                  264 	.db #0xff	; 255
   00CF FF                  265 	.db #0xff	; 255
   00D0 FF                  266 	.db #0xff	; 255
   00D1 FF                  267 	.db #0xff	; 255
   00D2 FF                  268 	.db #0xff	; 255
   00D3 FF                  269 	.db #0xff	; 255
   00D4 FF                  270 	.db #0xff	; 255
   00D5 FF                  271 	.db #0xff	; 255
   00D6 FF                  272 	.db #0xff	; 255
   00D7 FF                  273 	.db #0xff	; 255
   00D8 FF                  274 	.db #0xff	; 255
   00D9 FF                  275 	.db #0xff	; 255
   00DA FF                  276 	.db #0xff	; 255
   00DB FF                  277 	.db #0xff	; 255
   00DC FF                  278 	.db #0xff	; 255
   00DD FF                  279 	.db #0xff	; 255
   00DE FF                  280 	.db #0xff	; 255
   00DF FF                  281 	.db #0xff	; 255
   00E0                     282 _tiles_7:
   00E0 FF                  283 	.db #0xff	; 255
   00E1 FF                  284 	.db #0xff	; 255
   00E2 FF                  285 	.db #0xff	; 255
   00E3 FF                  286 	.db #0xff	; 255
   00E4 FF                  287 	.db #0xff	; 255
   00E5 FF                  288 	.db #0xff	; 255
   00E6 FF                  289 	.db #0xff	; 255
   00E7 FF                  290 	.db #0xff	; 255
   00E8 FF                  291 	.db #0xff	; 255
   00E9 FF                  292 	.db #0xff	; 255
   00EA FF                  293 	.db #0xff	; 255
   00EB FF                  294 	.db #0xff	; 255
   00EC FF                  295 	.db #0xff	; 255
   00ED FF                  296 	.db #0xff	; 255
   00EE FF                  297 	.db #0xff	; 255
   00EF FF                  298 	.db #0xff	; 255
   00F0 FF                  299 	.db #0xff	; 255
   00F1 FF                  300 	.db #0xff	; 255
   00F2 FF                  301 	.db #0xff	; 255
   00F3 FF                  302 	.db #0xff	; 255
   00F4 FF                  303 	.db #0xff	; 255
   00F5 FF                  304 	.db #0xff	; 255
   00F6 FF                  305 	.db #0xff	; 255
   00F7 FF                  306 	.db #0xff	; 255
   00F8 FF                  307 	.db #0xff	; 255
   00F9 FF                  308 	.db #0xff	; 255
   00FA FF                  309 	.db #0xff	; 255
   00FB FF                  310 	.db #0xff	; 255
   00FC FF                  311 	.db #0xff	; 255
   00FD FF                  312 	.db #0xff	; 255
   00FE FF                  313 	.db #0xff	; 255
   00FF FF                  314 	.db #0xff	; 255
                            315 	.area _INITIALIZER
                            316 	.area _CABS (ABS)
