                              1 ;--------------------------------------------------------
                              2 ; File Created by SDCC : free open source ANSI-C Compiler
                              3 ; Version 3.6.8 #9946 (Linux)
                              4 ;--------------------------------------------------------
                              5 	.module enemy_ship
                              6 	.optsdcc -mz80
                              7 	
                              8 ;--------------------------------------------------------
                              9 ; Public variables in this module
                             10 ;--------------------------------------------------------
                             11 	.globl _sp_enemy_ship
                             12 ;--------------------------------------------------------
                             13 ; special function registers
                             14 ;--------------------------------------------------------
                             15 ;--------------------------------------------------------
                             16 ; ram data
                             17 ;--------------------------------------------------------
                             18 	.area _DATA
                             19 ;--------------------------------------------------------
                             20 ; ram data
                             21 ;--------------------------------------------------------
                             22 	.area _INITIALIZED
                             23 ;--------------------------------------------------------
                             24 ; absolute external ram data
                             25 ;--------------------------------------------------------
                             26 	.area _DABS (ABS)
                             27 ;--------------------------------------------------------
                             28 ; global & static initialisations
                             29 ;--------------------------------------------------------
                             30 	.area _HOME
                             31 	.area _GSINIT
                             32 	.area _GSFINAL
                             33 	.area _GSINIT
                             34 ;--------------------------------------------------------
                             35 ; Home
                             36 ;--------------------------------------------------------
                             37 	.area _HOME
                             38 	.area _HOME
                             39 ;--------------------------------------------------------
                             40 ; code
                             41 ;--------------------------------------------------------
                             42 	.area _CODE
                             43 	.area _CODE
   0000                      44 _sp_enemy_ship:
   0000 00                   45 	.db #0x00	; 0
   0001 00                   46 	.db #0x00	; 0
   0002 00                   47 	.db #0x00	; 0
   0003 00                   48 	.db #0x00	; 0
   0004 40                   49 	.db #0x40	; 64
   0005 80                   50 	.db #0x80	; 128
   0006 00                   51 	.db #0x00	; 0
   0007 00                   52 	.db #0x00	; 0
   0008 40                   53 	.db #0x40	; 64
   0009 80                   54 	.db #0x80	; 128
   000A 00                   55 	.db #0x00	; 0
   000B 00                   56 	.db #0x00	; 0
   000C 00                   57 	.db #0x00	; 0
   000D 00                   58 	.db #0x00	; 0
   000E 00                   59 	.db #0x00	; 0
   000F 00                   60 	.db #0x00	; 0
   0010 00                   61 	.db #0x00	; 0
   0011 00                   62 	.db #0x00	; 0
   0012 95                   63 	.db #0x95	; 149
   0013 80                   64 	.db #0x80	; 128
   0014 00                   65 	.db #0x00	; 0
   0015 00                   66 	.db #0x00	; 0
   0016 40                   67 	.db #0x40	; 64
   0017 6A                   68 	.db #0x6a	; 106	'j'
   0018 00                   69 	.db #0x00	; 0
   0019 00                   70 	.db #0x00	; 0
   001A 00                   71 	.db #0x00	; 0
   001B 00                   72 	.db #0x00	; 0
   001C 40                   73 	.db #0x40	; 64
   001D 80                   74 	.db #0x80	; 128
   001E 40                   75 	.db #0x40	; 64
   001F 80                   76 	.db #0x80	; 128
   0020 95                   77 	.db #0x95	; 149
   0021 6A                   78 	.db #0x6a	; 106	'j'
   0022 C0                   79 	.db #0xc0	; 192
   0023 C0                   80 	.db #0xc0	; 192
   0024 95                   81 	.db #0x95	; 149
   0025 6A                   82 	.db #0x6a	; 106	'j'
   0026 40                   83 	.db #0x40	; 64
   0027 80                   84 	.db #0x80	; 128
   0028 40                   85 	.db #0x40	; 64
   0029 80                   86 	.db #0x80	; 128
   002A 95                   87 	.db #0x95	; 149
   002B E8                   88 	.db #0xe8	; 232
   002C 95                   89 	.db #0x95	; 149
   002D E8                   90 	.db #0xe8	; 232
   002E BD                   91 	.db #0xbd	; 189
   002F 6A                   92 	.db #0x6a	; 106	'j'
   0030 3F                   93 	.db #0x3f	; 63
   0031 3F                   94 	.db #0x3f	; 63
   0032 95                   95 	.db #0x95	; 149
   0033 7E                   96 	.db #0x7e	; 126
   0034 D4                   97 	.db #0xd4	; 212
   0035 6A                   98 	.db #0x6a	; 106	'j'
   0036 D4                   99 	.db #0xd4	; 212
   0037 6A                  100 	.db #0x6a	; 106	'j'
   0038 95                  101 	.db #0x95	; 149
   0039 E8                  102 	.db #0xe8	; 232
   003A 95                  103 	.db #0x95	; 149
   003B E8                  104 	.db #0xe8	; 232
   003C BD                  105 	.db #0xbd	; 189
   003D 94                  106 	.db #0x94	; 148
   003E C0                  107 	.db #0xc0	; 192
   003F C0                  108 	.db #0xc0	; 192
   0040 68                  109 	.db #0x68	; 104	'h'
   0041 7E                  110 	.db #0x7e	; 126
   0042 D4                  111 	.db #0xd4	; 212
   0043 6A                  112 	.db #0x6a	; 106	'j'
   0044 D4                  113 	.db #0xd4	; 212
   0045 6A                  114 	.db #0x6a	; 106	'j'
   0046 95                  115 	.db #0x95	; 149
   0047 E8                  116 	.db #0xe8	; 232
   0048 95                  117 	.db #0x95	; 149
   0049 E8                  118 	.db #0xe8	; 232
   004A BD                  119 	.db #0xbd	; 189
   004B 94                  120 	.db #0x94	; 148
   004C FF                  121 	.db #0xff	; 255
   004D 3C                  122 	.db #0x3c	; 60
   004E 68                  123 	.db #0x68	; 104	'h'
   004F 7E                  124 	.db #0x7e	; 126
   0050 D4                  125 	.db #0xd4	; 212
   0051 6A                  126 	.db #0x6a	; 106	'j'
   0052 D4                  127 	.db #0xd4	; 212
   0053 6A                  128 	.db #0x6a	; 106	'j'
   0054 95                  129 	.db #0x95	; 149
   0055 E8                  130 	.db #0xe8	; 232
   0056 95                  131 	.db #0x95	; 149
   0057 E8                  132 	.db #0xe8	; 232
   0058 BD                  133 	.db #0xbd	; 189
   0059 E8                  134 	.db #0xe8	; 232
   005A 3C                  135 	.db #0x3c	; 60
   005B 3C                  136 	.db #0x3c	; 60
   005C D4                  137 	.db #0xd4	; 212
   005D 7E                  138 	.db #0x7e	; 126
   005E D4                  139 	.db #0xd4	; 212
   005F 6A                  140 	.db #0x6a	; 106	'j'
   0060 D4                  141 	.db #0xd4	; 212
   0061 6A                  142 	.db #0x6a	; 106	'j'
   0062 95                  143 	.db #0x95	; 149
   0063 E8                  144 	.db #0xe8	; 232
   0064 95                  145 	.db #0x95	; 149
   0065 E8                  146 	.db #0xe8	; 232
   0066 BD                  147 	.db #0xbd	; 189
   0067 7E                  148 	.db #0x7e	; 126
   0068 C0                  149 	.db #0xc0	; 192
   0069 C0                  150 	.db #0xc0	; 192
   006A BD                  151 	.db #0xbd	; 189
   006B 7E                  152 	.db #0x7e	; 126
   006C D4                  153 	.db #0xd4	; 212
   006D 6A                  154 	.db #0x6a	; 106	'j'
   006E D4                  155 	.db #0xd4	; 212
   006F 6A                  156 	.db #0x6a	; 106	'j'
   0070 95                  157 	.db #0x95	; 149
   0071 E8                  158 	.db #0xe8	; 232
   0072 95                  159 	.db #0x95	; 149
   0073 E8                  160 	.db #0xe8	; 232
   0074 BD                  161 	.db #0xbd	; 189
   0075 7E                  162 	.db #0x7e	; 126
   0076 C0                  163 	.db #0xc0	; 192
   0077 C0                  164 	.db #0xc0	; 192
   0078 BD                  165 	.db #0xbd	; 189
   0079 7E                  166 	.db #0x7e	; 126
   007A D4                  167 	.db #0xd4	; 212
   007B 6A                  168 	.db #0x6a	; 106	'j'
   007C D4                  169 	.db #0xd4	; 212
   007D 6A                  170 	.db #0x6a	; 106	'j'
   007E 95                  171 	.db #0x95	; 149
   007F E8                  172 	.db #0xe8	; 232
   0080 95                  173 	.db #0x95	; 149
   0081 E8                  174 	.db #0xe8	; 232
   0082 BD                  175 	.db #0xbd	; 189
   0083 3F                  176 	.db #0x3f	; 63
   0084 FC                  177 	.db #0xfc	; 252
   0085 FC                  178 	.db #0xfc	; 252
   0086 3F                  179 	.db #0x3f	; 63
   0087 7E                  180 	.db #0x7e	; 126
   0088 D4                  181 	.db #0xd4	; 212
   0089 6A                  182 	.db #0x6a	; 106	'j'
   008A D4                  183 	.db #0xd4	; 212
   008B 6A                  184 	.db #0x6a	; 106	'j'
   008C D4                  185 	.db #0xd4	; 212
   008D E8                  186 	.db #0xe8	; 232
   008E D4                  187 	.db #0xd4	; 212
   008F E8                  188 	.db #0xe8	; 232
   0090 FC                  189 	.db #0xfc	; 252
   0091 3F                  190 	.db #0x3f	; 63
   0092 3F                  191 	.db #0x3f	; 63
   0093 3F                  192 	.db #0x3f	; 63
   0094 3F                  193 	.db #0x3f	; 63
   0095 FC                  194 	.db #0xfc	; 252
   0096 D4                  195 	.db #0xd4	; 212
   0097 E8                  196 	.db #0xe8	; 232
   0098 D4                  197 	.db #0xd4	; 212
   0099 E8                  198 	.db #0xe8	; 232
   009A 40                  199 	.db #0x40	; 64
   009B E8                  200 	.db #0xe8	; 232
   009C 40                  201 	.db #0x40	; 64
   009D E8                  202 	.db #0xe8	; 232
   009E E8                  203 	.db #0xe8	; 232
   009F BD                  204 	.db #0xbd	; 189
   00A0 3F                  205 	.db #0x3f	; 63
   00A1 3F                  206 	.db #0x3f	; 63
   00A2 7E                  207 	.db #0x7e	; 126
   00A3 D4                  208 	.db #0xd4	; 212
   00A4 D4                  209 	.db #0xd4	; 212
   00A5 80                  210 	.db #0x80	; 128
   00A6 D4                  211 	.db #0xd4	; 212
   00A7 80                  212 	.db #0x80	; 128
   00A8 40                  213 	.db #0x40	; 64
   00A9 60                  214 	.db #0x60	; 96
   00AA 40                  215 	.db #0x40	; 64
   00AB 60                  216 	.db #0x60	; 96
   00AC E8                  217 	.db #0xe8	; 232
   00AD BD                  218 	.db #0xbd	; 189
   00AE 3F                  219 	.db #0x3f	; 63
   00AF 3F                  220 	.db #0x3f	; 63
   00B0 7E                  221 	.db #0x7e	; 126
   00B1 D4                  222 	.db #0xd4	; 212
   00B2 90                  223 	.db #0x90	; 144
   00B3 80                  224 	.db #0x80	; 128
   00B4 90                  225 	.db #0x90	; 144
   00B5 80                  226 	.db #0x80	; 128
   00B6 00                  227 	.db #0x00	; 0
   00B7 80                  228 	.db #0x80	; 128
   00B8 00                  229 	.db #0x00	; 0
   00B9 80                  230 	.db #0x80	; 128
   00BA C0                  231 	.db #0xc0	; 192
   00BB BD                  232 	.db #0xbd	; 189
   00BC 3F                  233 	.db #0x3f	; 63
   00BD 3F                  234 	.db #0x3f	; 63
   00BE 7E                  235 	.db #0x7e	; 126
   00BF C0                  236 	.db #0xc0	; 192
   00C0 40                  237 	.db #0x40	; 64
   00C1 00                  238 	.db #0x00	; 0
   00C2 40                  239 	.db #0x40	; 64
   00C3 00                  240 	.db #0x00	; 0
   00C4 00                  241 	.db #0x00	; 0
   00C5 00                  242 	.db #0x00	; 0
   00C6 00                  243 	.db #0x00	; 0
   00C7 00                  244 	.db #0x00	; 0
   00C8 40                  245 	.db #0x40	; 64
   00C9 BD                  246 	.db #0xbd	; 189
   00CA 3F                  247 	.db #0x3f	; 63
   00CB 3F                  248 	.db #0x3f	; 63
   00CC 7E                  249 	.db #0x7e	; 126
   00CD 80                  250 	.db #0x80	; 128
   00CE 00                  251 	.db #0x00	; 0
   00CF 00                  252 	.db #0x00	; 0
   00D0 00                  253 	.db #0x00	; 0
   00D1 00                  254 	.db #0x00	; 0
   00D2 00                  255 	.db #0x00	; 0
   00D3 00                  256 	.db #0x00	; 0
   00D4 00                  257 	.db #0x00	; 0
   00D5 00                  258 	.db #0x00	; 0
   00D6 40                  259 	.db #0x40	; 64
   00D7 BD                  260 	.db #0xbd	; 189
   00D8 3F                  261 	.db #0x3f	; 63
   00D9 3F                  262 	.db #0x3f	; 63
   00DA 7E                  263 	.db #0x7e	; 126
   00DB 80                  264 	.db #0x80	; 128
   00DC 00                  265 	.db #0x00	; 0
   00DD 00                  266 	.db #0x00	; 0
   00DE 00                  267 	.db #0x00	; 0
   00DF 00                  268 	.db #0x00	; 0
   00E0 00                  269 	.db #0x00	; 0
   00E1 00                  270 	.db #0x00	; 0
   00E2 00                  271 	.db #0x00	; 0
   00E3 00                  272 	.db #0x00	; 0
   00E4 40                  273 	.db #0x40	; 64
   00E5 D4                  274 	.db #0xd4	; 212
   00E6 3F                  275 	.db #0x3f	; 63
   00E7 3F                  276 	.db #0x3f	; 63
   00E8 E8                  277 	.db #0xe8	; 232
   00E9 80                  278 	.db #0x80	; 128
   00EA 00                  279 	.db #0x00	; 0
   00EB 00                  280 	.db #0x00	; 0
   00EC 00                  281 	.db #0x00	; 0
   00ED 00                  282 	.db #0x00	; 0
   00EE 00                  283 	.db #0x00	; 0
   00EF 00                  284 	.db #0x00	; 0
   00F0 00                  285 	.db #0x00	; 0
   00F1 00                  286 	.db #0x00	; 0
   00F2 00                  287 	.db #0x00	; 0
   00F3 40                  288 	.db #0x40	; 64
   00F4 FC                  289 	.db #0xfc	; 252
   00F5 FC                  290 	.db #0xfc	; 252
   00F6 80                  291 	.db #0x80	; 128
   00F7 00                  292 	.db #0x00	; 0
   00F8 00                  293 	.db #0x00	; 0
   00F9 00                  294 	.db #0x00	; 0
   00FA 00                  295 	.db #0x00	; 0
   00FB 00                  296 	.db #0x00	; 0
   00FC 00                  297 	.db #0x00	; 0
   00FD 00                  298 	.db #0x00	; 0
   00FE 00                  299 	.db #0x00	; 0
   00FF 00                  300 	.db #0x00	; 0
   0100 00                  301 	.db #0x00	; 0
   0101 00                  302 	.db #0x00	; 0
   0102 90                  303 	.db #0x90	; 144
   0103 60                  304 	.db #0x60	; 96
   0104 00                  305 	.db #0x00	; 0
   0105 00                  306 	.db #0x00	; 0
   0106 00                  307 	.db #0x00	; 0
   0107 00                  308 	.db #0x00	; 0
   0108 00                  309 	.db #0x00	; 0
   0109 00                  310 	.db #0x00	; 0
   010A 00                  311 	.db #0x00	; 0
   010B 00                  312 	.db #0x00	; 0
   010C 00                  313 	.db #0x00	; 0
   010D 00                  314 	.db #0x00	; 0
   010E 00                  315 	.db #0x00	; 0
   010F 00                  316 	.db #0x00	; 0
   0110 40                  317 	.db #0x40	; 64
   0111 80                  318 	.db #0x80	; 128
   0112 00                  319 	.db #0x00	; 0
   0113 00                  320 	.db #0x00	; 0
   0114 00                  321 	.db #0x00	; 0
   0115 00                  322 	.db #0x00	; 0
   0116 00                  323 	.db #0x00	; 0
   0117 00                  324 	.db #0x00	; 0
                            325 	.area _INITIALIZER
                            326 	.area _CABS (ABS)
