                              1 ;--------------------------------------------------------
                              2 ; File Created by SDCC : free open source ANSI-C Compiler
                              3 ; Version 3.6.8 #9946 (Linux)
                              4 ;--------------------------------------------------------
                              5 	.module minion_ship
                              6 	.optsdcc -mz80
                              7 	
                              8 ;--------------------------------------------------------
                              9 ; Public variables in this module
                             10 ;--------------------------------------------------------
                             11 	.globl _sp_minion_ship
                             12 ;--------------------------------------------------------
                             13 ; special function registers
                             14 ;--------------------------------------------------------
                             15 ;--------------------------------------------------------
                             16 ; ram data
                             17 ;--------------------------------------------------------
                             18 	.area _DATA
                             19 ;--------------------------------------------------------
                             20 ; ram data
                             21 ;--------------------------------------------------------
                             22 	.area _INITIALIZED
                             23 ;--------------------------------------------------------
                             24 ; absolute external ram data
                             25 ;--------------------------------------------------------
                             26 	.area _DABS (ABS)
                             27 ;--------------------------------------------------------
                             28 ; global & static initialisations
                             29 ;--------------------------------------------------------
                             30 	.area _HOME
                             31 	.area _GSINIT
                             32 	.area _GSFINAL
                             33 	.area _GSINIT
                             34 ;--------------------------------------------------------
                             35 ; Home
                             36 ;--------------------------------------------------------
                             37 	.area _HOME
                             38 	.area _HOME
                             39 ;--------------------------------------------------------
                             40 ; code
                             41 ;--------------------------------------------------------
                             42 	.area _CODE
                             43 	.area _CODE
   0000                      44 _sp_minion_ship:
   0000 00                   45 	.db #0x00	; 0
   0001 C0                   46 	.db #0xc0	; 192
   0002 00                   47 	.db #0x00	; 0
   0003 00                   48 	.db #0x00	; 0
   0004 00                   49 	.db #0x00	; 0
   0005 C0                   50 	.db #0xc0	; 192
   0006 00                   51 	.db #0x00	; 0
   0007 40                   52 	.db #0x40	; 64
   0008 E8                   53 	.db #0xe8	; 232
   0009 00                   54 	.db #0x00	; 0
   000A 00                   55 	.db #0x00	; 0
   000B 00                   56 	.db #0x00	; 0
   000C D4                   57 	.db #0xd4	; 212
   000D 80                   58 	.db #0x80	; 128
   000E 40                   59 	.db #0x40	; 64
   000F 6A                   60 	.db #0x6a	; 106	'j'
   0010 C0                   61 	.db #0xc0	; 192
   0011 C0                   62 	.db #0xc0	; 192
   0012 C0                   63 	.db #0xc0	; 192
   0013 95                   64 	.db #0x95	; 149
   0014 80                   65 	.db #0x80	; 128
   0015 D4                   66 	.db #0xd4	; 212
   0016 95                   67 	.db #0x95	; 149
   0017 D4                   68 	.db #0xd4	; 212
   0018 FC                   69 	.db #0xfc	; 252
   0019 E8                   70 	.db #0xe8	; 232
   001A 6A                   71 	.db #0x6a	; 106	'j'
   001B E8                   72 	.db #0xe8	; 232
   001C 40                   73 	.db #0x40	; 64
   001D E8                   74 	.db #0xe8	; 232
   001E CA                   75 	.db #0xca	; 202
   001F C0                   76 	.db #0xc0	; 192
   0020 C5                   77 	.db #0xc5	; 197
   0021 D4                   78 	.db #0xd4	; 212
   0022 80                   79 	.db #0x80	; 128
   0023 40                   80 	.db #0x40	; 64
   0024 E8                   81 	.db #0xe8	; 232
   0025 EF                   82 	.db #0xef	; 239
   0026 CF                   83 	.db #0xcf	; 207
   0027 DF                   84 	.db #0xdf	; 223
   0028 D4                   85 	.db #0xd4	; 212
   0029 80                   86 	.db #0x80	; 128
   002A 40                   87 	.db #0x40	; 64
   002B 3F                   88 	.db #0x3f	; 63
   002C D5                   89 	.db #0xd5	; 213
   002D FF                   90 	.db #0xff	; 255
   002E EA                   91 	.db #0xea	; 234
   002F 3F                   92 	.db #0x3f	; 63
   0030 80                   93 	.db #0x80	; 128
   0031 40                   94 	.db #0x40	; 64
   0032 BD                   95 	.db #0xbd	; 189
   0033 6A                   96 	.db #0x6a	; 106	'j'
   0034 C0                   97 	.db #0xc0	; 192
   0035 95                   98 	.db #0x95	; 149
   0036 7E                   99 	.db #0x7e	; 126
   0037 80                  100 	.db #0x80	; 128
   0038 D4                  101 	.db #0xd4	; 212
   0039 D4                  102 	.db #0xd4	; 212
   003A E8                  103 	.db #0xe8	; 232
   003B C0                  104 	.db #0xc0	; 192
   003C D4                  105 	.db #0xd4	; 212
   003D E8                  106 	.db #0xe8	; 232
   003E E8                  107 	.db #0xe8	; 232
   003F D4                  108 	.db #0xd4	; 212
   0040 95                  109 	.db #0x95	; 149
   0041 D4                  110 	.db #0xd4	; 212
   0042 30                  111 	.db #0x30	; 48	'0'
   0043 E8                  112 	.db #0xe8	; 232
   0044 6A                  113 	.db #0x6a	; 106	'j'
   0045 E8                  114 	.db #0xe8	; 232
   0046 40                  115 	.db #0x40	; 64
   0047 6A                  116 	.db #0x6a	; 106	'j'
   0048 40                  117 	.db #0x40	; 64
   0049 C0                  118 	.db #0xc0	; 192
   004A 80                  119 	.db #0x80	; 128
   004B 95                  120 	.db #0x95	; 149
   004C 80                  121 	.db #0x80	; 128
   004D 40                  122 	.db #0x40	; 64
   004E E8                  123 	.db #0xe8	; 232
   004F 00                  124 	.db #0x00	; 0
   0050 00                  125 	.db #0x00	; 0
   0051 00                  126 	.db #0x00	; 0
   0052 D4                  127 	.db #0xd4	; 212
   0053 80                  128 	.db #0x80	; 128
   0054 00                  129 	.db #0x00	; 0
   0055 C0                  130 	.db #0xc0	; 192
   0056 00                  131 	.db #0x00	; 0
   0057 00                  132 	.db #0x00	; 0
   0058 00                  133 	.db #0x00	; 0
   0059 C0                  134 	.db #0xc0	; 192
   005A 00                  135 	.db #0x00	; 0
                            136 	.area _INITIALIZER
                            137 	.area _CABS (ABS)
