                              1 ;--------------------------------------------------------
                              2 ; File Created by SDCC : free open source ANSI-C Compiler
                              3 ; Version 3.6.8 #9946 (Linux)
                              4 ;--------------------------------------------------------
                              5 	.module player_ship
                              6 	.optsdcc -mz80
                              7 	
                              8 ;--------------------------------------------------------
                              9 ; Public variables in this module
                             10 ;--------------------------------------------------------
                             11 	.globl _sp_player_ship
                             12 ;--------------------------------------------------------
                             13 ; special function registers
                             14 ;--------------------------------------------------------
                             15 ;--------------------------------------------------------
                             16 ; ram data
                             17 ;--------------------------------------------------------
                             18 	.area _DATA
                             19 ;--------------------------------------------------------
                             20 ; ram data
                             21 ;--------------------------------------------------------
                             22 	.area _INITIALIZED
                             23 ;--------------------------------------------------------
                             24 ; absolute external ram data
                             25 ;--------------------------------------------------------
                             26 	.area _DABS (ABS)
                             27 ;--------------------------------------------------------
                             28 ; global & static initialisations
                             29 ;--------------------------------------------------------
                             30 	.area _HOME
                             31 	.area _GSINIT
                             32 	.area _GSFINAL
                             33 	.area _GSINIT
                             34 ;--------------------------------------------------------
                             35 ; Home
                             36 ;--------------------------------------------------------
                             37 	.area _HOME
                             38 	.area _HOME
                             39 ;--------------------------------------------------------
                             40 ; code
                             41 ;--------------------------------------------------------
                             42 	.area _CODE
                             43 	.area _CODE
   0000                      44 _sp_player_ship:
   0000 F3                   45 	.db #0xf3	; 243
   0001 F3                   46 	.db #0xf3	; 243
   0002 F3                   47 	.db #0xf3	; 243
   0003 F3                   48 	.db #0xf3	; 243
   0004 C0                   49 	.db #0xc0	; 192
   0005 C0                   50 	.db #0xc0	; 192
   0006 C0                   51 	.db #0xc0	; 192
   0007 C0                   52 	.db #0xc0	; 192
   0008 F3                   53 	.db #0xf3	; 243
   0009 F3                   54 	.db #0xf3	; 243
   000A F3                   55 	.db #0xf3	; 243
   000B F3                   56 	.db #0xf3	; 243
   000C F3                   57 	.db #0xf3	; 243
   000D F3                   58 	.db #0xf3	; 243
   000E E2                   59 	.db #0xe2	; 226
   000F C0                   60 	.db #0xc0	; 192
   0010 E0                   61 	.db #0xe0	; 224
   0011 0F                   62 	.db #0x0f	; 15
   0012 0F                   63 	.db #0x0f	; 15
   0013 D0                   64 	.db #0xd0	; 208
   0014 C0                   65 	.db #0xc0	; 192
   0015 D1                   66 	.db #0xd1	; 209
   0016 F3                   67 	.db #0xf3	; 243
   0017 F3                   68 	.db #0xf3	; 243
   0018 F3                   69 	.db #0xf3	; 243
   0019 E2                   70 	.db #0xe2	; 226
   001A D0                   71 	.db #0xd0	; 208
   001B 5A                   72 	.db #0x5a	; 90	'Z'
   001C C0                   73 	.db #0xc0	; 192
   001D 0F                   74 	.db #0x0f	; 15
   001E 0F                   75 	.db #0x0f	; 15
   001F C0                   76 	.db #0xc0	; 192
   0020 A5                   77 	.db #0xa5	; 165
   0021 E0                   78 	.db #0xe0	; 224
   0022 D1                   79 	.db #0xd1	; 209
   0023 F3                   80 	.db #0xf3	; 243
   0024 F3                   81 	.db #0xf3	; 243
   0025 D0                   82 	.db #0xd0	; 208
   0026 0F                   83 	.db #0x0f	; 15
   0027 5A                   84 	.db #0x5a	; 90	'Z'
   0028 C0                   85 	.db #0xc0	; 192
   0029 0F                   86 	.db #0x0f	; 15
   002A 0F                   87 	.db #0x0f	; 15
   002B C0                   88 	.db #0xc0	; 192
   002C A5                   89 	.db #0xa5	; 165
   002D 0F                   90 	.db #0x0f	; 15
   002E E0                   91 	.db #0xe0	; 224
   002F F3                   92 	.db #0xf3	; 243
   0030 E2                   93 	.db #0xe2	; 226
   0031 A5                   94 	.db #0xa5	; 165
   0032 A5                   95 	.db #0xa5	; 165
   0033 5A                   96 	.db #0x5a	; 90	'Z'
   0034 C5                   97 	.db #0xc5	; 197
   0035 C0                   98 	.db #0xc0	; 192
   0036 C0                   99 	.db #0xc0	; 192
   0037 CA                  100 	.db #0xca	; 202
   0038 A5                  101 	.db #0xa5	; 165
   0039 5A                  102 	.db #0x5a	; 90	'Z'
   003A 5A                  103 	.db #0x5a	; 90	'Z'
   003B D1                  104 	.db #0xd1	; 209
   003C D0                  105 	.db #0xd0	; 208
   003D 0F                  106 	.db #0x0f	; 15
   003E A5                  107 	.db #0xa5	; 165
   003F 5A                  108 	.db #0x5a	; 90	'Z'
   0040 C5                  109 	.db #0xc5	; 197
   0041 FF                  110 	.db #0xff	; 255
   0042 CF                  111 	.db #0xcf	; 207
   0043 CA                  112 	.db #0xca	; 202
   0044 A5                  113 	.db #0xa5	; 165
   0045 5A                  114 	.db #0x5a	; 90	'Z'
   0046 0F                  115 	.db #0x0f	; 15
   0047 E0                  116 	.db #0xe0	; 224
   0048 85                  117 	.db #0x85	; 133
   0049 5A                  118 	.db #0x5a	; 90	'Z'
   004A F0                  119 	.db #0xf0	; 240
   004B A5                  120 	.db #0xa5	; 165
   004C E0                  121 	.db #0xe0	; 224
   004D CF                  122 	.db #0xcf	; 207
   004E CF                  123 	.db #0xcf	; 207
   004F D0                  124 	.db #0xd0	; 208
   0050 5A                  125 	.db #0x5a	; 90	'Z'
   0051 F0                  126 	.db #0xf0	; 240
   0052 A5                  127 	.db #0xa5	; 165
   0053 4A                  128 	.db #0x4a	; 74	'J'
   0054 C0                  129 	.db #0xc0	; 192
   0055 A5                  130 	.db #0xa5	; 165
   0056 A5                  131 	.db #0xa5	; 165
   0057 0F                  132 	.db #0x0f	; 15
   0058 5A                  133 	.db #0x5a	; 90	'Z'
   0059 C0                  134 	.db #0xc0	; 192
   005A C0                  135 	.db #0xc0	; 192
   005B A5                  136 	.db #0xa5	; 165
   005C 0F                  137 	.db #0x0f	; 15
   005D 5A                  138 	.db #0x5a	; 90	'Z'
   005E 5A                  139 	.db #0x5a	; 90	'Z'
   005F C0                  140 	.db #0xc0	; 192
   0060 D0                  141 	.db #0xd0	; 208
   0061 D0                  142 	.db #0xd0	; 208
   0062 0F                  143 	.db #0x0f	; 15
   0063 0F                  144 	.db #0x0f	; 15
   0064 0F                  145 	.db #0x0f	; 15
   0065 F0                  146 	.db #0xf0	; 240
   0066 F0                  147 	.db #0xf0	; 240
   0067 0F                  148 	.db #0x0f	; 15
   0068 0F                  149 	.db #0x0f	; 15
   0069 0F                  150 	.db #0x0f	; 15
   006A E0                  151 	.db #0xe0	; 224
   006B E0                  152 	.db #0xe0	; 224
   006C 85                  153 	.db #0x85	; 133
   006D E0                  154 	.db #0xe0	; 224
   006E D0                  155 	.db #0xd0	; 208
   006F 0F                  156 	.db #0x0f	; 15
   0070 0F                  157 	.db #0x0f	; 15
   0071 0F                  158 	.db #0x0f	; 15
   0072 0F                  159 	.db #0x0f	; 15
   0073 0F                  160 	.db #0x0f	; 15
   0074 0F                  161 	.db #0x0f	; 15
   0075 E0                  162 	.db #0xe0	; 224
   0076 D0                  163 	.db #0xd0	; 208
   0077 4A                  164 	.db #0x4a	; 74	'J'
   0078 D0                  165 	.db #0xd0	; 208
   0079 5A                  166 	.db #0x5a	; 90	'Z'
   007A E0                  167 	.db #0xe0	; 224
   007B C0                  168 	.db #0xc0	; 192
   007C A5                  169 	.db #0xa5	; 165
   007D 0F                  170 	.db #0x0f	; 15
   007E 0F                  171 	.db #0x0f	; 15
   007F 5A                  172 	.db #0x5a	; 90	'Z'
   0080 C0                  173 	.db #0xc0	; 192
   0081 D0                  174 	.db #0xd0	; 208
   0082 A5                  175 	.db #0xa5	; 165
   0083 E0                  176 	.db #0xe0	; 224
   0084 E2                  177 	.db #0xe2	; 226
   0085 A5                  178 	.db #0xa5	; 165
   0086 5A                  179 	.db #0x5a	; 90	'Z'
   0087 F0                  180 	.db #0xf0	; 240
   0088 C0                  181 	.db #0xc0	; 192
   0089 C0                  182 	.db #0xc0	; 192
   008A C0                  183 	.db #0xc0	; 192
   008B C0                  184 	.db #0xc0	; 192
   008C F0                  185 	.db #0xf0	; 240
   008D A5                  186 	.db #0xa5	; 165
   008E 5A                  187 	.db #0x5a	; 90	'Z'
   008F D1                  188 	.db #0xd1	; 209
   0090 F3                  189 	.db #0xf3	; 243
   0091 D0                  190 	.db #0xd0	; 208
   0092 A5                  191 	.db #0xa5	; 165
   0093 0F                  192 	.db #0x0f	; 15
   0094 F0                  193 	.db #0xf0	; 240
   0095 F0                  194 	.db #0xf0	; 240
   0096 F0                  195 	.db #0xf0	; 240
   0097 F0                  196 	.db #0xf0	; 240
   0098 0F                  197 	.db #0x0f	; 15
   0099 5A                  198 	.db #0x5a	; 90	'Z'
   009A E0                  199 	.db #0xe0	; 224
   009B F3                  200 	.db #0xf3	; 243
   009C F3                  201 	.db #0xf3	; 243
   009D E2                  202 	.db #0xe2	; 226
   009E D0                  203 	.db #0xd0	; 208
   009F F0                  204 	.db #0xf0	; 240
   00A0 0F                  205 	.db #0x0f	; 15
   00A1 0F                  206 	.db #0x0f	; 15
   00A2 0F                  207 	.db #0x0f	; 15
   00A3 0F                  208 	.db #0x0f	; 15
   00A4 F0                  209 	.db #0xf0	; 240
   00A5 E0                  210 	.db #0xe0	; 224
   00A6 D1                  211 	.db #0xd1	; 209
   00A7 F3                  212 	.db #0xf3	; 243
   00A8 F3                  213 	.db #0xf3	; 243
   00A9 F3                  214 	.db #0xf3	; 243
   00AA E2                  215 	.db #0xe2	; 226
   00AB C0                  216 	.db #0xc0	; 192
   00AC F0                  217 	.db #0xf0	; 240
   00AD F0                  218 	.db #0xf0	; 240
   00AE F0                  219 	.db #0xf0	; 240
   00AF F0                  220 	.db #0xf0	; 240
   00B0 C0                  221 	.db #0xc0	; 192
   00B1 D1                  222 	.db #0xd1	; 209
   00B2 F3                  223 	.db #0xf3	; 243
   00B3 F3                  224 	.db #0xf3	; 243
   00B4 F3                  225 	.db #0xf3	; 243
   00B5 F3                  226 	.db #0xf3	; 243
   00B6 F3                  227 	.db #0xf3	; 243
   00B7 F3                  228 	.db #0xf3	; 243
   00B8 C0                  229 	.db #0xc0	; 192
   00B9 C0                  230 	.db #0xc0	; 192
   00BA C0                  231 	.db #0xc0	; 192
   00BB C0                  232 	.db #0xc0	; 192
   00BC F3                  233 	.db #0xf3	; 243
   00BD F3                  234 	.db #0xf3	; 243
   00BE F3                  235 	.db #0xf3	; 243
   00BF F3                  236 	.db #0xf3	; 243
                            237 	.area _INITIALIZER
                            238 	.area _CABS (ABS)
