                              1 ;--------------------------------------------------------
                              2 ; File Created by SDCC : free open source ANSI-C Compiler
                              3 ; Version 3.6.8 #9946 (Linux)
                              4 ;--------------------------------------------------------
                              5 	.module tiles
                              6 	.optsdcc -mz80
                              7 	
                              8 ;--------------------------------------------------------
                              9 ; Public variables in this module
                             10 ;--------------------------------------------------------
                             11 	.globl _tiles_11
                             12 	.globl _tiles_10
                             13 	.globl _tiles_09
                             14 	.globl _tiles_08
                             15 	.globl _tiles_07
                             16 	.globl _tiles_06
                             17 	.globl _tiles_05
                             18 	.globl _tiles_04
                             19 	.globl _tiles_03
                             20 	.globl _tiles_02
                             21 	.globl _tiles_01
                             22 	.globl _tiles_00
                             23 ;--------------------------------------------------------
                             24 ; special function registers
                             25 ;--------------------------------------------------------
                             26 ;--------------------------------------------------------
                             27 ; ram data
                             28 ;--------------------------------------------------------
                             29 	.area _DATA
                             30 ;--------------------------------------------------------
                             31 ; ram data
                             32 ;--------------------------------------------------------
                             33 	.area _INITIALIZED
                             34 ;--------------------------------------------------------
                             35 ; absolute external ram data
                             36 ;--------------------------------------------------------
                             37 	.area _DABS (ABS)
                             38 ;--------------------------------------------------------
                             39 ; global & static initialisations
                             40 ;--------------------------------------------------------
                             41 	.area _HOME
                             42 	.area _GSINIT
                             43 	.area _GSFINAL
                             44 	.area _GSINIT
                             45 ;--------------------------------------------------------
                             46 ; Home
                             47 ;--------------------------------------------------------
                             48 	.area _HOME
                             49 	.area _HOME
                             50 ;--------------------------------------------------------
                             51 ; code
                             52 ;--------------------------------------------------------
                             53 	.area _CODE
                             54 	.area _CODE
   0000                      55 _tiles_00:
   0000 5C                   56 	.db #0x5c	; 92
   0001 FC                   57 	.db #0xfc	; 252
   0002 5C                   58 	.db #0x5c	; 92
   0003 FC                   59 	.db #0xfc	; 252
   0004 0C                   60 	.db #0x0c	; 12
   0005 0C                   61 	.db #0x0c	; 12
   0006 0C                   62 	.db #0x0c	; 12
   0007 0C                   63 	.db #0x0c	; 12
   0008 FC                   64 	.db #0xfc	; 252
   0009 5C                   65 	.db #0x5c	; 92
   000A FC                   66 	.db #0xfc	; 252
   000B 5C                   67 	.db #0x5c	; 92
   000C 0C                   68 	.db #0x0c	; 12
   000D 0C                   69 	.db #0x0c	; 12
   000E 0C                   70 	.db #0x0c	; 12
   000F 0C                   71 	.db #0x0c	; 12
   0010 5C                   72 	.db #0x5c	; 92
   0011 FC                   73 	.db #0xfc	; 252
   0012 5C                   74 	.db #0x5c	; 92
   0013 FC                   75 	.db #0xfc	; 252
   0014 0C                   76 	.db #0x0c	; 12
   0015 0C                   77 	.db #0x0c	; 12
   0016 0C                   78 	.db #0x0c	; 12
   0017 0C                   79 	.db #0x0c	; 12
   0018 FC                   80 	.db #0xfc	; 252
   0019 5C                   81 	.db #0x5c	; 92
   001A FC                   82 	.db #0xfc	; 252
   001B 5C                   83 	.db #0x5c	; 92
   001C 0C                   84 	.db #0x0c	; 12
   001D 0C                   85 	.db #0x0c	; 12
   001E 0C                   86 	.db #0x0c	; 12
   001F 0C                   87 	.db #0x0c	; 12
   0020                      88 _tiles_01:
   0020 F2                   89 	.db #0xf2	; 242
   0021 F0                   90 	.db #0xf0	; 240
   0022 F0                   91 	.db #0xf0	; 240
   0023 F1                   92 	.db #0xf1	; 241
   0024 F0                   93 	.db #0xf0	; 240
   0025 F0                   94 	.db #0xf0	; 240
   0026 F0                   95 	.db #0xf0	; 240
   0027 F0                   96 	.db #0xf0	; 240
   0028 F0                   97 	.db #0xf0	; 240
   0029 B0                   98 	.db #0xb0	; 176
   002A F0                   99 	.db #0xf0	; 240
   002B F0                  100 	.db #0xf0	; 240
   002C F0                  101 	.db #0xf0	; 240
   002D F0                  102 	.db #0xf0	; 240
   002E B0                  103 	.db #0xb0	; 176
   002F F0                  104 	.db #0xf0	; 240
   0030 F0                  105 	.db #0xf0	; 240
   0031 70                  106 	.db #0x70	; 112	'p'
   0032 F0                  107 	.db #0xf0	; 240
   0033 F0                  108 	.db #0xf0	; 240
   0034 F2                  109 	.db #0xf2	; 242
   0035 F0                  110 	.db #0xf0	; 240
   0036 F0                  111 	.db #0xf0	; 240
   0037 F1                  112 	.db #0xf1	; 241
   0038 F3                  113 	.db #0xf3	; 243
   0039 E3                  114 	.db #0xe3	; 227
   003A D3                  115 	.db #0xd3	; 211
   003B F3                  116 	.db #0xf3	; 243
   003C F3                  117 	.db #0xf3	; 243
   003D C3                  118 	.db #0xc3	; 195
   003E C3                  119 	.db #0xc3	; 195
   003F F3                  120 	.db #0xf3	; 243
   0040                     121 _tiles_02:
   0040 F3                  122 	.db #0xf3	; 243
   0041 F3                  123 	.db #0xf3	; 243
   0042 F3                  124 	.db #0xf3	; 243
   0043 F3                  125 	.db #0xf3	; 243
   0044 A7                  126 	.db #0xa7	; 167
   0045 F3                  127 	.db #0xf3	; 243
   0046 F3                  128 	.db #0xf3	; 243
   0047 F3                  129 	.db #0xf3	; 243
   0048 F3                  130 	.db #0xf3	; 243
   0049 F3                  131 	.db #0xf3	; 243
   004A F2                  132 	.db #0xf2	; 242
   004B F3                  133 	.db #0xf3	; 243
   004C F3                  134 	.db #0xf3	; 243
   004D F3                  135 	.db #0xf3	; 243
   004E F3                  136 	.db #0xf3	; 243
   004F F3                  137 	.db #0xf3	; 243
   0050 F3                  138 	.db #0xf3	; 243
   0051 F3                  139 	.db #0xf3	; 243
   0052 F3                  140 	.db #0xf3	; 243
   0053 F3                  141 	.db #0xf3	; 243
   0054 F3                  142 	.db #0xf3	; 243
   0055 A7                  143 	.db #0xa7	; 167
   0056 F3                  144 	.db #0xf3	; 243
   0057 F3                  145 	.db #0xf3	; 243
   0058 F2                  146 	.db #0xf2	; 242
   0059 F3                  147 	.db #0xf3	; 243
   005A F3                  148 	.db #0xf3	; 243
   005B F3                  149 	.db #0xf3	; 243
   005C F3                  150 	.db #0xf3	; 243
   005D F3                  151 	.db #0xf3	; 243
   005E F3                  152 	.db #0xf3	; 243
   005F 5B                  153 	.db #0x5b	; 91
   0060                     154 _tiles_03:
   0060 FF                  155 	.db #0xff	; 255
   0061 FF                  156 	.db #0xff	; 255
   0062 FF                  157 	.db #0xff	; 255
   0063 FF                  158 	.db #0xff	; 255
   0064 FF                  159 	.db #0xff	; 255
   0065 FF                  160 	.db #0xff	; 255
   0066 FF                  161 	.db #0xff	; 255
   0067 FF                  162 	.db #0xff	; 255
   0068 FF                  163 	.db #0xff	; 255
   0069 FF                  164 	.db #0xff	; 255
   006A FF                  165 	.db #0xff	; 255
   006B FF                  166 	.db #0xff	; 255
   006C FF                  167 	.db #0xff	; 255
   006D FF                  168 	.db #0xff	; 255
   006E FF                  169 	.db #0xff	; 255
   006F FF                  170 	.db #0xff	; 255
   0070 FF                  171 	.db #0xff	; 255
   0071 FF                  172 	.db #0xff	; 255
   0072 FF                  173 	.db #0xff	; 255
   0073 FF                  174 	.db #0xff	; 255
   0074 FF                  175 	.db #0xff	; 255
   0075 FF                  176 	.db #0xff	; 255
   0076 FF                  177 	.db #0xff	; 255
   0077 FF                  178 	.db #0xff	; 255
   0078 FF                  179 	.db #0xff	; 255
   0079 FF                  180 	.db #0xff	; 255
   007A FF                  181 	.db #0xff	; 255
   007B FF                  182 	.db #0xff	; 255
   007C FF                  183 	.db #0xff	; 255
   007D FF                  184 	.db #0xff	; 255
   007E FF                  185 	.db #0xff	; 255
   007F FF                  186 	.db #0xff	; 255
   0080                     187 _tiles_04:
   0080 FF                  188 	.db #0xff	; 255
   0081 FF                  189 	.db #0xff	; 255
   0082 FF                  190 	.db #0xff	; 255
   0083 FF                  191 	.db #0xff	; 255
   0084 FF                  192 	.db #0xff	; 255
   0085 FF                  193 	.db #0xff	; 255
   0086 FF                  194 	.db #0xff	; 255
   0087 FF                  195 	.db #0xff	; 255
   0088 FF                  196 	.db #0xff	; 255
   0089 FF                  197 	.db #0xff	; 255
   008A FF                  198 	.db #0xff	; 255
   008B FF                  199 	.db #0xff	; 255
   008C FF                  200 	.db #0xff	; 255
   008D FF                  201 	.db #0xff	; 255
   008E FF                  202 	.db #0xff	; 255
   008F FF                  203 	.db #0xff	; 255
   0090 FF                  204 	.db #0xff	; 255
   0091 FF                  205 	.db #0xff	; 255
   0092 FF                  206 	.db #0xff	; 255
   0093 FF                  207 	.db #0xff	; 255
   0094 FF                  208 	.db #0xff	; 255
   0095 FF                  209 	.db #0xff	; 255
   0096 FF                  210 	.db #0xff	; 255
   0097 FF                  211 	.db #0xff	; 255
   0098 FF                  212 	.db #0xff	; 255
   0099 FF                  213 	.db #0xff	; 255
   009A FF                  214 	.db #0xff	; 255
   009B FF                  215 	.db #0xff	; 255
   009C FF                  216 	.db #0xff	; 255
   009D FF                  217 	.db #0xff	; 255
   009E FF                  218 	.db #0xff	; 255
   009F FF                  219 	.db #0xff	; 255
   00A0                     220 _tiles_05:
   00A0 FF                  221 	.db #0xff	; 255
   00A1 FF                  222 	.db #0xff	; 255
   00A2 FF                  223 	.db #0xff	; 255
   00A3 FF                  224 	.db #0xff	; 255
   00A4 FF                  225 	.db #0xff	; 255
   00A5 FF                  226 	.db #0xff	; 255
   00A6 FF                  227 	.db #0xff	; 255
   00A7 FF                  228 	.db #0xff	; 255
   00A8 FF                  229 	.db #0xff	; 255
   00A9 FF                  230 	.db #0xff	; 255
   00AA FF                  231 	.db #0xff	; 255
   00AB FF                  232 	.db #0xff	; 255
   00AC FF                  233 	.db #0xff	; 255
   00AD FF                  234 	.db #0xff	; 255
   00AE FF                  235 	.db #0xff	; 255
   00AF FF                  236 	.db #0xff	; 255
   00B0 FF                  237 	.db #0xff	; 255
   00B1 FF                  238 	.db #0xff	; 255
   00B2 FF                  239 	.db #0xff	; 255
   00B3 FF                  240 	.db #0xff	; 255
   00B4 FF                  241 	.db #0xff	; 255
   00B5 FF                  242 	.db #0xff	; 255
   00B6 FF                  243 	.db #0xff	; 255
   00B7 FF                  244 	.db #0xff	; 255
   00B8 FF                  245 	.db #0xff	; 255
   00B9 FF                  246 	.db #0xff	; 255
   00BA FF                  247 	.db #0xff	; 255
   00BB FF                  248 	.db #0xff	; 255
   00BC FF                  249 	.db #0xff	; 255
   00BD FF                  250 	.db #0xff	; 255
   00BE FF                  251 	.db #0xff	; 255
   00BF FF                  252 	.db #0xff	; 255
   00C0                     253 _tiles_06:
   00C0 FF                  254 	.db #0xff	; 255
   00C1 FF                  255 	.db #0xff	; 255
   00C2 FF                  256 	.db #0xff	; 255
   00C3 FF                  257 	.db #0xff	; 255
   00C4 FF                  258 	.db #0xff	; 255
   00C5 FF                  259 	.db #0xff	; 255
   00C6 FF                  260 	.db #0xff	; 255
   00C7 FF                  261 	.db #0xff	; 255
   00C8 FF                  262 	.db #0xff	; 255
   00C9 FF                  263 	.db #0xff	; 255
   00CA FF                  264 	.db #0xff	; 255
   00CB FF                  265 	.db #0xff	; 255
   00CC FF                  266 	.db #0xff	; 255
   00CD FF                  267 	.db #0xff	; 255
   00CE FF                  268 	.db #0xff	; 255
   00CF FF                  269 	.db #0xff	; 255
   00D0 FF                  270 	.db #0xff	; 255
   00D1 FF                  271 	.db #0xff	; 255
   00D2 FF                  272 	.db #0xff	; 255
   00D3 FF                  273 	.db #0xff	; 255
   00D4 FF                  274 	.db #0xff	; 255
   00D5 FF                  275 	.db #0xff	; 255
   00D6 FF                  276 	.db #0xff	; 255
   00D7 FF                  277 	.db #0xff	; 255
   00D8 FF                  278 	.db #0xff	; 255
   00D9 FF                  279 	.db #0xff	; 255
   00DA FF                  280 	.db #0xff	; 255
   00DB FF                  281 	.db #0xff	; 255
   00DC FF                  282 	.db #0xff	; 255
   00DD FF                  283 	.db #0xff	; 255
   00DE FF                  284 	.db #0xff	; 255
   00DF FF                  285 	.db #0xff	; 255
   00E0                     286 _tiles_07:
   00E0 FF                  287 	.db #0xff	; 255
   00E1 FF                  288 	.db #0xff	; 255
   00E2 FF                  289 	.db #0xff	; 255
   00E3 FF                  290 	.db #0xff	; 255
   00E4 FF                  291 	.db #0xff	; 255
   00E5 FF                  292 	.db #0xff	; 255
   00E6 FF                  293 	.db #0xff	; 255
   00E7 FF                  294 	.db #0xff	; 255
   00E8 FF                  295 	.db #0xff	; 255
   00E9 FF                  296 	.db #0xff	; 255
   00EA FF                  297 	.db #0xff	; 255
   00EB FF                  298 	.db #0xff	; 255
   00EC FF                  299 	.db #0xff	; 255
   00ED FF                  300 	.db #0xff	; 255
   00EE FF                  301 	.db #0xff	; 255
   00EF FF                  302 	.db #0xff	; 255
   00F0 FF                  303 	.db #0xff	; 255
   00F1 FF                  304 	.db #0xff	; 255
   00F2 FF                  305 	.db #0xff	; 255
   00F3 FF                  306 	.db #0xff	; 255
   00F4 FF                  307 	.db #0xff	; 255
   00F5 FF                  308 	.db #0xff	; 255
   00F6 FF                  309 	.db #0xff	; 255
   00F7 FF                  310 	.db #0xff	; 255
   00F8 FF                  311 	.db #0xff	; 255
   00F9 FF                  312 	.db #0xff	; 255
   00FA FF                  313 	.db #0xff	; 255
   00FB FF                  314 	.db #0xff	; 255
   00FC FF                  315 	.db #0xff	; 255
   00FD FF                  316 	.db #0xff	; 255
   00FE FF                  317 	.db #0xff	; 255
   00FF FF                  318 	.db #0xff	; 255
   0100                     319 _tiles_08:
   0100 FF                  320 	.db #0xff	; 255
   0101 FF                  321 	.db #0xff	; 255
   0102 FF                  322 	.db #0xff	; 255
   0103 FF                  323 	.db #0xff	; 255
   0104 FF                  324 	.db #0xff	; 255
   0105 FF                  325 	.db #0xff	; 255
   0106 FF                  326 	.db #0xff	; 255
   0107 FF                  327 	.db #0xff	; 255
   0108 FF                  328 	.db #0xff	; 255
   0109 FF                  329 	.db #0xff	; 255
   010A FF                  330 	.db #0xff	; 255
   010B FF                  331 	.db #0xff	; 255
   010C FF                  332 	.db #0xff	; 255
   010D FF                  333 	.db #0xff	; 255
   010E FF                  334 	.db #0xff	; 255
   010F FF                  335 	.db #0xff	; 255
   0110 FF                  336 	.db #0xff	; 255
   0111 FF                  337 	.db #0xff	; 255
   0112 FF                  338 	.db #0xff	; 255
   0113 FF                  339 	.db #0xff	; 255
   0114 FF                  340 	.db #0xff	; 255
   0115 FF                  341 	.db #0xff	; 255
   0116 FF                  342 	.db #0xff	; 255
   0117 FF                  343 	.db #0xff	; 255
   0118 FF                  344 	.db #0xff	; 255
   0119 FF                  345 	.db #0xff	; 255
   011A FF                  346 	.db #0xff	; 255
   011B FF                  347 	.db #0xff	; 255
   011C FF                  348 	.db #0xff	; 255
   011D FF                  349 	.db #0xff	; 255
   011E FF                  350 	.db #0xff	; 255
   011F FF                  351 	.db #0xff	; 255
   0120                     352 _tiles_09:
   0120 FF                  353 	.db #0xff	; 255
   0121 FF                  354 	.db #0xff	; 255
   0122 FF                  355 	.db #0xff	; 255
   0123 FF                  356 	.db #0xff	; 255
   0124 FF                  357 	.db #0xff	; 255
   0125 FF                  358 	.db #0xff	; 255
   0126 FF                  359 	.db #0xff	; 255
   0127 FF                  360 	.db #0xff	; 255
   0128 FF                  361 	.db #0xff	; 255
   0129 FF                  362 	.db #0xff	; 255
   012A FF                  363 	.db #0xff	; 255
   012B FF                  364 	.db #0xff	; 255
   012C FF                  365 	.db #0xff	; 255
   012D FF                  366 	.db #0xff	; 255
   012E FF                  367 	.db #0xff	; 255
   012F FF                  368 	.db #0xff	; 255
   0130 FF                  369 	.db #0xff	; 255
   0131 FF                  370 	.db #0xff	; 255
   0132 FF                  371 	.db #0xff	; 255
   0133 FF                  372 	.db #0xff	; 255
   0134 FF                  373 	.db #0xff	; 255
   0135 FF                  374 	.db #0xff	; 255
   0136 FF                  375 	.db #0xff	; 255
   0137 FF                  376 	.db #0xff	; 255
   0138 FF                  377 	.db #0xff	; 255
   0139 FF                  378 	.db #0xff	; 255
   013A FF                  379 	.db #0xff	; 255
   013B FF                  380 	.db #0xff	; 255
   013C FF                  381 	.db #0xff	; 255
   013D FF                  382 	.db #0xff	; 255
   013E FF                  383 	.db #0xff	; 255
   013F FF                  384 	.db #0xff	; 255
   0140                     385 _tiles_10:
   0140 FF                  386 	.db #0xff	; 255
   0141 FF                  387 	.db #0xff	; 255
   0142 FF                  388 	.db #0xff	; 255
   0143 FF                  389 	.db #0xff	; 255
   0144 FF                  390 	.db #0xff	; 255
   0145 FF                  391 	.db #0xff	; 255
   0146 FF                  392 	.db #0xff	; 255
   0147 FF                  393 	.db #0xff	; 255
   0148 FF                  394 	.db #0xff	; 255
   0149 FF                  395 	.db #0xff	; 255
   014A FF                  396 	.db #0xff	; 255
   014B FF                  397 	.db #0xff	; 255
   014C FF                  398 	.db #0xff	; 255
   014D FF                  399 	.db #0xff	; 255
   014E FF                  400 	.db #0xff	; 255
   014F FF                  401 	.db #0xff	; 255
   0150 FF                  402 	.db #0xff	; 255
   0151 FF                  403 	.db #0xff	; 255
   0152 FF                  404 	.db #0xff	; 255
   0153 FF                  405 	.db #0xff	; 255
   0154 FF                  406 	.db #0xff	; 255
   0155 FF                  407 	.db #0xff	; 255
   0156 FF                  408 	.db #0xff	; 255
   0157 FF                  409 	.db #0xff	; 255
   0158 FF                  410 	.db #0xff	; 255
   0159 FF                  411 	.db #0xff	; 255
   015A FF                  412 	.db #0xff	; 255
   015B FF                  413 	.db #0xff	; 255
   015C FF                  414 	.db #0xff	; 255
   015D FF                  415 	.db #0xff	; 255
   015E FF                  416 	.db #0xff	; 255
   015F FF                  417 	.db #0xff	; 255
   0160                     418 _tiles_11:
   0160 FF                  419 	.db #0xff	; 255
   0161 FF                  420 	.db #0xff	; 255
   0162 FF                  421 	.db #0xff	; 255
   0163 FF                  422 	.db #0xff	; 255
   0164 FF                  423 	.db #0xff	; 255
   0165 FF                  424 	.db #0xff	; 255
   0166 FF                  425 	.db #0xff	; 255
   0167 FF                  426 	.db #0xff	; 255
   0168 FF                  427 	.db #0xff	; 255
   0169 FF                  428 	.db #0xff	; 255
   016A FF                  429 	.db #0xff	; 255
   016B FF                  430 	.db #0xff	; 255
   016C FF                  431 	.db #0xff	; 255
   016D FF                  432 	.db #0xff	; 255
   016E FF                  433 	.db #0xff	; 255
   016F FF                  434 	.db #0xff	; 255
   0170 FF                  435 	.db #0xff	; 255
   0171 FF                  436 	.db #0xff	; 255
   0172 FF                  437 	.db #0xff	; 255
   0173 FF                  438 	.db #0xff	; 255
   0174 FF                  439 	.db #0xff	; 255
   0175 FF                  440 	.db #0xff	; 255
   0176 FF                  441 	.db #0xff	; 255
   0177 FF                  442 	.db #0xff	; 255
   0178 FF                  443 	.db #0xff	; 255
   0179 FF                  444 	.db #0xff	; 255
   017A FF                  445 	.db #0xff	; 255
   017B FF                  446 	.db #0xff	; 255
   017C FF                  447 	.db #0xff	; 255
   017D FF                  448 	.db #0xff	; 255
   017E FF                  449 	.db #0xff	; 255
   017F FF                  450 	.db #0xff	; 255
                            451 	.area _INITIALIZER
                            452 	.area _CABS (ABS)
